<?xml version="1.0" encoding="UTF-8"?>
<TestRun id="982b6dbd-cd6a-46e7-976d-7818cf9e9403" name="Frank Adcock@MONARCH3 2014-03-09 10:36:42" runUser="MONARCH3\Frank Adcock" xmlns="http://microsoft.com/schemas/VisualStudio/TeamTest/2010">
  <TestSettings name="Default Test Settings" id="436a563a-a343-42ea-ad13-d9d153f60f2c">
    <Deployment runDeploymentRoot="Frank Adcock_MONARCH3 2014-03-09 10_36_42">
      <DeploymentItem filename="C:\bl_cs_common\trunk\SharedLibs\log4net\Release\log4net.dll" />
      <DeploymentItem filename="C:\Program Files\Gallio\bin\Gallio35.dll" />
      <DeploymentItem filename="C:\Program Files\Gallio\bin\MbUnit.dll" />
      <DeploymentItem filename="C:\bl_cs_common\trunk\SharedLibs\Typemock\Typemock.ArrangeActAssert.dll" />
      <DeploymentItem filename="C:\bl_cs_common\trunk\BushLifeCommon\bin\Debug\BushLifeCommon.dll" />
      <DeploymentItem filename="C:\Program Files\Gallio\bin\MbUnit35.dll" />
      <DeploymentItem filename="C:\Program Files\Gallio\bin\Gallio.dll" />
      <DeploymentItem filename="C:\bl_cs_common\trunk\SharedLibs\Typemock\TypeMock.dll" />
      <DeploymentItem filename="C:\Program Files (x86)\PostSharp 2.1\Reference Assemblies\.NET Framework 2.0\PostSharp.dll" />
    </Deployment>
    <Execution>
      <TestTypeSpecific />
      <AgentRule name="Execution Agents">
      </AgentRule>
    </Execution>
  </TestSettings>
  <Times creation="2014-03-09T10:36:42.6513672+11:00" queuing="2014-03-09T10:36:54.2607422+11:00" start="2014-03-09T10:36:54.4482422+11:00" finish="2014-03-09T10:37:11.6044922+11:00" />
  <ResultSummary outcome="Aborted">
    <Counters total="291" executed="291" passed="287" error="0" failed="0" timeout="0" aborted="4" inconclusive="0" passedButRunAborted="0" notRunnable="0" notExecuted="0" disconnected="0" warning="0" completed="0" inProgress="4" pending="0" />
  </ResultSummary>
  <TestDefinitions>
    <GallioTestElement name="ExitNullArgumentNullTest" storage="C:\bl_cs_common\trunk\BushLifeCommonTest\bin\Debug\BushLifeCommonTest.dll" id="63633735-3638-6365-3037-623333346537" d3p1:Gallio.TestId="57cc86ec07b334e7" d3p1:Gallio.AssemblyName="BushLifeCommonTest, Version=1.0.0.0, Culture=neutral, PublicKeyToken=null" d3p1:Gallio.NamespaceName="BushLifeCommonTest.BushLife.Aspects" d3p1:Gallio.TypeName="BushLifeCommonTest.BushLife.Aspects.ExitNullArgumentAspectTest" d3p1:Gallio.MemberName="ExitNullArgumentNullTest" d3p1:Gallio.ParameterName="" d3p1:Gallio.Path="C:\bl_cs_common\trunk\BushLifeCommonTest\BushLife\Aspects\ExitNullArgumentAspectTest.cs" d3p1:Gallio.Line="63" d3p1:Gallio.Column="0" xmlns:d3p1="http://www.gallio.org/">
      <Execution id="fe39a094-722f-405f-8439-e31c0b28d9ab" />
      <Properties>
        <Property>
          <Key>TestKind</Key>
          <Value>Test</Value>
        </Property>
        <Property>
          <Key>ExpectedException</Key>
          <Value>System.ArgumentNullException</Value>
        </Property>
      </Properties>
    </GallioTestElement>
    <GallioTestElement name="InvalidAspectExceptionControlTest" storage="C:\bl_cs_common\trunk\BushLifeCommonTest\bin\Debug\BushLifeCommonTest.dll" id="65623566-3663-3362-3038-396563646337" d3p1:Gallio.TestId="f5bec6b3089ecdc7" d3p1:Gallio.AssemblyName="BushLifeCommonTest, Version=1.0.0.0, Culture=neutral, PublicKeyToken=null" d3p1:Gallio.NamespaceName="AU.Com.BushLife.Aspects.ExceptionHandlers" d3p1:Gallio.TypeName="AU.Com.BushLife.Aspects.ExceptionHandlers.InvalidOperationExceptionAspectTest" d3p1:Gallio.MemberName="InvalidAspectExceptionControlTest" d3p1:Gallio.ParameterName="" d3p1:Gallio.Path="C:\bl_cs_common\trunk\BushLifeCommonTest\BushLife\Aspects\ExceptionHandlers\InvalidOperationExceptionAspectTest.cs" d3p1:Gallio.Line="35" d3p1:Gallio.Column="0" xmlns:d3p1="http://www.gallio.org/">
      <Execution id="648f9fd4-9093-45be-8a76-cc5e9af2a2c7" />
      <Properties>
        <Property>
          <Key>TestKind</Key>
          <Value>Test</Value>
        </Property>
        <Property>
          <Key>ExpectedException</Key>
          <Value>System.InvalidOperationException</Value>
        </Property>
      </Properties>
    </GallioTestElement>
    <GallioTestElement name="RectangleContainsPointsTest" storage="C:\bl_cs_common\trunk\BushLifeCommonTest\bin\Debug\BushLifeCommonTest.dll" id="31613635-3266-6264-3035-643735666336" d3p1:Gallio.TestId="56a1f2db05d75fc6" d3p1:Gallio.AssemblyName="BushLifeCommonTest, Version=1.0.0.0, Culture=neutral, PublicKeyToken=null" d3p1:Gallio.NamespaceName="AU.Com.BushLife.Spatial.TwoD" d3p1:Gallio.TypeName="AU.Com.BushLife.Spatial.TwoD.RectangleTest" d3p1:Gallio.MemberName="RectangleContainsPointsTest" d3p1:Gallio.ParameterName="" d3p1:Gallio.Path="C:\bl_cs_common\trunk\BushLifeCommonTest\BushLife\Spatial\TwoD\RectangleTest.cs" d3p1:Gallio.Line="193" d3p1:Gallio.Column="0" xmlns:d3p1="http://www.gallio.org/">
      <Execution id="752200b2-1cf6-4668-be96-1492a10827df" />
      <Properties>
        <Property>
          <Key>TestKind</Key>
          <Value>Test</Value>
        </Property>
      </Properties>
    </GallioTestElement>
    <GallioTestElement name="InvalidAspectExceptionRequiredTest" storage="C:\bl_cs_common\trunk\BushLifeCommonTest\bin\Debug\BushLifeCommonTest.dll" id="65623563-3364-3361-3738-306366623331" d3p1:Gallio.TestId="c5bed3a3780cfb31" d3p1:Gallio.AssemblyName="BushLifeCommonTest, Version=1.0.0.0, Culture=neutral, PublicKeyToken=null" d3p1:Gallio.NamespaceName="AU.Com.BushLife.Aspects.ExceptionHandlers" d3p1:Gallio.TypeName="AU.Com.BushLife.Aspects.ExceptionHandlers.InvalidOperationExceptionAspectTest" d3p1:Gallio.MemberName="InvalidAspectExceptionRequiredTest" d3p1:Gallio.ParameterName="" d3p1:Gallio.Path="C:\bl_cs_common\trunk\BushLifeCommonTest\BushLife\Aspects\ExceptionHandlers\InvalidOperationExceptionAspectTest.cs" d3p1:Gallio.Line="18" d3p1:Gallio.Column="0" xmlns:d3p1="http://www.gallio.org/">
      <Execution id="54ba840f-2086-41db-bc68-7d072c98320c" />
      <Properties>
        <Property>
          <Key>TestKind</Key>
          <Value>Test</Value>
        </Property>
        <Property>
          <Key>ExpectedException</Key>
          <Value>System.IndexOutOfRangeException</Value>
        </Property>
        <Property>
          <Key>ExpectedExceptionMessage</Key>
          <Value>My Exception generated</Value>
        </Property>
      </Properties>
    </GallioTestElement>
    <UnitTest name="Log4NetBasicTest" storage="c:\bl_cs_common\trunk\bushlifecommontest\bin\debug\bushlifecommontest.dll" id="24f1c5e5-ff6e-e31f-b3ca-9f7b5028b18d">
      <DeploymentItems>
        <DeploymentItem filename="log4net.Config" />
      </DeploymentItems>
      <Execution id="9af40a14-6aef-400d-b065-58ca6c6e2ac8" />
      <TestMethod codeBase="C:/bl_cs_common/trunk/BushLifeCommonTest/bin/Debug/BushLifeCommonTest.DLL" adapterTypeName="Microsoft.VisualStudio.TestTools.TestTypes.Unit.UnitTestAdapter, Microsoft.VisualStudio.QualityTools.Tips.UnitTest.Adapter, Version=10.0.0.0, Culture=neutral, PublicKeyToken=b03f5f7f11d50a3a" className="AU.Com.BushLife.Aspects.Log4NetLoggerBasicTest, BushLifeCommonTest, Version=1.0.0.0, Culture=neutral, PublicKeyToken=null" name="Log4NetBasicTest" />
    </UnitTest>
    <GallioTestElement name="TestChainOfCommandWorks" storage="C:\bl_cs_common\trunk\BushLifeCommonTest\bin\Debug\BushLifeCommonTest.dll" id="35353039-3361-3064-3562-643861613130" d3p1:Gallio.TestId="9055a3d05bd8aa10" d3p1:Gallio.AssemblyName="BushLifeCommonTest, Version=1.0.0.0, Culture=neutral, PublicKeyToken=null" d3p1:Gallio.NamespaceName="AU.Com.BushLife.Patterns" d3p1:Gallio.TypeName="AU.Com.BushLife.Patterns.ChainOfCommandTest" d3p1:Gallio.MemberName="TestChainOfCommandWorks" d3p1:Gallio.ParameterName="" d3p1:Gallio.Path="C:\bl_cs_common\trunk\BushLifeCommonTest\BushLife\Patterns\ChainOfCommandTest.cs" d3p1:Gallio.Line="137" d3p1:Gallio.Column="0" xmlns:d3p1="http://www.gallio.org/">
      <Execution id="11272514-12a2-4a7c-b35e-26f032da07a9" />
      <Properties>
        <Property>
          <Key>TestKind</Key>
          <Value>Test</Value>
        </Property>
      </Properties>
    </GallioTestElement>
    <GallioTestElement name="TestChainOfCommandFails" storage="C:\bl_cs_common\trunk\BushLifeCommonTest\bin\Debug\BushLifeCommonTest.dll" id="34643439-6563-6335-3332-656132303033" d3p1:Gallio.TestId="94d4ce5c32ea2003" d3p1:Gallio.AssemblyName="BushLifeCommonTest, Version=1.0.0.0, Culture=neutral, PublicKeyToken=null" d3p1:Gallio.NamespaceName="AU.Com.BushLife.Patterns" d3p1:Gallio.TypeName="AU.Com.BushLife.Patterns.ChainOfCommandTest" d3p1:Gallio.MemberName="TestChainOfCommandFails" d3p1:Gallio.ParameterName="" d3p1:Gallio.Path="C:\bl_cs_common\trunk\BushLifeCommonTest\BushLife\Patterns\ChainOfCommandTest.cs" d3p1:Gallio.Line="153" d3p1:Gallio.Column="0" xmlns:d3p1="http://www.gallio.org/">
      <Execution id="975b74fa-63e4-4bb6-b74c-2e94882a7709" />
      <Properties>
        <Property>
          <Key>TestKind</Key>
          <Value>Test</Value>
        </Property>
      </Properties>
    </GallioTestElement>
    <GallioTestElement name="TestRotate" storage="C:\bl_cs_common\trunk\BushLifeCommonTest\bin\Debug\BushLifeCommonTest.dll" id="31396165-6162-3231-3536-346436633763" d3p1:Gallio.TestId="ea91ba12564d6c7c" d3p1:Gallio.AssemblyName="BushLifeCommonTest, Version=1.0.0.0, Culture=neutral, PublicKeyToken=null" d3p1:Gallio.NamespaceName="AU.Com.BushLife.Spatial.TwoD" d3p1:Gallio.TypeName="AU.Com.BushLife.Spatial.TwoD.PointTest" d3p1:Gallio.MemberName="TestRotate" d3p1:Gallio.ParameterName="" d3p1:Gallio.Path="C:\bl_cs_common\trunk\BushLifeCommonTest\BushLife\Spatial\TwoD\PointTest.cs" d3p1:Gallio.Line="166" d3p1:Gallio.Column="0" xmlns:d3p1="http://www.gallio.org/">
      <Execution id="7bed7311-e700-448e-8078-c27856d60ebb" />
      <Properties>
        <Property>
          <Key>TestKind</Key>
          <Value>Test</Value>
        </Property>
      </Properties>
    </GallioTestElement>
    <GallioTestElement name="ExitNullArgumentValidLevel3Test" storage="C:\bl_cs_common\trunk\BushLifeCommonTest\bin\Debug\BushLifeCommonTest.dll" id="65366332-3862-3866-3063-356261303232" d3p1:Gallio.TestId="2c6eb8f80c5ba022" d3p1:Gallio.AssemblyName="BushLifeCommonTest, Version=1.0.0.0, Culture=neutral, PublicKeyToken=null" d3p1:Gallio.NamespaceName="BushLifeCommonTest.BushLife.Aspects" d3p1:Gallio.TypeName="BushLifeCommonTest.BushLife.Aspects.ExitNullArgumentAspectTest" d3p1:Gallio.MemberName="ExitNullArgumentValidLevel3Test" d3p1:Gallio.ParameterName="" d3p1:Gallio.Path="C:\bl_cs_common\trunk\BushLifeCommonTest\BushLife\Aspects\ExitNullArgumentAspectTest.cs" d3p1:Gallio.Line="53" d3p1:Gallio.Column="0" xmlns:d3p1="http://www.gallio.org/">
      <Execution id="11138672-9ee0-46a5-903b-6bc7eac47bb3" />
      <Properties>
        <Property>
          <Key>TestKind</Key>
          <Value>Test</Value>
        </Property>
      </Properties>
    </GallioTestElement>
    <UnitTest name="Log4NetAspectTest1" storage="c:\bl_cs_common\trunk\bushlifecommontest\bin\debug\bushlifecommontest.dll" id="d38578b8-d835-a7c9-062a-af6c27e1a106">
      <DeploymentItems>
        <DeploymentItem filename="log4net.Config" />
      </DeploymentItems>
      <Execution id="77c4ff39-a4e0-478d-98ce-fccf2edd0109" />
      <TestMethod codeBase="C:/bl_cs_common/trunk/BushLifeCommonTest/bin/Debug/BushLifeCommonTest.DLL" adapterTypeName="Microsoft.VisualStudio.TestTools.TestTypes.Unit.UnitTestAdapter, Microsoft.VisualStudio.QualityTools.Tips.UnitTest.Adapter, Version=10.0.0.0, Culture=neutral, PublicKeyToken=b03f5f7f11d50a3a" className="AU.Com.BushLife.Aspects.Log4NetLoggerAspectTest, BushLifeCommonTest, Version=1.0.0.0, Culture=neutral, PublicKeyToken=null" name="Log4NetAspectTest1" />
    </UnitTest>
    <GallioTestElement name="ExitNullArgumentValidLevel2Test" storage="C:\bl_cs_common\trunk\BushLifeCommonTest\bin\Debug\BushLifeCommonTest.dll" id="33613061-3438-3966-3961-333335306320" d3p1:Gallio.TestId="a0a384f99a3350c" d3p1:Gallio.AssemblyName="BushLifeCommonTest, Version=1.0.0.0, Culture=neutral, PublicKeyToken=null" d3p1:Gallio.NamespaceName="BushLifeCommonTest.BushLife.Aspects" d3p1:Gallio.TypeName="BushLifeCommonTest.BushLife.Aspects.ExitNullArgumentAspectTest" d3p1:Gallio.MemberName="ExitNullArgumentValidLevel2Test" d3p1:Gallio.ParameterName="" d3p1:Gallio.Path="C:\bl_cs_common\trunk\BushLifeCommonTest\BushLife\Aspects\ExitNullArgumentAspectTest.cs" d3p1:Gallio.Line="45" d3p1:Gallio.Column="0" xmlns:d3p1="http://www.gallio.org/">
      <Execution id="5e025713-8d27-479e-ae03-7c103213466d" />
      <Properties>
        <Property>
          <Key>TestKind</Key>
          <Value>Test</Value>
        </Property>
      </Properties>
    </GallioTestElement>
    <GallioTestElement name="Intersection3DTest" storage="C:\bl_cs_common\trunk\BushLifeCommonTest\bin\Debug\BushLifeCommonTest.dll" id="37386363-6339-3064-6434-376234336465" d3p1:Gallio.TestId="cc879cd0d47b43de" d3p1:Gallio.AssemblyName="BushLifeCommonTest, Version=1.0.0.0, Culture=neutral, PublicKeyToken=null" d3p1:Gallio.NamespaceName="AU.Com.BushLife.Spatial.ThreeD" d3p1:Gallio.TypeName="AU.Com.BushLife.Spatial.ThreeD.Line3DTest" d3p1:Gallio.MemberName="Intersection3DTest" d3p1:Gallio.ParameterName="" d3p1:Gallio.Path="C:\bl_cs_common\trunk\BushLifeCommonTest\BushLife\Spatial\ThreeD\Line3DTest.cs" d3p1:Gallio.Line="28" d3p1:Gallio.Column="0" xmlns:d3p1="http://www.gallio.org/">
      <Execution id="286b7f6d-3457-4ee9-9e3a-9371bee8d6d3" />
      <Properties>
        <Property>
          <Key>TestKind</Key>
          <Value>Test</Value>
        </Property>
      </Properties>
    </GallioTestElement>
    <GallioTestElement name="IntersectionTest" storage="C:\bl_cs_common\trunk\BushLifeCommonTest\bin\Debug\BushLifeCommonTest.dll" id="61333965-3332-6232-6333-393031633262" d3p1:Gallio.TestId="e93a232bc3901c2b" d3p1:Gallio.AssemblyName="BushLifeCommonTest, Version=1.0.0.0, Culture=neutral, PublicKeyToken=null" d3p1:Gallio.NamespaceName="AU.Com.BushLife.Spatial.TwoD" d3p1:Gallio.TypeName="AU.Com.BushLife.Spatial.TwoD.LineTest" d3p1:Gallio.MemberName="IntersectionTest" d3p1:Gallio.ParameterName="" d3p1:Gallio.Path="C:\bl_cs_common\trunk\BushLifeCommonTest\BushLife\Spatial\TwoD\LineTest.cs" d3p1:Gallio.Line="91" d3p1:Gallio.Column="0" xmlns:d3p1="http://www.gallio.org/">
      <Execution id="a44ee928-d032-49a7-a1e7-3609911768cc" />
      <Properties>
        <Property>
          <Key>TestKind</Key>
          <Value>Test</Value>
        </Property>
      </Properties>
    </GallioTestElement>
    <GallioTestElement name="GetPathTest" storage="C:\bl_cs_common\trunk\BushLifeCommonTest\bin\Debug\BushLifeCommonTest.dll" id="32343061-3930-6562-3864-313261356663" d3p1:Gallio.TestId="a04209be8d12a5fc" d3p1:Gallio.AssemblyName="BushLifeCommonTest, Version=1.0.0.0, Culture=neutral, PublicKeyToken=null" d3p1:Gallio.NamespaceName="AU.Com.BushLife.Framework.Expressions" d3p1:Gallio.TypeName="AU.Com.BushLife.Framework.Expressions.ExpressionUtilsTest" d3p1:Gallio.MemberName="GetPathTest" d3p1:Gallio.ParameterName="" d3p1:Gallio.Path="C:\bl_cs_common\trunk\BushLifeCommonTest\BushLife\Framework\Expressions\ExpressionUtilsTest.cs" d3p1:Gallio.Line="21" d3p1:Gallio.Column="0" xmlns:d3p1="http://www.gallio.org/">
      <Execution id="a8bf5369-c63b-4c13-ac16-71f6a891b3e8" />
      <Properties>
        <Property>
          <Key>TestKind</Key>
          <Value>Test</Value>
        </Property>
      </Properties>
    </GallioTestElement>
    <GallioTestElement name="IntersectingTest" storage="C:\bl_cs_common\trunk\BushLifeCommonTest\bin\Debug\BushLifeCommonTest.dll" id="35373938-3738-6362-6239-656431383065" d3p1:Gallio.TestId="897587bcb9ed180e" d3p1:Gallio.AssemblyName="BushLifeCommonTest, Version=1.0.0.0, Culture=neutral, PublicKeyToken=null" d3p1:Gallio.NamespaceName="AU.Com.BushLife.Spatial.TwoD" d3p1:Gallio.TypeName="AU.Com.BushLife.Spatial.TwoD.LineTest" d3p1:Gallio.MemberName="IntersectingTest" d3p1:Gallio.ParameterName="" d3p1:Gallio.Path="C:\bl_cs_common\trunk\BushLifeCommonTest\BushLife\Spatial\TwoD\LineTest.cs" d3p1:Gallio.Line="59" d3p1:Gallio.Column="0" xmlns:d3p1="http://www.gallio.org/">
      <Execution id="32462930-1efa-47f2-966d-04f4107e8d54" />
      <Properties>
        <Property>
          <Key>TestKind</Key>
          <Value>Test</Value>
        </Property>
      </Properties>
    </GallioTestElement>
    <GallioTestElement name="ExitNullArgumentValidTest" storage="C:\bl_cs_common\trunk\BushLifeCommonTest\bin\Debug\BushLifeCommonTest.dll" id="31333136-3534-3239-3339-393839636632" d3p1:Gallio.TestId="6131459239989cf2" d3p1:Gallio.AssemblyName="BushLifeCommonTest, Version=1.0.0.0, Culture=neutral, PublicKeyToken=null" d3p1:Gallio.NamespaceName="BushLifeCommonTest.BushLife.Aspects" d3p1:Gallio.TypeName="BushLifeCommonTest.BushLife.Aspects.ExitNullArgumentAspectTest" d3p1:Gallio.MemberName="ExitNullArgumentValidTest" d3p1:Gallio.ParameterName="" d3p1:Gallio.Path="C:\bl_cs_common\trunk\BushLifeCommonTest\BushLife\Aspects\ExitNullArgumentAspectTest.cs" d3p1:Gallio.Line="38" d3p1:Gallio.Column="0" xmlns:d3p1="http://www.gallio.org/">
      <Execution id="36af719c-ff69-4fb3-bbf3-ad921e06204a" />
      <Properties>
        <Property>
          <Key>TestKind</Key>
          <Value>Test</Value>
        </Property>
      </Properties>
    </GallioTestElement>
    <GallioTestElement name="TestChainOfCommandWorksNullContext" storage="C:\bl_cs_common\trunk\BushLifeCommonTest\bin\Debug\BushLifeCommonTest.dll" id="38363263-3336-3162-3339-386332633039" d3p1:Gallio.TestId="c26863b1398c2c09" d3p1:Gallio.AssemblyName="BushLifeCommonTest, Version=1.0.0.0, Culture=neutral, PublicKeyToken=null" d3p1:Gallio.NamespaceName="AU.Com.BushLife.Patterns" d3p1:Gallio.TypeName="AU.Com.BushLife.Patterns.ChainOfCommandTest" d3p1:Gallio.MemberName="TestChainOfCommandWorksNullContext" d3p1:Gallio.ParameterName="" d3p1:Gallio.Path="C:\bl_cs_common\trunk\BushLifeCommonTest\BushLife\Patterns\ChainOfCommandTest.cs" d3p1:Gallio.Line="130" d3p1:Gallio.Column="0" xmlns:d3p1="http://www.gallio.org/">
      <Execution id="ae88e2c3-4a92-4eb9-adb2-444d77138249" />
      <Properties>
        <Property>
          <Key>TestKind</Key>
          <Value>Test</Value>
        </Property>
      </Properties>
    </GallioTestElement>
    <GallioTestElement name="EntryNullArgumentAspectValidTest" storage="C:\bl_cs_common\trunk\BushLifeCommonTest\bin\Debug\BushLifeCommonTest.dll" id="61303039-3366-3834-3337-373336383264" d3p1:Gallio.TestId="900af3483773682d" d3p1:Gallio.AssemblyName="BushLifeCommonTest, Version=1.0.0.0, Culture=neutral, PublicKeyToken=null" d3p1:Gallio.NamespaceName="BushLifeCommonTest.BushLife.Aspects" d3p1:Gallio.TypeName="BushLifeCommonTest.BushLife.Aspects.EntryNullArgumentAspectTest" d3p1:Gallio.MemberName="EntryNullArgumentAspectValidTest" d3p1:Gallio.ParameterName="" d3p1:Gallio.Path="C:\bl_cs_common\trunk\BushLifeCommonTest\BushLife\Aspects\EntryNullArgumentAspectTest.cs" d3p1:Gallio.Line="31" d3p1:Gallio.Column="0" xmlns:d3p1="http://www.gallio.org/">
      <Execution id="f229ea04-d7d7-4ecb-b2ff-bc411becff91" />
      <Properties>
        <Property>
          <Key>TestKind</Key>
          <Value>Test</Value>
        </Property>
      </Properties>
    </GallioTestElement>
    <GallioTestElement name="TestPutShortMemory" storage="C:\bl_cs_common\trunk\BushLifeCommonTest\bin\Debug\BushLifeCommonTest.dll" id="35393365-3935-6166-3766-313732643137" d3p1:Gallio.TestId="e39559fa7f172d17" d3p1:Gallio.AssemblyName="BushLifeCommonTest, Version=1.0.0.0, Culture=neutral, PublicKeyToken=null" d3p1:Gallio.NamespaceName="AU.Com.BushLife.Utils" d3p1:Gallio.TypeName="AU.Com.BushLife.Utils.StreamUtilsTest" d3p1:Gallio.MemberName="TestPutShortMemory" d3p1:Gallio.ParameterName="" d3p1:Gallio.Path="C:\bl_cs_common\trunk\BushLifeCommonTest\BushLife\Utils\StreamUtilsTest.cs" d3p1:Gallio.Line="132" d3p1:Gallio.Column="0" xmlns:d3p1="http://www.gallio.org/">
      <Execution id="96e4d879-ea4a-4552-bcad-d7c37fe80303" />
      <Properties>
        <Property>
          <Key>TestKind</Key>
          <Value>Test</Value>
        </Property>
      </Properties>
    </GallioTestElement>
    <GallioTestElement name="LocatePointAtDistanceTest" storage="C:\bl_cs_common\trunk\BushLifeCommonTest\bin\Debug\BushLifeCommonTest.dll" id="30353336-3164-6232-3263-393434623334" d3p1:Gallio.TestId="6350d12b2c944b34" d3p1:Gallio.AssemblyName="BushLifeCommonTest, Version=1.0.0.0, Culture=neutral, PublicKeyToken=null" d3p1:Gallio.NamespaceName="AU.Com.BushLife.Spatial.TwoD" d3p1:Gallio.TypeName="AU.Com.BushLife.Spatial.TwoD.PointTest" d3p1:Gallio.MemberName="LocatePointAtDistanceTest" d3p1:Gallio.ParameterName="" d3p1:Gallio.Path="C:\bl_cs_common\trunk\BushLifeCommonTest\BushLife\Spatial\TwoD\PointTest.cs" d3p1:Gallio.Line="196" d3p1:Gallio.Column="0" xmlns:d3p1="http://www.gallio.org/">
      <Execution id="9d698e89-5d80-4493-b8d3-b80a7aaae1b0" />
      <Properties>
        <Property>
          <Key>TestKind</Key>
          <Value>Test</Value>
        </Property>
      </Properties>
    </GallioTestElement>
    <GallioTestElement name="TestPutByteMemory" storage="C:\bl_cs_common\trunk\BushLifeCommonTest\bin\Debug\BushLifeCommonTest.dll" id="33316538-3231-3937-6536-373633616466" d3p1:Gallio.TestId="8e131279e6763adf" d3p1:Gallio.AssemblyName="BushLifeCommonTest, Version=1.0.0.0, Culture=neutral, PublicKeyToken=null" d3p1:Gallio.NamespaceName="AU.Com.BushLife.Utils" d3p1:Gallio.TypeName="AU.Com.BushLife.Utils.StreamUtilsTest" d3p1:Gallio.MemberName="TestPutByteMemory" d3p1:Gallio.ParameterName="" d3p1:Gallio.Path="C:\bl_cs_common\trunk\BushLifeCommonTest\BushLife\Utils\StreamUtilsTest.cs" d3p1:Gallio.Line="99" d3p1:Gallio.Column="0" xmlns:d3p1="http://www.gallio.org/">
      <Execution id="466e83de-29f5-4342-b559-af0b5806d563" />
      <Properties>
        <Property>
          <Key>TestKind</Key>
          <Value>Test</Value>
        </Property>
      </Properties>
    </GallioTestElement>
    <GallioTestElement name="AntColonyPathAntTest" storage="C:\bl_cs_common\trunk\BushLifeCommonTest\bin\Debug\BushLifeCommonTest.dll" id="64633939-6666-6434-3134-666436393738" d3p1:Gallio.TestId="99cdff4d14fd6978" d3p1:Gallio.AssemblyName="BushLifeCommonTest, Version=1.0.0.0, Culture=neutral, PublicKeyToken=null" d3p1:Gallio.NamespaceName="AU.Com.BushLife.AntColony" d3p1:Gallio.TypeName="AU.Com.BushLife.AntColony.ColonyTest" d3p1:Gallio.MemberName="AntColonyPathAntTest" d3p1:Gallio.ParameterName="" d3p1:Gallio.Path="C:\bl_cs_common\trunk\BushLifeCommonTest\BushLife\AntColony\ColonyTest.cs" d3p1:Gallio.Line="211" d3p1:Gallio.Column="0" xmlns:d3p1="http://www.gallio.org/">
      <Execution id="f0974271-d3dd-44a4-a3ba-d668c94d41a0" />
      <Properties>
        <Property>
          <Key>TestKind</Key>
          <Value>Test</Value>
        </Property>
      </Properties>
    </GallioTestElement>
    <GallioTestElement name="ExtendLineTest" storage="C:\bl_cs_common\trunk\BushLifeCommonTest\bin\Debug\BushLifeCommonTest.dll" id="35623666-6366-3766-3032-353932636637" d3p1:Gallio.TestId="f6b5fcf702592cf7" d3p1:Gallio.AssemblyName="BushLifeCommonTest, Version=1.0.0.0, Culture=neutral, PublicKeyToken=null" d3p1:Gallio.NamespaceName="AU.Com.BushLife.Spatial.TwoD" d3p1:Gallio.TypeName="AU.Com.BushLife.Spatial.TwoD.LineTest" d3p1:Gallio.MemberName="ExtendLineTest" d3p1:Gallio.ParameterName="" d3p1:Gallio.Path="C:\bl_cs_common\trunk\BushLifeCommonTest\BushLife\Spatial\TwoD\LineTest.cs" d3p1:Gallio.Line="209" d3p1:Gallio.Column="0" xmlns:d3p1="http://www.gallio.org/">
      <Execution id="cefa1ad4-4a20-4a19-96cc-8a73e363358c" />
      <Properties>
        <Property>
          <Key>TestKind</Key>
          <Value>Test</Value>
        </Property>
      </Properties>
    </GallioTestElement>
    <GallioTestElement name="CoincidentTest" storage="C:\bl_cs_common\trunk\BushLifeCommonTest\bin\Debug\BushLifeCommonTest.dll" id="39616133-3231-3262-3364-353361656431" d3p1:Gallio.TestId="3aa912b23d53aed1" d3p1:Gallio.AssemblyName="BushLifeCommonTest, Version=1.0.0.0, Culture=neutral, PublicKeyToken=null" d3p1:Gallio.NamespaceName="AU.Com.BushLife.Spatial.TwoD" d3p1:Gallio.TypeName="AU.Com.BushLife.Spatial.TwoD.LineTest" d3p1:Gallio.MemberName="CoincidentTest" d3p1:Gallio.ParameterName="" d3p1:Gallio.Path="C:\bl_cs_common\trunk\BushLifeCommonTest\BushLife\Spatial\TwoD\LineTest.cs" d3p1:Gallio.Line="119" d3p1:Gallio.Column="0" xmlns:d3p1="http://www.gallio.org/">
      <Execution id="9932309d-a04a-4595-8888-639c830a1328" />
      <Properties>
        <Property>
          <Key>TestKind</Key>
          <Value>Test</Value>
        </Property>
      </Properties>
    </GallioTestElement>
    <GallioTestElement name="InvalidAspectExceptionNotRequiredTest" storage="C:\bl_cs_common\trunk\BushLifeCommonTest\bin\Debug\BushLifeCommonTest.dll" id="35393933-3965-6135-3637-633162623461" d3p1:Gallio.TestId="3995e95a67c1bb4a" d3p1:Gallio.AssemblyName="BushLifeCommonTest, Version=1.0.0.0, Culture=neutral, PublicKeyToken=null" d3p1:Gallio.NamespaceName="AU.Com.BushLife.Aspects.ExceptionHandlers" d3p1:Gallio.TypeName="AU.Com.BushLife.Aspects.ExceptionHandlers.InvalidOperationExceptionAspectTest" d3p1:Gallio.MemberName="InvalidAspectExceptionNotRequiredTest" d3p1:Gallio.ParameterName="" d3p1:Gallio.Path="C:\bl_cs_common\trunk\BushLifeCommonTest\BushLife\Aspects\ExceptionHandlers\InvalidOperationExceptionAspectTest.cs" d3p1:Gallio.Line="27" d3p1:Gallio.Column="0" xmlns:d3p1="http://www.gallio.org/">
      <Execution id="a06c010e-788f-4c4e-8b1c-e1821a4bab3b" />
      <Properties>
        <Property>
          <Key>TestKind</Key>
          <Value>Test</Value>
        </Property>
      </Properties>
    </GallioTestElement>
    <GallioTestElement name="CloneTest" storage="C:\bl_cs_common\trunk\BushLifeCommonTest\bin\Debug\BushLifeCommonTest.dll" id="65343538-3165-3164-3932-636465613563" d3p1:Gallio.TestId="854ee1d192cdea5c" d3p1:Gallio.AssemblyName="BushLifeCommonTest, Version=1.0.0.0, Culture=neutral, PublicKeyToken=null" d3p1:Gallio.NamespaceName="AU.Com.BushLife.Spatial.TwoD" d3p1:Gallio.TypeName="AU.Com.BushLife.Spatial.TwoD.LineTest" d3p1:Gallio.MemberName="CloneTest" d3p1:Gallio.ParameterName="" d3p1:Gallio.Path="C:\bl_cs_common\trunk\BushLifeCommonTest\BushLife\Spatial\TwoD\LineTest.cs" d3p1:Gallio.Line="173" d3p1:Gallio.Column="0" xmlns:d3p1="http://www.gallio.org/">
      <Execution id="547d890e-99e8-4751-b297-1490ee9449e9" />
      <Properties>
        <Property>
          <Key>TestKind</Key>
          <Value>Test</Value>
        </Property>
      </Properties>
    </GallioTestElement>
    <GallioTestElement name="ConvertTest" storage="C:\bl_cs_common\trunk\BushLifeCommonTest\bin\Debug\BushLifeCommonTest.dll" id="64383037-6337-6264-6366-396465343664" d3p1:Gallio.TestId="708d7cdbcf9de46d" d3p1:Gallio.AssemblyName="BushLifeCommonTest, Version=1.0.0.0, Culture=neutral, PublicKeyToken=null" d3p1:Gallio.NamespaceName="AU.Com.BushLife.Utils" d3p1:Gallio.TypeName="AU.Com.BushLife.Utils.EnumUtilsTest" d3p1:Gallio.MemberName="ConvertTest" d3p1:Gallio.ParameterName="" d3p1:Gallio.Path="C:\bl_cs_common\trunk\BushLifeCommonTest\BushLife\Utils\EnumUtilsTest.cs" d3p1:Gallio.Line="24" d3p1:Gallio.Column="0" xmlns:d3p1="http://www.gallio.org/">
      <Execution id="55444fc0-76c7-45ab-9d99-0112b151f014" />
      <Properties>
        <Property>
          <Key>TestKind</Key>
          <Value>Test</Value>
        </Property>
      </Properties>
    </GallioTestElement>
    <GallioTestElement name="TestEquals" storage="C:\bl_cs_common\trunk\BushLifeCommonTest\bin\Debug\BushLifeCommonTest.dll" id="36303861-6266-3238-6662-366436633131" d3p1:Gallio.TestId="a806fb82fb6d6c11" d3p1:Gallio.AssemblyName="BushLifeCommonTest, Version=1.0.0.0, Culture=neutral, PublicKeyToken=null" d3p1:Gallio.NamespaceName="AU.Com.BushLife.Spatial.TwoD" d3p1:Gallio.TypeName="AU.Com.BushLife.Spatial.TwoD.PointTest" d3p1:Gallio.MemberName="TestEquals" d3p1:Gallio.ParameterName="" d3p1:Gallio.Path="C:\bl_cs_common\trunk\BushLifeCommonTest\BushLife\Spatial\TwoD\PointTest.cs" d3p1:Gallio.Line="16" d3p1:Gallio.Column="0" xmlns:d3p1="http://www.gallio.org/">
      <Execution id="3dbad8c8-f9d3-4dbc-9ce4-9d871d5e462b" />
      <Properties>
        <Property>
          <Key>TestKind</Key>
          <Value>Test</Value>
        </Property>
      </Properties>
    </GallioTestElement>
    <GallioTestElement name="TestFileIO" storage="C:\bl_cs_common\trunk\BushLifeCommonTest\bin\Debug\BushLifeCommonTest.dll" id="34336634-6538-6336-3330-313339356536" d3p1:Gallio.TestId="4f348e6c301395e6" d3p1:Gallio.AssemblyName="BushLifeCommonTest, Version=1.0.0.0, Culture=neutral, PublicKeyToken=null" d3p1:Gallio.NamespaceName="AU.Com.BushLife.Utils" d3p1:Gallio.TypeName="AU.Com.BushLife.Utils.StreamUtilsTest" d3p1:Gallio.MemberName="TestFileIO" d3p1:Gallio.ParameterName="" d3p1:Gallio.Path="C:\bl_cs_common\trunk\BushLifeCommonTest\BushLife\Utils\StreamUtilsTest.cs" d3p1:Gallio.Line="142" d3p1:Gallio.Column="0" xmlns:d3p1="http://www.gallio.org/">
      <Execution id="1ca60e4b-6ede-47f4-a397-11f59ca2a418" />
      <Properties>
        <Property>
          <Key>TestKind</Key>
          <Value>Test</Value>
        </Property>
      </Properties>
    </GallioTestElement>
    <GallioTestElement name="AntColonyNodeAntTest" storage="C:\bl_cs_common\trunk\BushLifeCommonTest\bin\Debug\BushLifeCommonTest.dll" id="32363932-3233-3437-6133-363439396636" d3p1:Gallio.TestId="29623274a36499f6" d3p1:Gallio.AssemblyName="BushLifeCommonTest, Version=1.0.0.0, Culture=neutral, PublicKeyToken=null" d3p1:Gallio.NamespaceName="AU.Com.BushLife.AntColony" d3p1:Gallio.TypeName="AU.Com.BushLife.AntColony.ColonyTest" d3p1:Gallio.MemberName="AntColonyNodeAntTest" d3p1:Gallio.ParameterName="" d3p1:Gallio.Path="C:\bl_cs_common\trunk\BushLifeCommonTest\BushLife\AntColony\ColonyTest.cs" d3p1:Gallio.Line="274" d3p1:Gallio.Column="0" xmlns:d3p1="http://www.gallio.org/">
      <Execution id="1363a489-1152-4507-b3ca-3b7bf208ff01" />
      <Properties>
        <Property>
          <Key>TestKind</Key>
          <Value>Test</Value>
        </Property>
      </Properties>
    </GallioTestElement>
    <GallioTestElement name="EqualsTest" storage="C:\bl_cs_common\trunk\BushLifeCommonTest\bin\Debug\BushLifeCommonTest.dll" id="63623931-3635-3762-3834-633536663738" d3p1:Gallio.TestId="19bc56b784c56f78" d3p1:Gallio.AssemblyName="BushLifeCommonTest, Version=1.0.0.0, Culture=neutral, PublicKeyToken=null" d3p1:Gallio.NamespaceName="AU.Com.BushLife.Spatial.TwoD" d3p1:Gallio.TypeName="AU.Com.BushLife.Spatial.TwoD.LineTest" d3p1:Gallio.MemberName="EqualsTest" d3p1:Gallio.ParameterName="" d3p1:Gallio.Path="C:\bl_cs_common\trunk\BushLifeCommonTest\BushLife\Spatial\TwoD\LineTest.cs" d3p1:Gallio.Line="167" d3p1:Gallio.Column="0" xmlns:d3p1="http://www.gallio.org/">
      <Execution id="e79147bb-4a0c-4e87-bdbe-18d749547991" />
      <Properties>
        <Property>
          <Key>TestKind</Key>
          <Value>Test</Value>
        </Property>
      </Properties>
    </GallioTestElement>
    <GallioTestElement name="TestDistanceTo" storage="C:\bl_cs_common\trunk\BushLifeCommonTest\bin\Debug\BushLifeCommonTest.dll" id="35343335-3165-3434-6238-646233633134" d3p1:Gallio.TestId="5345e144b8db3c14" d3p1:Gallio.AssemblyName="BushLifeCommonTest, Version=1.0.0.0, Culture=neutral, PublicKeyToken=null" d3p1:Gallio.NamespaceName="AU.Com.BushLife.Spatial.TwoD" d3p1:Gallio.TypeName="AU.Com.BushLife.Spatial.TwoD.PointTest" d3p1:Gallio.MemberName="TestDistanceTo" d3p1:Gallio.ParameterName="" d3p1:Gallio.Path="C:\bl_cs_common\trunk\BushLifeCommonTest\BushLife\Spatial\TwoD\PointTest.cs" d3p1:Gallio.Line="53" d3p1:Gallio.Column="0" xmlns:d3p1="http://www.gallio.org/">
      <Execution id="81d78f65-d27d-403d-aa80-5d3c22cbafe2" />
      <Properties>
        <Property>
          <Key>TestKind</Key>
          <Value>Test</Value>
        </Property>
      </Properties>
    </GallioTestElement>
    <GallioTestElement name="EntryNullArgumentAspectNullTest" storage="C:\bl_cs_common\trunk\BushLifeCommonTest\bin\Debug\BushLifeCommonTest.dll" id="66303034-6463-3064-3861-346536336437" d3p1:Gallio.TestId="400fcdd08a4e63d7" d3p1:Gallio.AssemblyName="BushLifeCommonTest, Version=1.0.0.0, Culture=neutral, PublicKeyToken=null" d3p1:Gallio.NamespaceName="BushLifeCommonTest.BushLife.Aspects" d3p1:Gallio.TypeName="BushLifeCommonTest.BushLife.Aspects.EntryNullArgumentAspectTest" d3p1:Gallio.MemberName="EntryNullArgumentAspectNullTest" d3p1:Gallio.ParameterName="" d3p1:Gallio.Path="C:\bl_cs_common\trunk\BushLifeCommonTest\BushLife\Aspects\EntryNullArgumentAspectTest.cs" d3p1:Gallio.Line="39" d3p1:Gallio.Column="0" xmlns:d3p1="http://www.gallio.org/">
      <Execution id="8d2c34fc-4614-42b0-abc9-950988a0e341" />
      <Properties>
        <Property>
          <Key>TestKind</Key>
          <Value>Test</Value>
        </Property>
        <Property>
          <Key>ExpectedException</Key>
          <Value>System.ArgumentNullException</Value>
        </Property>
      </Properties>
    </GallioTestElement>
    <GallioTestElement name="AngleToTest" storage="C:\bl_cs_common\trunk\BushLifeCommonTest\bin\Debug\BushLifeCommonTest.dll" id="39613363-6233-3730-3237-616135313262" d3p1:Gallio.TestId="c3a93b0727aa512b" d3p1:Gallio.AssemblyName="BushLifeCommonTest, Version=1.0.0.0, Culture=neutral, PublicKeyToken=null" d3p1:Gallio.NamespaceName="AU.Com.BushLife.Spatial.TwoD" d3p1:Gallio.TypeName="AU.Com.BushLife.Spatial.TwoD.LineTest" d3p1:Gallio.MemberName="AngleToTest" d3p1:Gallio.ParameterName="" d3p1:Gallio.Path="C:\bl_cs_common\trunk\BushLifeCommonTest\BushLife\Spatial\TwoD\LineTest.cs" d3p1:Gallio.Line="248" d3p1:Gallio.Column="0" xmlns:d3p1="http://www.gallio.org/">
      <Execution id="a1edc49c-8d30-42d2-8d47-2f61190488f7" />
      <Properties>
        <Property>
          <Key>TestKind</Key>
          <Value>Test</Value>
        </Property>
      </Properties>
    </GallioTestElement>
    <GallioTestElement name="ExpressionCompilerCompilationTest" storage="C:\bl_cs_common\trunk\BushLifeCommonTest\bin\Debug\BushLifeCommonTest.dll" id="35356335-3831-3762-6338-623063383236" d3p1:Gallio.TestId="5c5518b7c8b0c826" d3p1:Gallio.AssemblyName="BushLifeCommonTest, Version=1.0.0.0, Culture=neutral, PublicKeyToken=null" d3p1:Gallio.NamespaceName="AU.Com.BushLife.Framework.Expressions" d3p1:Gallio.TypeName="AU.Com.BushLife.Framework.Expressions.ExpressionCompilerTest" d3p1:Gallio.MemberName="ExpressionCompilerCompilationTest" d3p1:Gallio.ParameterName="" d3p1:Gallio.Path="C:\bl_cs_common\trunk\BushLifeCommonTest\BushLife\Framework\Expressions\ExpressionCompilerTest.cs" d3p1:Gallio.Line="34" d3p1:Gallio.Column="0" xmlns:d3p1="http://www.gallio.org/">
      <Execution id="6bb1ca3e-1bb8-470a-acfc-e403b8aff68c" />
      <Properties>
        <Property>
          <Key>TestKind</Key>
          <Value>Test</Value>
        </Property>
      </Properties>
    </GallioTestElement>
    <GallioTestElement name="ExitNullArgumentNullLevel2Test" storage="C:\bl_cs_common\trunk\BushLifeCommonTest\bin\Debug\BushLifeCommonTest.dll" id="30353432-6266-3637-6366-613265666232" d3p1:Gallio.TestId="2450fb76cfa2efb2" d3p1:Gallio.AssemblyName="BushLifeCommonTest, Version=1.0.0.0, Culture=neutral, PublicKeyToken=null" d3p1:Gallio.NamespaceName="BushLifeCommonTest.BushLife.Aspects" d3p1:Gallio.TypeName="BushLifeCommonTest.BushLife.Aspects.ExitNullArgumentAspectTest" d3p1:Gallio.MemberName="ExitNullArgumentNullLevel2Test" d3p1:Gallio.ParameterName="" d3p1:Gallio.Path="C:\bl_cs_common\trunk\BushLifeCommonTest\BushLife\Aspects\ExitNullArgumentAspectTest.cs" d3p1:Gallio.Line="70" d3p1:Gallio.Column="0" xmlns:d3p1="http://www.gallio.org/">
      <Execution id="f4d4a129-5ef6-4ab2-901e-5080b3ab56db" />
      <Properties>
        <Property>
          <Key>TestKind</Key>
          <Value>Test</Value>
        </Property>
        <Property>
          <Key>ExpectedException</Key>
          <Value>System.ArgumentNullException</Value>
        </Property>
      </Properties>
    </GallioTestElement>
    <GallioTestElement name="ParallelTest" storage="C:\bl_cs_common\trunk\BushLifeCommonTest\bin\Debug\BushLifeCommonTest.dll" id="39646666-6236-3739-6439-666537366138" d3p1:Gallio.TestId="ffd96b97d9fe76a8" d3p1:Gallio.AssemblyName="BushLifeCommonTest, Version=1.0.0.0, Culture=neutral, PublicKeyToken=null" d3p1:Gallio.NamespaceName="AU.Com.BushLife.Spatial.TwoD" d3p1:Gallio.TypeName="AU.Com.BushLife.Spatial.TwoD.LineTest" d3p1:Gallio.MemberName="ParallelTest" d3p1:Gallio.ParameterName="" d3p1:Gallio.Path="C:\bl_cs_common\trunk\BushLifeCommonTest\BushLife\Spatial\TwoD\LineTest.cs" d3p1:Gallio.Line="32" d3p1:Gallio.Column="0" xmlns:d3p1="http://www.gallio.org/">
      <Execution id="4ee2c901-56f0-46ba-b567-707d53b70da9" />
      <Properties>
        <Property>
          <Key>TestKind</Key>
          <Value>Test</Value>
        </Property>
      </Properties>
    </GallioTestElement>
    <GallioTestElement name="TestChainOfCommandFailsNullContext" storage="C:\bl_cs_common\trunk\BushLifeCommonTest\bin\Debug\BushLifeCommonTest.dll" id="63303935-3233-6639-3231-663064366362" d3p1:Gallio.TestId="590c329f21f0d6cb" d3p1:Gallio.AssemblyName="BushLifeCommonTest, Version=1.0.0.0, Culture=neutral, PublicKeyToken=null" d3p1:Gallio.NamespaceName="AU.Com.BushLife.Patterns" d3p1:Gallio.TypeName="AU.Com.BushLife.Patterns.ChainOfCommandTest" d3p1:Gallio.MemberName="TestChainOfCommandFailsNullContext" d3p1:Gallio.ParameterName="" d3p1:Gallio.Path="C:\bl_cs_common\trunk\BushLifeCommonTest\BushLife\Patterns\ChainOfCommandTest.cs" d3p1:Gallio.Line="146" d3p1:Gallio.Column="0" xmlns:d3p1="http://www.gallio.org/">
      <Execution id="212f8b10-95d3-4d58-a0bc-5378a358ae07" />
      <Properties>
        <Property>
          <Key>TestKind</Key>
          <Value>Test</Value>
        </Property>
      </Properties>
    </GallioTestElement>
    <GallioTestElement name="IsPerpendicularTest" storage="C:\bl_cs_common\trunk\BushLifeCommonTest\bin\Debug\BushLifeCommonTest.dll" id="62613536-6436-3366-3834-333765303033" d3p1:Gallio.TestId="65ab6df38437e003" d3p1:Gallio.AssemblyName="BushLifeCommonTest, Version=1.0.0.0, Culture=neutral, PublicKeyToken=null" d3p1:Gallio.NamespaceName="AU.Com.BushLife.Spatial.TwoD" d3p1:Gallio.TypeName="AU.Com.BushLife.Spatial.TwoD.LineTest" d3p1:Gallio.MemberName="IsPerpendicularTest" d3p1:Gallio.ParameterName="" d3p1:Gallio.Path="C:\bl_cs_common\trunk\BushLifeCommonTest\BushLife\Spatial\TwoD\LineTest.cs" d3p1:Gallio.Line="226" d3p1:Gallio.Column="0" xmlns:d3p1="http://www.gallio.org/">
      <Execution id="d5209251-e791-47b7-b19b-1cb5ae1f1e5a" />
      <Properties>
        <Property>
          <Key>TestKind</Key>
          <Value>Test</Value>
        </Property>
      </Properties>
    </GallioTestElement>
    <GallioTestElement name="OverlapTest" storage="C:\bl_cs_common\trunk\BushLifeCommonTest\bin\Debug\BushLifeCommonTest.dll" id="63623037-3635-6237-6435-343666373965" d3p1:Gallio.TestId="70bc567bd546f79e" d3p1:Gallio.AssemblyName="BushLifeCommonTest, Version=1.0.0.0, Culture=neutral, PublicKeyToken=null" d3p1:Gallio.NamespaceName="AU.Com.BushLife.Spatial.TwoD" d3p1:Gallio.TypeName="AU.Com.BushLife.Spatial.TwoD.LineTest" d3p1:Gallio.MemberName="OverlapTest" d3p1:Gallio.ParameterName="" d3p1:Gallio.Path="C:\bl_cs_common\trunk\BushLifeCommonTest\BushLife\Spatial\TwoD\LineTest.cs" d3p1:Gallio.Line="146" d3p1:Gallio.Column="0" xmlns:d3p1="http://www.gallio.org/">
      <Execution id="e6e224ac-b570-4324-8fc9-592d367e1134" />
      <Properties>
        <Property>
          <Key>TestKind</Key>
          <Value>Test</Value>
        </Property>
      </Properties>
    </GallioTestElement>
    <GallioTestElement name="TestPutByteFile" storage="C:\bl_cs_common\trunk\BushLifeCommonTest\bin\Debug\BushLifeCommonTest.dll" id="33666564-3032-3830-3734-326436336135" d3p1:Gallio.TestId="def32008742d63a5" d3p1:Gallio.AssemblyName="BushLifeCommonTest, Version=1.0.0.0, Culture=neutral, PublicKeyToken=null" d3p1:Gallio.NamespaceName="AU.Com.BushLife.Utils" d3p1:Gallio.TypeName="AU.Com.BushLife.Utils.StreamUtilsTest" d3p1:Gallio.MemberName="TestPutByteFile" d3p1:Gallio.ParameterName="" d3p1:Gallio.Path="C:\bl_cs_common\trunk\BushLifeCommonTest\BushLife\Utils\StreamUtilsTest.cs" d3p1:Gallio.Line="109" d3p1:Gallio.Column="0" xmlns:d3p1="http://www.gallio.org/">
      <Execution id="2eff7059-4ae1-4701-be1f-1806fd8c8d78" />
      <Properties>
        <Property>
          <Key>TestKind</Key>
          <Value>Test</Value>
        </Property>
      </Properties>
    </GallioTestElement>
  </TestDefinitions>
  <TestLists>
    <TestList name="Results Not in a List" id="8c84fa94-04c1-424b-9868-57a2d4851a1d" />
    <TestList name="All Loaded Results" id="19431567-8539-422a-85d7-44ee4e166bda" />
  </TestLists>
  <TestEntries>
    <TestEntry testId="24f1c5e5-ff6e-e31f-b3ca-9f7b5028b18d" executionId="9af40a14-6aef-400d-b065-58ca6c6e2ac8" testListId="8c84fa94-04c1-424b-9868-57a2d4851a1d" />
    <TestEntry testId="30353336-3164-6232-3263-393434623334" executionId="9d698e89-5d80-4493-b8d3-b80a7aaae1b0" testListId="8c84fa94-04c1-424b-9868-57a2d4851a1d" />
    <TestEntry testId="30353432-6266-3637-6366-613265666232" executionId="f4d4a129-5ef6-4ab2-901e-5080b3ab56db" testListId="8c84fa94-04c1-424b-9868-57a2d4851a1d" />
    <TestEntry testId="31333136-3534-3239-3339-393839636632" executionId="36af719c-ff69-4fb3-bbf3-ad921e06204a" testListId="8c84fa94-04c1-424b-9868-57a2d4851a1d" />
    <TestEntry testId="31396165-6162-3231-3536-346436633763" executionId="7bed7311-e700-448e-8078-c27856d60ebb" testListId="8c84fa94-04c1-424b-9868-57a2d4851a1d" />
    <TestEntry testId="31613635-3266-6264-3035-643735666336" executionId="752200b2-1cf6-4668-be96-1492a10827df" testListId="8c84fa94-04c1-424b-9868-57a2d4851a1d" />
    <TestEntry testId="32343061-3930-6562-3864-313261356663" executionId="a8bf5369-c63b-4c13-ac16-71f6a891b3e8" testListId="8c84fa94-04c1-424b-9868-57a2d4851a1d" />
    <TestEntry testId="32363932-3233-3437-6133-363439396636" executionId="1363a489-1152-4507-b3ca-3b7bf208ff01" testListId="8c84fa94-04c1-424b-9868-57a2d4851a1d" />
    <TestEntry testId="33316538-3231-3937-6536-373633616466" executionId="466e83de-29f5-4342-b559-af0b5806d563" testListId="8c84fa94-04c1-424b-9868-57a2d4851a1d" />
    <TestEntry testId="33613061-3438-3966-3961-333335306320" executionId="5e025713-8d27-479e-ae03-7c103213466d" testListId="8c84fa94-04c1-424b-9868-57a2d4851a1d" />
    <TestEntry testId="33666564-3032-3830-3734-326436336135" executionId="2eff7059-4ae1-4701-be1f-1806fd8c8d78" testListId="8c84fa94-04c1-424b-9868-57a2d4851a1d" />
    <TestEntry testId="34336634-6538-6336-3330-313339356536" executionId="1ca60e4b-6ede-47f4-a397-11f59ca2a418" testListId="8c84fa94-04c1-424b-9868-57a2d4851a1d" />
    <TestEntry testId="34643439-6563-6335-3332-656132303033" executionId="975b74fa-63e4-4bb6-b74c-2e94882a7709" testListId="8c84fa94-04c1-424b-9868-57a2d4851a1d" />
    <TestEntry testId="35343335-3165-3434-6238-646233633134" executionId="81d78f65-d27d-403d-aa80-5d3c22cbafe2" testListId="8c84fa94-04c1-424b-9868-57a2d4851a1d" />
    <TestEntry testId="35353039-3361-3064-3562-643861613130" executionId="11272514-12a2-4a7c-b35e-26f032da07a9" testListId="8c84fa94-04c1-424b-9868-57a2d4851a1d" />
    <TestEntry testId="35356335-3831-3762-6338-623063383236" executionId="6bb1ca3e-1bb8-470a-acfc-e403b8aff68c" testListId="8c84fa94-04c1-424b-9868-57a2d4851a1d" />
    <TestEntry testId="35373938-3738-6362-6239-656431383065" executionId="32462930-1efa-47f2-966d-04f4107e8d54" testListId="8c84fa94-04c1-424b-9868-57a2d4851a1d" />
    <TestEntry testId="35393365-3935-6166-3766-313732643137" executionId="96e4d879-ea4a-4552-bcad-d7c37fe80303" testListId="8c84fa94-04c1-424b-9868-57a2d4851a1d" />
    <TestEntry testId="35393933-3965-6135-3637-633162623461" executionId="a06c010e-788f-4c4e-8b1c-e1821a4bab3b" testListId="8c84fa94-04c1-424b-9868-57a2d4851a1d" />
    <TestEntry testId="35623666-6366-3766-3032-353932636637" executionId="cefa1ad4-4a20-4a19-96cc-8a73e363358c" testListId="8c84fa94-04c1-424b-9868-57a2d4851a1d" />
    <TestEntry testId="36303861-6266-3238-6662-366436633131" executionId="3dbad8c8-f9d3-4dbc-9ce4-9d871d5e462b" testListId="8c84fa94-04c1-424b-9868-57a2d4851a1d" />
    <TestEntry testId="37386363-6339-3064-6434-376234336465" executionId="286b7f6d-3457-4ee9-9e3a-9371bee8d6d3" testListId="8c84fa94-04c1-424b-9868-57a2d4851a1d" />
    <TestEntry testId="38363263-3336-3162-3339-386332633039" executionId="ae88e2c3-4a92-4eb9-adb2-444d77138249" testListId="8c84fa94-04c1-424b-9868-57a2d4851a1d" />
    <TestEntry testId="39613363-6233-3730-3237-616135313262" executionId="a1edc49c-8d30-42d2-8d47-2f61190488f7" testListId="8c84fa94-04c1-424b-9868-57a2d4851a1d" />
    <TestEntry testId="39616133-3231-3262-3364-353361656431" executionId="9932309d-a04a-4595-8888-639c830a1328" testListId="8c84fa94-04c1-424b-9868-57a2d4851a1d" />
    <TestEntry testId="39646666-6236-3739-6439-666537366138" executionId="4ee2c901-56f0-46ba-b567-707d53b70da9" testListId="8c84fa94-04c1-424b-9868-57a2d4851a1d" />
    <TestEntry testId="61303039-3366-3834-3337-373336383264" executionId="f229ea04-d7d7-4ecb-b2ff-bc411becff91" testListId="8c84fa94-04c1-424b-9868-57a2d4851a1d" />
    <TestEntry testId="61333965-3332-6232-6333-393031633262" executionId="a44ee928-d032-49a7-a1e7-3609911768cc" testListId="8c84fa94-04c1-424b-9868-57a2d4851a1d" />
    <TestEntry testId="62613536-6436-3366-3834-333765303033" executionId="d5209251-e791-47b7-b19b-1cb5ae1f1e5a" testListId="8c84fa94-04c1-424b-9868-57a2d4851a1d" />
    <TestEntry testId="63303935-3233-6639-3231-663064366362" executionId="212f8b10-95d3-4d58-a0bc-5378a358ae07" testListId="8c84fa94-04c1-424b-9868-57a2d4851a1d" />
    <TestEntry testId="63623037-3635-6237-6435-343666373965" executionId="e6e224ac-b570-4324-8fc9-592d367e1134" testListId="8c84fa94-04c1-424b-9868-57a2d4851a1d" />
    <TestEntry testId="63623931-3635-3762-3834-633536663738" executionId="e79147bb-4a0c-4e87-bdbe-18d749547991" testListId="8c84fa94-04c1-424b-9868-57a2d4851a1d" />
    <TestEntry testId="63633735-3638-6365-3037-623333346537" executionId="fe39a094-722f-405f-8439-e31c0b28d9ab" testListId="8c84fa94-04c1-424b-9868-57a2d4851a1d" />
    <TestEntry testId="64383037-6337-6264-6366-396465343664" executionId="55444fc0-76c7-45ab-9d99-0112b151f014" testListId="8c84fa94-04c1-424b-9868-57a2d4851a1d" />
    <TestEntry testId="64633939-6666-6434-3134-666436393738" executionId="f0974271-d3dd-44a4-a3ba-d668c94d41a0" testListId="8c84fa94-04c1-424b-9868-57a2d4851a1d" />
    <TestEntry testId="65343538-3165-3164-3932-636465613563" executionId="547d890e-99e8-4751-b297-1490ee9449e9" testListId="8c84fa94-04c1-424b-9868-57a2d4851a1d" />
    <TestEntry testId="65366332-3862-3866-3063-356261303232" executionId="11138672-9ee0-46a5-903b-6bc7eac47bb3" testListId="8c84fa94-04c1-424b-9868-57a2d4851a1d" />
    <TestEntry testId="65623563-3364-3361-3738-306366623331" executionId="54ba840f-2086-41db-bc68-7d072c98320c" testListId="8c84fa94-04c1-424b-9868-57a2d4851a1d" />
    <TestEntry testId="65623566-3663-3362-3038-396563646337" executionId="648f9fd4-9093-45be-8a76-cc5e9af2a2c7" testListId="8c84fa94-04c1-424b-9868-57a2d4851a1d" />
    <TestEntry testId="66303034-6463-3064-3861-346536336437" executionId="8d2c34fc-4614-42b0-abc9-950988a0e341" testListId="8c84fa94-04c1-424b-9868-57a2d4851a1d" />
    <TestEntry testId="d38578b8-d835-a7c9-062a-af6c27e1a106" executionId="77c4ff39-a4e0-478d-98ce-fccf2edd0109" testListId="8c84fa94-04c1-424b-9868-57a2d4851a1d" />
  </TestEntries>
  <Results>
    <UnitTestResult executionId="9af40a14-6aef-400d-b065-58ca6c6e2ac8" testId="24f1c5e5-ff6e-e31f-b3ca-9f7b5028b18d" testName="Log4NetBasicTest" computerName="MONARCH3" duration="00:00:01.1935444" startTime="2014-03-09T10:36:54.5732422+11:00" endTime="2014-03-09T10:36:56.4482422+11:00" testType="13cdc9d9-ddb5-4fa4-a97d-d965ccfc6d4b" outcome="Passed" testListId="8c84fa94-04c1-424b-9868-57a2d4851a1d" relativeResultsDirectory="9af40a14-6aef-400d-b065-58ca6c6e2ac8">
      <Output>
        <StdOut>log4net: log4net assembly [log4net, Version=1.2.11.0, Culture=neutral, PublicKeyToken=669e0ddf0bb1aa2a]. Loaded from [C:\bl_cs_common\trunk\BushLifeCommon\TestResults\Frank Adcock_MONARCH3 2014-03-09 10_36_42\Out\log4net.dll]. (.NET Runtime [4.0.30319.1008] on Microsoft Windows NT 6.1.7601 Service Pack 1)
log4net: defaultRepositoryType [log4net.Repository.Hierarchy.Hierarchy]
log4net: Creating repository for assembly [BushLifeCommonTest, Version=1.0.0.0, Culture=neutral, PublicKeyToken=null]
log4net: Assembly [BushLifeCommonTest, Version=1.0.0.0, Culture=neutral, PublicKeyToken=null] Loaded From [C:\bl_cs_common\trunk\BushLifeCommon\TestResults\Frank Adcock_MONARCH3 2014-03-09 10_36_42\Out\BushLifeCommonTest.dll]
log4net: Assembly [BushLifeCommonTest, Version=1.0.0.0, Culture=neutral, PublicKeyToken=null] does not have a RepositoryAttribute specified.
log4net: Assembly [BushLifeCommonTest, Version=1.0.0.0, Culture=neutral, PublicKeyToken=null] using repository [log4net-default-repository] and repository type [log4net.Repository.Hierarchy.Hierarchy]
log4net: Creating repository [log4net-default-repository] using type [log4net.Repository.Hierarchy.Hierarchy]
log4net: configuring repository [log4net-default-repository] using file [C:\bl_cs_common\trunk\BushLifeCommon\TestResults\Frank Adcock_MONARCH3 2014-03-09 10_36_42\Out\log4net.Config] watching for file updates
log4net: configuring repository [log4net-default-repository] using file [C:\bl_cs_common\trunk\BushLifeCommon\TestResults\Frank Adcock_MONARCH3 2014-03-09 10_36_42\Out\log4net.Config]
log4net: configuring repository [log4net-default-repository] using stream
log4net: loading XML configuration
log4net: Configuring Repository [log4net-default-repository]
log4net: Configuration update mode [Merge].
log4net: Logger [root] Level string is [DEBUG].
log4net: Logger [root] level set to [name="DEBUG",value=30000].
log4net: Loading Appender [LogFileAppender] type: [log4net.Appender.RollingFileAppender]
log4net: Parameter [file] specified subtype [log4net.Util.PatternString]
log4net: Converter [property] Option [LogFileName] Format [min=-1,max=2147483647,leftAlign=False]
log4net: Performing additional conversion of value from [PatternString] to [String]
log4net: Setting Property [File] to String value [(null)]
log4net: Setting Property [LockingModel] to object [log4net.Appender.FileAppender+MinimalLock]
log4net: Setting Property [AppendToFile] to Boolean value [True]
log4net: Setting Property [RollingStyle] to RollingMode value [Size]
log4net: Setting Property [MaxSizeRollBackups] to Int32 value [2]
log4net: Setting Property [MaximumFileSize] to String value [1MB]
log4net: Setting Property [StaticLogFileName] to Boolean value [True]
log4net: Converter [message] Option [] Format [min=-1,max=2147483647,leftAlign=False]
log4net: Converter [newline] Option [] Format [min=-1,max=2147483647,leftAlign=False]
log4net: Setting Property [ConversionPattern] to String value [%d [%t] %-5p %c %m%n]
log4net: Converter [d] Option [] Format [min=-1,max=2147483647,leftAlign=False]
log4net: Converter [literal] Option [ [] Format [min=-1,max=2147483647,leftAlign=False]
log4net: Converter [t] Option [] Format [min=-1,max=2147483647,leftAlign=False]
log4net: Converter [literal] Option [] ] Format [min=-1,max=2147483647,leftAlign=False]
log4net: Converter [p] Option [] Format [min=5,max=2147483647,leftAlign=True]
log4net: Converter [literal] Option [ ] Format [min=-1,max=2147483647,leftAlign=False]
log4net: Converter [c] Option [] Format [min=-1,max=2147483647,leftAlign=False]
log4net: Converter [literal] Option [ ] Format [min=-1,max=2147483647,leftAlign=False]
log4net: Converter [m] Option [] Format [min=-1,max=2147483647,leftAlign=False]
log4net: Converter [n] Option [] Format [min=-1,max=2147483647,leftAlign=False]
log4net: Setting Property [Layout] to object [log4net.Layout.PatternLayout]
log4net: Searched for existing files in [C:\bl_cs_common\trunk\BushLifeCommon\TestResults\Frank Adcock_MONARCH3 2014-03-09 10_36_42\Out]
log4net: curSizeRollBackups starts at [0]
log4net: Opening file for writing [C:\bl_cs_common\trunk\BushLifeCommon\TestResults\Frank Adcock_MONARCH3 2014-03-09 10_36_42\Out\(null)] append [True]
log4net: reated Appender [LogFileAppender]
log4net: Adding appender named [LogFileAppender] to logger [root].
log4net: Hierarchy Threshold []</StdOut>
        <DebugTrace>log4net: log4net assembly [log4net, Version=1.2.11.0, Culture=neutral, PublicKeyToken=669e0ddf0bb1aa2a]. Loaded from [C:\bl_cs_common\trunk\BushLifeCommon\TestResults\Frank Adcock_MONARCH3 2014-03-09 10_36_42\Out\log4net.dll]. (.NET Runtime [4.0.30319.1008] on Microsoft Windows NT 6.1.7601 Service Pack 1)
log4net: defaultRepositoryType [log4net.Repository.Hierarchy.Hierarchy]
log4net: Creating repository for assembly [BushLifeCommonTest, Version=1.0.0.0, Culture=neutral, PublicKeyToken=null]
log4net: Assembly [BushLifeCommonTest, Version=1.0.0.0, Culture=neutral, PublicKeyToken=null] Loaded From [C:\bl_cs_common\trunk\BushLifeCommon\TestResults\Frank Adcock_MONARCH3 2014-03-09 10_36_42\Out\BushLifeCommonTest.dll]
log4net: Assembly [BushLifeCommonTest, Version=1.0.0.0, Culture=neutral, PublicKeyToken=null] does not have a RepositoryAttribute specified.
log4net: Assembly [BushLifeCommonTest, Version=1.0.0.0, Culture=neutral, PublicKeyToken=null] using repository [log4net-default-repository] and repository type [log4net.Repository.Hierarchy.Hierarchy]
log4net: Creating repository [log4net-default-repository] using type [log4net.Repository.Hierarchy.Hierarchy]
log4net: configuring repository [log4net-default-repository] using file [C:\bl_cs_common\trunk\BushLifeCommon\TestResults\Frank Adcock_MONARCH3 2014-03-09 10_36_42\Out\log4net.Config] watching for file updates
log4net: configuring repository [log4net-default-repository] using file [C:\bl_cs_common\trunk\BushLifeCommon\TestResults\Frank Adcock_MONARCH3 2014-03-09 10_36_42\Out\log4net.Config]
log4net: configuring repository [log4net-default-repository] using stream
log4net: loading XML configuration
log4net: Configuring Repository [log4net-default-repository]
log4net: Configuration update mode [Merge].
log4net: Logger [root] Level string is [DEBUG].
log4net: Logger [root] level set to [name="DEBUG",value=30000].
log4net: Loading Appender [LogFileAppender] type: [log4net.Appender.RollingFileAppender]
log4net: Parameter [file] specified subtype [log4net.Util.PatternString]
log4net: Converter [property] Option [LogFileName] Format [min=-1,max=2147483647,leftAlign=False]
log4net: Performing additional conversion of value from [PatternString] to [String]
log4net: Setting Property [File] to String value [(null)]
log4net: Setting Property [LockingModel] to object [log4net.Appender.FileAppender+MinimalLock]
log4net: Setting Property [AppendToFile] to Boolean value [True]
log4net: Setting Property [RollingStyle] to RollingMode value [Size]
log4net: Setting Property [MaxSizeRollBackups] to Int32 value [2]
log4net: Setting Property [MaximumFileSize] to String value [1MB]
log4net: Setting Property [StaticLogFileName] to Boolean value [True]
log4net: Converter [message] Option [] Format [min=-1,max=2147483647,leftAlign=False]
log4net: Converter [newline] Option [] Format [min=-1,max=2147483647,leftAlign=False]
log4net: Setting Property [ConversionPattern] to String value [%d [%t] %-5p %c %m%n]
log4net: Converter [d] Option [] Format [min=-1,max=2147483647,leftAlign=False]
log4net: Converter [literal] Option [ [] Format [min=-1,max=2147483647,leftAlign=False]
log4net: Converter [t] Option [] Format [min=-1,max=2147483647,leftAlign=False]
log4net: Converter [literal] Option [] ] Format [min=-1,max=2147483647,leftAlign=False]
log4net: Converter [p] Option [] Format [min=5,max=2147483647,leftAlign=True]
log4net: Converter [literal] Option [ ] Format [min=-1,max=2147483647,leftAlign=False]
log4net: Converter [c] Option [] Format [min=-1,max=2147483647,leftAlign=False]
log4net: Converter [literal] Option [ ] Format [min=-1,max=2147483647,leftAlign=False]
log4net: Converter [m] Option [] Format [min=-1,max=2147483647,leftAlign=False]
log4net: Converter [n] Option [] Format [min=-1,max=2147483647,leftAlign=False]
log4net: Setting Property [Layout] to object [log4net.Layout.PatternLayout]
log4net: Searched for existing files in [C:\bl_cs_common\trunk\BushLifeCommon\TestResults\Frank Adcock_MONARCH3 2014-03-09 10_36_42\Out]
log4net: curSizeRollBackups starts at [0]
log4net: Opening file for writing [C:\bl_cs_common\trunk\BushLifeCommon\TestResults\Frank Adcock_MONARCH3 2014-03-09 10_36_42\Out\(null)] append [True]
log4net: reated Appender [LogFileAppender]
log4net: Adding appender named [LogFileAppender] to logger [root].
log4net: Hierarchy Threshold []
</DebugTrace>
      </Output>
    </UnitTestResult>
    <GallioTestResult executionId="9d698e89-5d80-4493-b8d3-b80a7aaae1b0" testId="30353336-3164-6232-3263-393434623334" testName="LocatePointAtDistanceTest" computerName="MONARCH3" duration="00:00:00.0430000" startTime="2014-03-09T10:37:09.9482422+11:00" endTime="2014-03-09T10:37:10.0263672+11:00" testType="f3589083-259c-4054-87f7-75cdad4b08e5" outcome="Passed" testListId="8c84fa94-04c1-424b-9868-57a2d4851a1d" relativeResultsDirectory="9d698e89-5d80-4493-b8d3-b80a7aaae1b0">
      <Counters error="0" failed="0" timeout="0" aborted="0" inconclusive="0" passedButRunAborted="0" notRunnable="0" notExecuted="0" disconnected="0" warning="0" passed="17" completed="0" inProgress="0" pending="0" />
      <InnerResults>
        <GallioTestResult executionId="9d698e89-5d80-4493-b8d3-b80a7aaae1b0" testId="30353336-3164-6232-3263-393434623334" testName="BushLifeCommonTest/PointTest/LocatePointAtDistanceTest/LocatePointAtDistanceTest({[0,0]}, 0.0, 10, {[10,0]})" computerName="MONARCH3" duration="00:00:00.0040000" startTime="2014-03-09T10:37:09.9482422+11:00" endTime="2014-03-09T10:37:09.9482422+11:00" testType="f3589083-259c-4054-87f7-75cdad4b08e5" outcome="Passed" testListId="8c84fa94-04c1-424b-9868-57a2d4851a1d" relativeResultsDirectory="9d698e89-5d80-4493-b8d3-b80a7aaae1b0" />
        <GallioTestResult executionId="9d698e89-5d80-4493-b8d3-b80a7aaae1b0" testId="30353336-3164-6232-3263-393434623334" testName="BushLifeCommonTest/PointTest/LocatePointAtDistanceTest/LocatePointAtDistanceTest({[0,0]}, 90, 10, {[0,10]})" computerName="MONARCH3" startTime="2014-03-09T10:37:09.9482422+11:00" endTime="2014-03-09T10:37:09.9482422+11:00" testType="f3589083-259c-4054-87f7-75cdad4b08e5" outcome="Passed" testListId="8c84fa94-04c1-424b-9868-57a2d4851a1d" relativeResultsDirectory="9d698e89-5d80-4493-b8d3-b80a7aaae1b0" />
        <GallioTestResult executionId="9d698e89-5d80-4493-b8d3-b80a7aaae1b0" testId="30353336-3164-6232-3263-393434623334" testName="BushLifeCommonTest/PointTest/LocatePointAtDistanceTest/LocatePointAtDistanceTest({[0,0]}, 45, 10, {[7,7]})" computerName="MONARCH3" startTime="2014-03-09T10:37:09.9482422+11:00" endTime="2014-03-09T10:37:09.9482422+11:00" testType="f3589083-259c-4054-87f7-75cdad4b08e5" outcome="Passed" testListId="8c84fa94-04c1-424b-9868-57a2d4851a1d" relativeResultsDirectory="9d698e89-5d80-4493-b8d3-b80a7aaae1b0" />
        <GallioTestResult executionId="9d698e89-5d80-4493-b8d3-b80a7aaae1b0" testId="30353336-3164-6232-3263-393434623334" testName="BushLifeCommonTest/PointTest/LocatePointAtDistanceTest/LocatePointAtDistanceTest({[0,0]}, 180, 10, {[-10,0]})" computerName="MONARCH3" startTime="2014-03-09T10:37:09.9482422+11:00" endTime="2014-03-09T10:37:09.9482422+11:00" testType="f3589083-259c-4054-87f7-75cdad4b08e5" outcome="Passed" testListId="8c84fa94-04c1-424b-9868-57a2d4851a1d" relativeResultsDirectory="9d698e89-5d80-4493-b8d3-b80a7aaae1b0" />
        <GallioTestResult executionId="9d698e89-5d80-4493-b8d3-b80a7aaae1b0" testId="30353336-3164-6232-3263-393434623334" testName="BushLifeCommonTest/PointTest/LocatePointAtDistanceTest/LocatePointAtDistanceTest({[0,0]}, 270, 10, {[0,-10]})" computerName="MONARCH3" startTime="2014-03-09T10:37:09.9482422+11:00" endTime="2014-03-09T10:37:09.9638672+11:00" testType="f3589083-259c-4054-87f7-75cdad4b08e5" outcome="Passed" testListId="8c84fa94-04c1-424b-9868-57a2d4851a1d" relativeResultsDirectory="9d698e89-5d80-4493-b8d3-b80a7aaae1b0" />
        <GallioTestResult executionId="9d698e89-5d80-4493-b8d3-b80a7aaae1b0" testId="30353336-3164-6232-3263-393434623334" testName="BushLifeCommonTest/PointTest/LocatePointAtDistanceTest/LocatePointAtDistanceTest({[0,0]}, 225, 10, {[-7,-7]})" computerName="MONARCH3" startTime="2014-03-09T10:37:09.9638672+11:00" endTime="2014-03-09T10:37:09.9638672+11:00" testType="f3589083-259c-4054-87f7-75cdad4b08e5" outcome="Passed" testListId="8c84fa94-04c1-424b-9868-57a2d4851a1d" relativeResultsDirectory="9d698e89-5d80-4493-b8d3-b80a7aaae1b0" />
        <GallioTestResult executionId="9d698e89-5d80-4493-b8d3-b80a7aaae1b0" testId="30353336-3164-6232-3263-393434623334" testName="BushLifeCommonTest/PointTest/LocatePointAtDistanceTest/LocatePointAtDistanceTest({[0,0]}, 135, 10, {[-7,7]})" computerName="MONARCH3" startTime="2014-03-09T10:37:09.9638672+11:00" endTime="2014-03-09T10:37:09.9794922+11:00" testType="f3589083-259c-4054-87f7-75cdad4b08e5" outcome="Passed" testListId="8c84fa94-04c1-424b-9868-57a2d4851a1d" relativeResultsDirectory="9d698e89-5d80-4493-b8d3-b80a7aaae1b0" />
        <GallioTestResult executionId="9d698e89-5d80-4493-b8d3-b80a7aaae1b0" testId="30353336-3164-6232-3263-393434623334" testName="BushLifeCommonTest/PointTest/LocatePointAtDistanceTest/LocatePointAtDistanceTest({[0,0]}, 315, 10, {[7,-7]})" computerName="MONARCH3" startTime="2014-03-09T10:37:09.9794922+11:00" endTime="2014-03-09T10:37:09.9794922+11:00" testType="f3589083-259c-4054-87f7-75cdad4b08e5" outcome="Passed" testListId="8c84fa94-04c1-424b-9868-57a2d4851a1d" relativeResultsDirectory="9d698e89-5d80-4493-b8d3-b80a7aaae1b0" />
        <GallioTestResult executionId="9d698e89-5d80-4493-b8d3-b80a7aaae1b0" testId="30353336-3164-6232-3263-393434623334" testName="BushLifeCommonTest/PointTest/LocatePointAtDistanceTest/LocatePointAtDistanceTest({[10,10]}, 0.0, 10, {[20,10]})" computerName="MONARCH3" startTime="2014-03-09T10:37:09.9794922+11:00" endTime="2014-03-09T10:37:09.9794922+11:00" testType="f3589083-259c-4054-87f7-75cdad4b08e5" outcome="Passed" testListId="8c84fa94-04c1-424b-9868-57a2d4851a1d" relativeResultsDirectory="9d698e89-5d80-4493-b8d3-b80a7aaae1b0" />
        <GallioTestResult executionId="9d698e89-5d80-4493-b8d3-b80a7aaae1b0" testId="30353336-3164-6232-3263-393434623334" testName="BushLifeCommonTest/PointTest/LocatePointAtDistanceTest/LocatePointAtDistanceTest({[10,0]}, 0.0, 10, {[20,0]})" computerName="MONARCH3" startTime="2014-03-09T10:37:09.9794922+11:00" endTime="2014-03-09T10:37:09.9951172+11:00" testType="f3589083-259c-4054-87f7-75cdad4b08e5" outcome="Passed" testListId="8c84fa94-04c1-424b-9868-57a2d4851a1d" relativeResultsDirectory="9d698e89-5d80-4493-b8d3-b80a7aaae1b0" />
        <GallioTestResult executionId="9d698e89-5d80-4493-b8d3-b80a7aaae1b0" testId="30353336-3164-6232-3263-393434623334" testName="BushLifeCommonTest/PointTest/LocatePointAtDistanceTest/LocatePointAtDistanceTest({[0,10]}, 0.0, 10, {[10,10]})" computerName="MONARCH3" duration="00:00:00.0010000" startTime="2014-03-09T10:37:09.9951172+11:00" endTime="2014-03-09T10:37:09.9951172+11:00" testType="f3589083-259c-4054-87f7-75cdad4b08e5" outcome="Passed" testListId="8c84fa94-04c1-424b-9868-57a2d4851a1d" relativeResultsDirectory="9d698e89-5d80-4493-b8d3-b80a7aaae1b0" />
        <GallioTestResult executionId="9d698e89-5d80-4493-b8d3-b80a7aaae1b0" testId="30353336-3164-6232-3263-393434623334" testName="BushLifeCommonTest/PointTest/LocatePointAtDistanceTest/LocatePointAtDistanceTest({[10,10]}, 45, 10, {[17,17]})" computerName="MONARCH3" startTime="2014-03-09T10:37:09.9951172+11:00" endTime="2014-03-09T10:37:10.0107422+11:00" testType="f3589083-259c-4054-87f7-75cdad4b08e5" outcome="Passed" testListId="8c84fa94-04c1-424b-9868-57a2d4851a1d" relativeResultsDirectory="9d698e89-5d80-4493-b8d3-b80a7aaae1b0" />
        <GallioTestResult executionId="9d698e89-5d80-4493-b8d3-b80a7aaae1b0" testId="30353336-3164-6232-3263-393434623334" testName="BushLifeCommonTest/PointTest/LocatePointAtDistanceTest/LocatePointAtDistanceTest({[10,0]}, 45, 10, {[17,7]})" computerName="MONARCH3" startTime="2014-03-09T10:37:10.0107422+11:00" endTime="2014-03-09T10:37:10.0107422+11:00" testType="f3589083-259c-4054-87f7-75cdad4b08e5" outcome="Passed" testListId="8c84fa94-04c1-424b-9868-57a2d4851a1d" relativeResultsDirectory="9d698e89-5d80-4493-b8d3-b80a7aaae1b0" />
        <GallioTestResult executionId="9d698e89-5d80-4493-b8d3-b80a7aaae1b0" testId="30353336-3164-6232-3263-393434623334" testName="BushLifeCommonTest/PointTest/LocatePointAtDistanceTest/LocatePointAtDistanceTest({[0,10]}, 45, 10, {[7,17]})" computerName="MONARCH3" startTime="2014-03-09T10:37:10.0107422+11:00" endTime="2014-03-09T10:37:10.0107422+11:00" testType="f3589083-259c-4054-87f7-75cdad4b08e5" outcome="Passed" testListId="8c84fa94-04c1-424b-9868-57a2d4851a1d" relativeResultsDirectory="9d698e89-5d80-4493-b8d3-b80a7aaae1b0" />
        <GallioTestResult executionId="9d698e89-5d80-4493-b8d3-b80a7aaae1b0" testId="30353336-3164-6232-3263-393434623334" testName="BushLifeCommonTest/PointTest/LocatePointAtDistanceTest/LocatePointAtDistanceTest({[10,10]}, 225, 10, {[3,3]})" computerName="MONARCH3" startTime="2014-03-09T10:37:10.0107422+11:00" endTime="2014-03-09T10:37:10.0107422+11:00" testType="f3589083-259c-4054-87f7-75cdad4b08e5" outcome="Passed" testListId="8c84fa94-04c1-424b-9868-57a2d4851a1d" relativeResultsDirectory="9d698e89-5d80-4493-b8d3-b80a7aaae1b0" />
        <GallioTestResult executionId="9d698e89-5d80-4493-b8d3-b80a7aaae1b0" testId="30353336-3164-6232-3263-393434623334" testName="BushLifeCommonTest/PointTest/LocatePointAtDistanceTest/LocatePointAtDistanceTest({[10,0]}, 225, 10, {[3,-7]})" computerName="MONARCH3" startTime="2014-03-09T10:37:10.0107422+11:00" endTime="2014-03-09T10:37:10.0263672+11:00" testType="f3589083-259c-4054-87f7-75cdad4b08e5" outcome="Passed" testListId="8c84fa94-04c1-424b-9868-57a2d4851a1d" relativeResultsDirectory="9d698e89-5d80-4493-b8d3-b80a7aaae1b0" />
        <GallioTestResult executionId="9d698e89-5d80-4493-b8d3-b80a7aaae1b0" testId="30353336-3164-6232-3263-393434623334" testName="BushLifeCommonTest/PointTest/LocatePointAtDistanceTest/LocatePointAtDistanceTest({[0,10]}, 225, 10, {[-7,3]})" computerName="MONARCH3" startTime="2014-03-09T10:37:10.0263672+11:00" endTime="2014-03-09T10:37:10.0263672+11:00" testType="f3589083-259c-4054-87f7-75cdad4b08e5" outcome="Passed" testListId="8c84fa94-04c1-424b-9868-57a2d4851a1d" relativeResultsDirectory="9d698e89-5d80-4493-b8d3-b80a7aaae1b0" />
      </InnerResults>
    </GallioTestResult>
    <GallioTestResult executionId="f4d4a129-5ef6-4ab2-901e-5080b3ab56db" testId="30353432-6266-3637-6366-613265666232" testName="ExitNullArgumentNullLevel2Test" computerName="MONARCH3" duration="00:00:00.0090000" startTime="2014-03-09T10:37:07.2607422+11:00" endTime="2014-03-09T10:37:07.2607422+11:00" testType="f3589083-259c-4054-87f7-75cdad4b08e5" outcome="Passed" testListId="8c84fa94-04c1-424b-9868-57a2d4851a1d" relativeResultsDirectory="f4d4a129-5ef6-4ab2-901e-5080b3ab56db">
    </GallioTestResult>
    <GallioTestResult executionId="36af719c-ff69-4fb3-bbf3-ad921e06204a" testId="31333136-3534-3239-3339-393839636632" testName="ExitNullArgumentValidTest" computerName="MONARCH3" duration="00:00:00.0020000" startTime="2014-03-09T10:37:07.3544922+11:00" endTime="2014-03-09T10:37:07.3701172+11:00" testType="f3589083-259c-4054-87f7-75cdad4b08e5" outcome="Passed" testListId="8c84fa94-04c1-424b-9868-57a2d4851a1d" relativeResultsDirectory="36af719c-ff69-4fb3-bbf3-ad921e06204a">
    </GallioTestResult>
    <GallioTestResult executionId="7bed7311-e700-448e-8078-c27856d60ebb" testId="31396165-6162-3231-3536-346436633763" testName="TestRotate" computerName="MONARCH3" duration="00:00:00.1040000" startTime="2014-03-09T10:37:10.1201172+11:00" endTime="2014-03-09T10:37:10.1982422+11:00" testType="f3589083-259c-4054-87f7-75cdad4b08e5" outcome="Passed" testListId="8c84fa94-04c1-424b-9868-57a2d4851a1d" relativeResultsDirectory="7bed7311-e700-448e-8078-c27856d60ebb">
      <Counters error="0" failed="0" timeout="0" aborted="0" inconclusive="0" passedButRunAborted="0" notRunnable="0" notExecuted="0" disconnected="0" warning="0" passed="13" completed="0" inProgress="0" pending="0" />
      <InnerResults>
        <GallioTestResult executionId="7bed7311-e700-448e-8078-c27856d60ebb" testId="31396165-6162-3231-3536-346436633763" testName="BushLifeCommonTest/PointTest/TestRotate/TestRotate({AU.Com.BushLife.Spatial.TwoD.PointTest+RotateTestData: ExpectedPoint = {[0,0]}, OriginalPoint = {[0,0]}, PivotPoint = {[0,0]}, RotationDegrees = 90})" computerName="MONARCH3" duration="00:00:00.0410000" startTime="2014-03-09T10:37:10.1201172+11:00" endTime="2014-03-09T10:37:10.1357422+11:00" testType="f3589083-259c-4054-87f7-75cdad4b08e5" outcome="Passed" testListId="8c84fa94-04c1-424b-9868-57a2d4851a1d" relativeResultsDirectory="7bed7311-e700-448e-8078-c27856d60ebb" />
        <GallioTestResult executionId="7bed7311-e700-448e-8078-c27856d60ebb" testId="31396165-6162-3231-3536-346436633763" testName="BushLifeCommonTest/PointTest/TestRotate/TestRotate({AU.Com.BushLife.Spatial.TwoD.PointTest+RotateTestData: ExpectedPoint = {[-4,3]}, OriginalPoint = {[3,4]}, PivotPoint = {[0,0]}, RotationDegrees = 90})" computerName="MONARCH3" startTime="2014-03-09T10:37:10.1357422+11:00" endTime="2014-03-09T10:37:10.1357422+11:00" testType="f3589083-259c-4054-87f7-75cdad4b08e5" outcome="Passed" testListId="8c84fa94-04c1-424b-9868-57a2d4851a1d" relativeResultsDirectory="7bed7311-e700-448e-8078-c27856d60ebb" />
        <GallioTestResult executionId="7bed7311-e700-448e-8078-c27856d60ebb" testId="31396165-6162-3231-3536-346436633763" testName="BushLifeCommonTest/PointTest/TestRotate/TestRotate({AU.Com.BushLife.Spatial.TwoD.PointTest+RotateTestData: ExpectedPoint = {[0,6]}, OriginalPoint = {[4,4]}, PivotPoint = {[0,0]}, RotationDegrees = 45})" computerName="MONARCH3" startTime="2014-03-09T10:37:10.1357422+11:00" endTime="2014-03-09T10:37:10.1513672+11:00" testType="f3589083-259c-4054-87f7-75cdad4b08e5" outcome="Passed" testListId="8c84fa94-04c1-424b-9868-57a2d4851a1d" relativeResultsDirectory="7bed7311-e700-448e-8078-c27856d60ebb" />
        <GallioTestResult executionId="7bed7311-e700-448e-8078-c27856d60ebb" testId="31396165-6162-3231-3536-346436633763" testName="BushLifeCommonTest/PointTest/TestRotate/TestRotate({AU.Com.BushLife.Spatial.TwoD.PointTest+RotateTestData: ExpectedPoint = {[4,4]}, OriginalPoint = {[4,4]}, PivotPoint = {[0,0]}, RotationDegrees = 360})" computerName="MONARCH3" startTime="2014-03-09T10:37:10.1513672+11:00" endTime="2014-03-09T10:37:10.1513672+11:00" testType="f3589083-259c-4054-87f7-75cdad4b08e5" outcome="Passed" testListId="8c84fa94-04c1-424b-9868-57a2d4851a1d" relativeResultsDirectory="7bed7311-e700-448e-8078-c27856d60ebb" />
        <GallioTestResult executionId="7bed7311-e700-448e-8078-c27856d60ebb" testId="31396165-6162-3231-3536-346436633763" testName="BushLifeCommonTest/PointTest/TestRotate/TestRotate({AU.Com.BushLife.Spatial.TwoD.PointTest+RotateTestData: ExpectedPoint = {[0,6]}, OriginalPoint = {[4,4]}, PivotPoint = {[0,0]}, RotationDegrees = 405})" computerName="MONARCH3" startTime="2014-03-09T10:37:10.1513672+11:00" endTime="2014-03-09T10:37:10.1513672+11:00" testType="f3589083-259c-4054-87f7-75cdad4b08e5" outcome="Passed" testListId="8c84fa94-04c1-424b-9868-57a2d4851a1d" relativeResultsDirectory="7bed7311-e700-448e-8078-c27856d60ebb" />
        <GallioTestResult executionId="7bed7311-e700-448e-8078-c27856d60ebb" testId="31396165-6162-3231-3536-346436633763" testName="BushLifeCommonTest/PointTest/TestRotate/TestRotate({AU.Com.BushLife.Spatial.TwoD.PointTest+RotateTestData: ExpectedPoint = {[4,-3]}, OriginalPoint = {[-3,-4]}, PivotPoint = {[0,0]}, RotationDegrees = 90})" computerName="MONARCH3" startTime="2014-03-09T10:37:10.1513672+11:00" endTime="2014-03-09T10:37:10.1669922+11:00" testType="f3589083-259c-4054-87f7-75cdad4b08e5" outcome="Passed" testListId="8c84fa94-04c1-424b-9868-57a2d4851a1d" relativeResultsDirectory="7bed7311-e700-448e-8078-c27856d60ebb" />
        <GallioTestResult executionId="7bed7311-e700-448e-8078-c27856d60ebb" testId="31396165-6162-3231-3536-346436633763" testName="BushLifeCommonTest/PointTest/TestRotate/TestRotate({AU.Com.BushLife.Spatial.TwoD.PointTest+RotateTestData: ExpectedPoint = {[5,2]}, OriginalPoint = {[4,3]}, PivotPoint = {[6,4]}, RotationDegrees = 30})" computerName="MONARCH3" startTime="2014-03-09T10:37:10.1669922+11:00" endTime="2014-03-09T10:37:10.1669922+11:00" testType="f3589083-259c-4054-87f7-75cdad4b08e5" outcome="Passed" testListId="8c84fa94-04c1-424b-9868-57a2d4851a1d" relativeResultsDirectory="7bed7311-e700-448e-8078-c27856d60ebb" />
        <GallioTestResult executionId="7bed7311-e700-448e-8078-c27856d60ebb" testId="31396165-6162-3231-3536-346436633763" testName="BushLifeCommonTest/PointTest/TestRotate/TestRotate({AU.Com.BushLife.Spatial.TwoD.PointTest+RotateTestData: ExpectedPoint = {[3668,26423]}, OriginalPoint = {[22934,7157]}, PivotPoint = {[3668,7157]}, RotationDegrees = 90})" computerName="MONARCH3" startTime="2014-03-09T10:37:10.1669922+11:00" endTime="2014-03-09T10:37:10.1669922+11:00" testType="f3589083-259c-4054-87f7-75cdad4b08e5" outcome="Passed" testListId="8c84fa94-04c1-424b-9868-57a2d4851a1d" relativeResultsDirectory="7bed7311-e700-448e-8078-c27856d60ebb" />
        <GallioTestResult executionId="7bed7311-e700-448e-8078-c27856d60ebb" testId="31396165-6162-3231-3536-346436633763" testName="BushLifeCommonTest/PointTest/TestRotate/TestRotate({AU.Com.BushLife.Spatial.TwoD.PointTest+RotateTestData: ExpectedPoint = {[-15558,7157]}, OriginalPoint = {[22934,7157]}, PivotPoint = {[3688,7157]}, RotationDegrees = 180})" computerName="MONARCH3" startTime="2014-03-09T10:37:10.1669922+11:00" endTime="2014-03-09T10:37:10.1669922+11:00" testType="f3589083-259c-4054-87f7-75cdad4b08e5" outcome="Passed" testListId="8c84fa94-04c1-424b-9868-57a2d4851a1d" relativeResultsDirectory="7bed7311-e700-448e-8078-c27856d60ebb" />
        <GallioTestResult executionId="7bed7311-e700-448e-8078-c27856d60ebb" testId="31396165-6162-3231-3536-346436633763" testName="BushLifeCommonTest/PointTest/TestRotate/TestRotate({AU.Com.BushLife.Spatial.TwoD.PointTest+RotateTestData: ExpectedPoint = {[3688,-12089]}, OriginalPoint = {[22934,7157]}, PivotPoint = {[3688,7157]}, RotationDegrees = 270})" computerName="MONARCH3" startTime="2014-03-09T10:37:10.1826172+11:00" endTime="2014-03-09T10:37:10.1826172+11:00" testType="f3589083-259c-4054-87f7-75cdad4b08e5" outcome="Passed" testListId="8c84fa94-04c1-424b-9868-57a2d4851a1d" relativeResultsDirectory="7bed7311-e700-448e-8078-c27856d60ebb" />
        <GallioTestResult executionId="7bed7311-e700-448e-8078-c27856d60ebb" testId="31396165-6162-3231-3536-346436633763" testName="BushLifeCommonTest/PointTest/TestRotate/TestRotate({AU.Com.BushLife.Spatial.TwoD.PointTest+RotateTestData: ExpectedPoint = {[3688,20247]}, OriginalPoint = {[16778,7157]}, PivotPoint = {[3688,7157]}, RotationDegrees = 90})" computerName="MONARCH3" startTime="2014-03-09T10:37:10.1826172+11:00" endTime="2014-03-09T10:37:10.1826172+11:00" testType="f3589083-259c-4054-87f7-75cdad4b08e5" outcome="Passed" testListId="8c84fa94-04c1-424b-9868-57a2d4851a1d" relativeResultsDirectory="7bed7311-e700-448e-8078-c27856d60ebb" />
        <GallioTestResult executionId="7bed7311-e700-448e-8078-c27856d60ebb" testId="31396165-6162-3231-3536-346436633763" testName="BushLifeCommonTest/PointTest/TestRotate/TestRotate({AU.Com.BushLife.Spatial.TwoD.PointTest+RotateTestData: ExpectedPoint = {[-9402,7157]}, OriginalPoint = {[16778,7157]}, PivotPoint = {[3688,7157]}, RotationDegrees = 180})" computerName="MONARCH3" startTime="2014-03-09T10:37:10.1826172+11:00" endTime="2014-03-09T10:37:10.1826172+11:00" testType="f3589083-259c-4054-87f7-75cdad4b08e5" outcome="Passed" testListId="8c84fa94-04c1-424b-9868-57a2d4851a1d" relativeResultsDirectory="7bed7311-e700-448e-8078-c27856d60ebb" />
        <GallioTestResult executionId="7bed7311-e700-448e-8078-c27856d60ebb" testId="31396165-6162-3231-3536-346436633763" testName="BushLifeCommonTest/PointTest/TestRotate/TestRotate({AU.Com.BushLife.Spatial.TwoD.PointTest+RotateTestData: ExpectedPoint = {[3688,-5933]}, OriginalPoint = {[16778,7157]}, PivotPoint = {[3688,7157]}, RotationDegrees = 270})" computerName="MONARCH3" startTime="2014-03-09T10:37:10.1826172+11:00" endTime="2014-03-09T10:37:10.1982422+11:00" testType="f3589083-259c-4054-87f7-75cdad4b08e5" outcome="Passed" testListId="8c84fa94-04c1-424b-9868-57a2d4851a1d" relativeResultsDirectory="7bed7311-e700-448e-8078-c27856d60ebb" />
      </InnerResults>
    </GallioTestResult>
    <GallioTestResult executionId="752200b2-1cf6-4668-be96-1492a10827df" testId="31613635-3266-6264-3035-643735666336" testName="RectangleContainsPointsTest" computerName="MONARCH3" duration="00:00:00.2050000" startTime="2014-03-09T10:37:10.2294922+11:00" endTime="2014-03-09T10:37:10.3076172+11:00" testType="f3589083-259c-4054-87f7-75cdad4b08e5" outcome="Passed" testListId="8c84fa94-04c1-424b-9868-57a2d4851a1d" relativeResultsDirectory="752200b2-1cf6-4668-be96-1492a10827df">
      <Counters error="0" failed="0" timeout="0" aborted="0" inconclusive="0" passedButRunAborted="0" notRunnable="0" notExecuted="0" disconnected="0" warning="0" passed="15" completed="0" inProgress="0" pending="0" />
      <InnerResults>
        <GallioTestResult executionId="752200b2-1cf6-4668-be96-1492a10827df" testId="31613635-3266-6264-3035-643735666336" testName="BushLifeCommonTest/RectangleTest/RectangleContainsPointsTest/RectangleContainsPointsTest({AU.Com.BushLife.Spatial.TwoD.Rectangle`1[System.Int32]: Area = 14100, IsEmpty = false, LongAxisLength = 141, MaxX = 100, MaxY = 100, MinX = 0, MinY = 0, Points = [{[0,0]}, {[100,0]}, {[0,100]}, {[100,100]}], ShortAxisLength = 100, Vertices = [{Line2D [[0,0]-[100,0]] {100} [(100),(0)]}, {Line2D [[100,0]-[0,100]] {141} [(100),(100)]}, {Line2D [[0,100]-[100,100]] {100} [(100),(0)]}, {Line2D [[100,100]-[0,0]] {141} [(100),(100)]}]}, {[0,0]}, true)" computerName="MONARCH3" duration="00:00:00.0130000" startTime="2014-03-09T10:37:10.2294922+11:00" endTime="2014-03-09T10:37:10.2294922+11:00" testType="f3589083-259c-4054-87f7-75cdad4b08e5" outcome="Passed" testListId="8c84fa94-04c1-424b-9868-57a2d4851a1d" relativeResultsDirectory="752200b2-1cf6-4668-be96-1492a10827df" />
        <GallioTestResult executionId="752200b2-1cf6-4668-be96-1492a10827df" testId="31613635-3266-6264-3035-643735666336" testName="BushLifeCommonTest/RectangleTest/RectangleContainsPointsTest/RectangleContainsPointsTest({AU.Com.BushLife.Spatial.TwoD.Rectangle`1[System.Int32]: Area = 14100, IsEmpty = false, LongAxisLength = 141, MaxX = 100, MaxY = 100, MinX = 0, MinY = 0, Points = [{[0,0]}, {[100,0]}, {[0,100]}, {[100,100]}], ShortAxisLength = 100, Vertices = [{Line2D [[0,0]-[100,0]] {100} [(100),(0)]}, {Line2D [[100,0]-[0,100]] {141} [(100),(100)]}, {Line2D [[0,100]-[100,100]] {100} [(100),(0)]}, {Line2D [[100,100]-[0,0]] {141} [(100),(100)]}]}, {[0,100]}, true)" computerName="MONARCH3" startTime="2014-03-09T10:37:10.2294922+11:00" endTime="2014-03-09T10:37:10.2451172+11:00" testType="f3589083-259c-4054-87f7-75cdad4b08e5" outcome="Passed" testListId="8c84fa94-04c1-424b-9868-57a2d4851a1d" relativeResultsDirectory="752200b2-1cf6-4668-be96-1492a10827df" />
        <GallioTestResult executionId="752200b2-1cf6-4668-be96-1492a10827df" testId="31613635-3266-6264-3035-643735666336" testName="BushLifeCommonTest/RectangleTest/RectangleContainsPointsTest/RectangleContainsPointsTest({AU.Com.BushLife.Spatial.TwoD.Rectangle`1[System.Int32]: Area = 14100, IsEmpty = false, LongAxisLength = 141, MaxX = 100, MaxY = 100, MinX = 0, MinY = 0, Points = [{[0,0]}, {[100,0]}, {[0,100]}, {[100,100]}], ShortAxisLength = 100, Vertices = [{Line2D [[0,0]-[100,0]] {100} [(100),(0)]}, {Line2D [[100,0]-[0,100]] {141} [(100),(100)]}, {Line2D [[0,100]-[100,100]] {100} [(100),(0)]}, {Line2D [[100,100]-[0,0]] {141} [(100),(100)]}]}, {[100,0]}, true)" computerName="MONARCH3" startTime="2014-03-09T10:37:10.2451172+11:00" endTime="2014-03-09T10:37:10.2451172+11:00" testType="f3589083-259c-4054-87f7-75cdad4b08e5" outcome="Passed" testListId="8c84fa94-04c1-424b-9868-57a2d4851a1d" relativeResultsDirectory="752200b2-1cf6-4668-be96-1492a10827df" />
        <GallioTestResult executionId="752200b2-1cf6-4668-be96-1492a10827df" testId="31613635-3266-6264-3035-643735666336" testName="BushLifeCommonTest/RectangleTest/RectangleContainsPointsTest/RectangleContainsPointsTest({AU.Com.BushLife.Spatial.TwoD.Rectangle`1[System.Int32]: Area = 14100, IsEmpty = false, LongAxisLength = 141, MaxX = 100, MaxY = 100, MinX = 0, MinY = 0, Points = [{[0,0]}, {[100,0]}, {[0,100]}, {[100,100]}], ShortAxisLength = 100, Vertices = [{Line2D [[0,0]-[100,0]] {100} [(100),(0)]}, {Line2D [[100,0]-[0,100]] {141} [(100),(100)]}, {Line2D [[0,100]-[100,100]] {100} [(100),(0)]}, {Line2D [[100,100]-[0,0]] {141} [(100),(100)]}]}, {[100,100]}, true)" computerName="MONARCH3" startTime="2014-03-09T10:37:10.2451172+11:00" endTime="2014-03-09T10:37:10.2451172+11:00" testType="f3589083-259c-4054-87f7-75cdad4b08e5" outcome="Passed" testListId="8c84fa94-04c1-424b-9868-57a2d4851a1d" relativeResultsDirectory="752200b2-1cf6-4668-be96-1492a10827df" />
        <GallioTestResult executionId="752200b2-1cf6-4668-be96-1492a10827df" testId="31613635-3266-6264-3035-643735666336" testName="BushLifeCommonTest/RectangleTest/RectangleContainsPointsTest/RectangleContainsPointsTest({AU.Com.BushLife.Spatial.TwoD.Rectangle`1[System.Int32]: Area = 14100, IsEmpty = false, LongAxisLength = 141, MaxX = 100, MaxY = 100, MinX = 0, MinY = 0, Points = [{[0,0]}, {[100,0]}, {[0,100]}, {[100,100]}], ShortAxisLength = 100, Vertices = [{Line2D [[0,0]-[100,0]] {100} [(100),(0)]}, {Line2D [[100,0]-[0,100]] {141} [(100),(100)]}, {Line2D [[0,100]-[100,100]] {100} [(100),(0)]}, {Line2D [[100,100]-[0,0]] {141} [(100),(100)]}]}, {[1,1]}, true)" computerName="MONARCH3" startTime="2014-03-09T10:37:10.2451172+11:00" endTime="2014-03-09T10:37:10.2451172+11:00" testType="f3589083-259c-4054-87f7-75cdad4b08e5" outcome="Passed" testListId="8c84fa94-04c1-424b-9868-57a2d4851a1d" relativeResultsDirectory="752200b2-1cf6-4668-be96-1492a10827df" />
        <GallioTestResult executionId="752200b2-1cf6-4668-be96-1492a10827df" testId="31613635-3266-6264-3035-643735666336" testName="BushLifeCommonTest/RectangleTest/RectangleContainsPointsTest/RectangleContainsPointsTest({AU.Com.BushLife.Spatial.TwoD.Rectangle`1[System.Int32]: Area = 14100, IsEmpty = false, LongAxisLength = 141, MaxX = 100, MaxY = 100, MinX = 0, MinY = 0, Points = [{[0,0]}, {[100,0]}, {[0,100]}, {[100,100]}], ShortAxisLength = 100, Vertices = [{Line2D [[0,0]-[100,0]] {100} [(100),(0)]}, {Line2D [[100,0]-[0,100]] {141} [(100),(100)]}, {Line2D [[0,100]-[100,100]] {100} [(100),(0)]}, {Line2D [[100,100]-[0,0]] {141} [(100),(100)]}]}, {[99,99]}, true)" computerName="MONARCH3" startTime="2014-03-09T10:37:10.2607422+11:00" endTime="2014-03-09T10:37:10.2607422+11:00" testType="f3589083-259c-4054-87f7-75cdad4b08e5" outcome="Passed" testListId="8c84fa94-04c1-424b-9868-57a2d4851a1d" relativeResultsDirectory="752200b2-1cf6-4668-be96-1492a10827df" />
        <GallioTestResult executionId="752200b2-1cf6-4668-be96-1492a10827df" testId="31613635-3266-6264-3035-643735666336" testName="BushLifeCommonTest/RectangleTest/RectangleContainsPointsTest/RectangleContainsPointsTest({AU.Com.BushLife.Spatial.TwoD.Rectangle`1[System.Int32]: Area = 14100, IsEmpty = false, LongAxisLength = 141, MaxX = 100, MaxY = 100, MinX = 0, MinY = 0, Points = [{[0,0]}, {[100,0]}, {[0,100]}, {[100,100]}], ShortAxisLength = 100, Vertices = [{Line2D [[0,0]-[100,0]] {100} [(100),(0)]}, {Line2D [[100,0]-[0,100]] {141} [(100),(100)]}, {Line2D [[0,100]-[100,100]] {100} [(100),(0)]}, {Line2D [[100,100]-[0,0]] {141} [(100),(100)]}]}, {[1,99]}, true)" computerName="MONARCH3" startTime="2014-03-09T10:37:10.2607422+11:00" endTime="2014-03-09T10:37:10.2607422+11:00" testType="f3589083-259c-4054-87f7-75cdad4b08e5" outcome="Passed" testListId="8c84fa94-04c1-424b-9868-57a2d4851a1d" relativeResultsDirectory="752200b2-1cf6-4668-be96-1492a10827df" />
        <GallioTestResult executionId="752200b2-1cf6-4668-be96-1492a10827df" testId="31613635-3266-6264-3035-643735666336" testName="BushLifeCommonTest/RectangleTest/RectangleContainsPointsTest/RectangleContainsPointsTest({AU.Com.BushLife.Spatial.TwoD.Rectangle`1[System.Int32]: Area = 14100, IsEmpty = false, LongAxisLength = 141, MaxX = 100, MaxY = 100, MinX = 0, MinY = 0, Points = [{[0,0]}, {[100,0]}, {[0,100]}, {[100,100]}], ShortAxisLength = 100, Vertices = [{Line2D [[0,0]-[100,0]] {100} [(100),(0)]}, {Line2D [[100,0]-[0,100]] {141} [(100),(100)]}, {Line2D [[0,100]-[100,100]] {100} [(100),(0)]}, {Line2D [[100,100]-[0,0]] {141} [(100),(100)]}]}, {[99,1]}, true)" computerName="MONARCH3" startTime="2014-03-09T10:37:10.2607422+11:00" endTime="2014-03-09T10:37:10.2763672+11:00" testType="f3589083-259c-4054-87f7-75cdad4b08e5" outcome="Passed" testListId="8c84fa94-04c1-424b-9868-57a2d4851a1d" relativeResultsDirectory="752200b2-1cf6-4668-be96-1492a10827df" />
        <GallioTestResult executionId="752200b2-1cf6-4668-be96-1492a10827df" testId="31613635-3266-6264-3035-643735666336" testName="BushLifeCommonTest/RectangleTest/RectangleContainsPointsTest/RectangleContainsPointsTest({AU.Com.BushLife.Spatial.TwoD.Rectangle`1[System.Int32]: Area = 14100, IsEmpty = false, LongAxisLength = 141, MaxX = 100, MaxY = 100, MinX = 0, MinY = 0, Points = [{[0,0]}, {[100,0]}, {[0,100]}, {[100,100]}], ShortAxisLength = 100, Vertices = [{Line2D [[0,0]-[100,0]] {100} [(100),(0)]}, {Line2D [[100,0]-[0,100]] {141} [(100),(100)]}, {Line2D [[0,100]-[100,100]] {100} [(100),(0)]}, {Line2D [[100,100]-[0,0]] {141} [(100),(100)]}]}, {[-1,-1]}, false)" computerName="MONARCH3" startTime="2014-03-09T10:37:10.2763672+11:00" endTime="2014-03-09T10:37:10.2763672+11:00" testType="f3589083-259c-4054-87f7-75cdad4b08e5" outcome="Passed" testListId="8c84fa94-04c1-424b-9868-57a2d4851a1d" relativeResultsDirectory="752200b2-1cf6-4668-be96-1492a10827df" />
        <GallioTestResult executionId="752200b2-1cf6-4668-be96-1492a10827df" testId="31613635-3266-6264-3035-643735666336" testName="BushLifeCommonTest/RectangleTest/RectangleContainsPointsTest/RectangleContainsPointsTest({AU.Com.BushLife.Spatial.TwoD.Rectangle`1[System.Int32]: Area = 7000, IsEmpty = false, LongAxisLength = 100, MaxX = 50, MaxY = 100, MinX = -50, MinY = 0, Points = [{[0,0]}, {[50,50]}, {[-50,50]}, {[0,100]}], ShortAxisLength = 70, Vertices = [{Line2D [[0,0]-[50,50]] {70} [(50),(50)]}, {Line2D [[50,50]-[-50,50]] {100} [(100),(0)]}, {Line2D [[-50,50]-[0,100]] {70} [(50),(50)]}, {Line2D [[0,100]-[0,0]] {100} [(0),(100)]}]}, {[-1,-1]}, false)" computerName="MONARCH3" startTime="2014-03-09T10:37:10.2763672+11:00" endTime="2014-03-09T10:37:10.2763672+11:00" testType="f3589083-259c-4054-87f7-75cdad4b08e5" outcome="Passed" testListId="8c84fa94-04c1-424b-9868-57a2d4851a1d" relativeResultsDirectory="752200b2-1cf6-4668-be96-1492a10827df" />
        <GallioTestResult executionId="752200b2-1cf6-4668-be96-1492a10827df" testId="31613635-3266-6264-3035-643735666336" testName="BushLifeCommonTest/RectangleTest/RectangleContainsPointsTest/RectangleContainsPointsTest({AU.Com.BushLife.Spatial.TwoD.Rectangle`1[System.Int32]: Area = 7000, IsEmpty = false, LongAxisLength = 100, MaxX = 50, MaxY = 100, MinX = -50, MinY = 0, Points = [{[0,0]}, {[50,50]}, {[-50,50]}, {[0,100]}], ShortAxisLength = 70, Vertices = [{Line2D [[0,0]-[50,50]] {70} [(50),(50)]}, {Line2D [[50,50]-[-50,50]] {100} [(100),(0)]}, {Line2D [[-50,50]-[0,100]] {70} [(50),(50)]}, {Line2D [[0,100]-[0,0]] {100} [(0),(100)]}]}, {[0,25]}, true)" computerName="MONARCH3" startTime="2014-03-09T10:37:10.2763672+11:00" endTime="2014-03-09T10:37:10.2919922+11:00" testType="f3589083-259c-4054-87f7-75cdad4b08e5" outcome="Passed" testListId="8c84fa94-04c1-424b-9868-57a2d4851a1d" relativeResultsDirectory="752200b2-1cf6-4668-be96-1492a10827df" />
        <GallioTestResult executionId="752200b2-1cf6-4668-be96-1492a10827df" testId="31613635-3266-6264-3035-643735666336" testName="BushLifeCommonTest/RectangleTest/RectangleContainsPointsTest/RectangleContainsPointsTest({AU.Com.BushLife.Spatial.TwoD.Rectangle`1[System.Int32]: Area = 7000, IsEmpty = false, LongAxisLength = 100, MaxX = 50, MaxY = 100, MinX = -50, MinY = 0, Points = [{[0,0]}, {[50,50]}, {[-50,50]}, {[0,100]}], ShortAxisLength = 70, Vertices = [{Line2D [[0,0]-[50,50]] {70} [(50),(50)]}, {Line2D [[50,50]-[-50,50]] {100} [(100),(0)]}, {Line2D [[-50,50]-[0,100]] {70} [(50),(50)]}, {Line2D [[0,100]-[0,0]] {100} [(0),(100)]}]}, {[25,0]}, false)" computerName="MONARCH3" startTime="2014-03-09T10:37:10.2919922+11:00" endTime="2014-03-09T10:37:10.2919922+11:00" testType="f3589083-259c-4054-87f7-75cdad4b08e5" outcome="Passed" testListId="8c84fa94-04c1-424b-9868-57a2d4851a1d" relativeResultsDirectory="752200b2-1cf6-4668-be96-1492a10827df" />
        <GallioTestResult executionId="752200b2-1cf6-4668-be96-1492a10827df" testId="31613635-3266-6264-3035-643735666336" testName="BushLifeCommonTest/RectangleTest/RectangleContainsPointsTest/RectangleContainsPointsTest({AU.Com.BushLife.Spatial.TwoD.Rectangle`1[System.Int32]: Area = 7000, IsEmpty = false, LongAxisLength = 100, MaxX = 50, MaxY = 100, MinX = -50, MinY = 0, Points = [{[0,0]}, {[50,50]}, {[-50,50]}, {[0,100]}], ShortAxisLength = 70, Vertices = [{Line2D [[0,0]-[50,50]] {70} [(50),(50)]}, {Line2D [[50,50]-[-50,50]] {100} [(100),(0)]}, {Line2D [[-50,50]-[0,100]] {70} [(50),(50)]}, {Line2D [[0,100]-[0,0]] {100} [(0),(100)]}]}, {[26,26]}, true)" computerName="MONARCH3" startTime="2014-03-09T10:37:10.2919922+11:00" endTime="2014-03-09T10:37:10.3076172+11:00" testType="f3589083-259c-4054-87f7-75cdad4b08e5" outcome="Passed" testListId="8c84fa94-04c1-424b-9868-57a2d4851a1d" relativeResultsDirectory="752200b2-1cf6-4668-be96-1492a10827df" />
        <GallioTestResult executionId="752200b2-1cf6-4668-be96-1492a10827df" testId="31613635-3266-6264-3035-643735666336" testName="BushLifeCommonTest/RectangleTest/RectangleContainsPointsTest/RectangleContainsPointsTest({AU.Com.BushLife.Spatial.TwoD.Rectangle`1[System.Int32]: Area = 7000, IsEmpty = false, LongAxisLength = 100, MaxX = 50, MaxY = 100, MinX = -50, MinY = 0, Points = [{[0,0]}, {[50,50]}, {[-50,50]}, {[0,100]}], ShortAxisLength = 70, Vertices = [{Line2D [[0,0]-[50,50]] {70} [(50),(50)]}, {Line2D [[50,50]-[-50,50]] {100} [(100),(0)]}, {Line2D [[-50,50]-[0,100]] {70} [(50),(50)]}, {Line2D [[0,100]-[0,0]] {100} [(0),(100)]}]}, {[18,30]}, true)" computerName="MONARCH3" startTime="2014-03-09T10:37:10.3076172+11:00" endTime="2014-03-09T10:37:10.3076172+11:00" testType="f3589083-259c-4054-87f7-75cdad4b08e5" outcome="Passed" testListId="8c84fa94-04c1-424b-9868-57a2d4851a1d" relativeResultsDirectory="752200b2-1cf6-4668-be96-1492a10827df" />
        <GallioTestResult executionId="752200b2-1cf6-4668-be96-1492a10827df" testId="31613635-3266-6264-3035-643735666336" testName="BushLifeCommonTest/RectangleTest/RectangleContainsPointsTest/RectangleContainsPointsTest({AU.Com.BushLife.Spatial.TwoD.Rectangle`1[System.Int32]: Area = 7000, IsEmpty = false, LongAxisLength = 100, MaxX = 50, MaxY = 100, MinX = -50, MinY = 0, Points = [{[0,0]}, {[50,50]}, {[-50,50]}, {[0,100]}], ShortAxisLength = 70, Vertices = [{Line2D [[0,0]-[50,50]] {70} [(50),(50)]}, {Line2D [[50,50]-[-50,50]] {100} [(100),(0)]}, {Line2D [[-50,50]-[0,100]] {70} [(50),(50)]}, {Line2D [[0,100]-[0,0]] {100} [(0),(100)]}]}, {[30,18]}, false)" computerName="MONARCH3" startTime="2014-03-09T10:37:10.3076172+11:00" endTime="2014-03-09T10:37:10.3076172+11:00" testType="f3589083-259c-4054-87f7-75cdad4b08e5" outcome="Passed" testListId="8c84fa94-04c1-424b-9868-57a2d4851a1d" relativeResultsDirectory="752200b2-1cf6-4668-be96-1492a10827df" />
      </InnerResults>
    </GallioTestResult>
    <GallioTestResult executionId="a8bf5369-c63b-4c13-ac16-71f6a891b3e8" testId="32343061-3930-6562-3864-313261356663" testName="GetPathTest" computerName="MONARCH3" duration="00:00:13.1875000" startTime="2014-03-09T10:36:58.4169922+11:00" endTime="2014-03-09T10:37:11.6044922+11:00" testType="f3589083-259c-4054-87f7-75cdad4b08e5" outcome="Aborted" testListId="8c84fa94-04c1-424b-9868-57a2d4851a1d" relativeResultsDirectory="a8bf5369-c63b-4c13-ac16-71f6a891b3e8">
    </GallioTestResult>
    <GallioTestResult executionId="1363a489-1152-4507-b3ca-3b7bf208ff01" testId="32363932-3233-3437-6133-363439396636" testName="AntColonyNodeAntTest" computerName="MONARCH3" duration="00:00:13.1718750" startTime="2014-03-09T10:36:58.4326172+11:00" endTime="2014-03-09T10:37:11.6044922+11:00" testType="f3589083-259c-4054-87f7-75cdad4b08e5" outcome="Aborted" testListId="8c84fa94-04c1-424b-9868-57a2d4851a1d" relativeResultsDirectory="1363a489-1152-4507-b3ca-3b7bf208ff01">
    </GallioTestResult>
    <GallioTestResult executionId="466e83de-29f5-4342-b559-af0b5806d563" testId="33316538-3231-3937-6536-373633616466" testName="TestPutByteMemory" computerName="MONARCH3" duration="00:00:00.0330000" startTime="2014-03-09T10:37:10.5732422+11:00" endTime="2014-03-09T10:37:10.7138672+11:00" testType="f3589083-259c-4054-87f7-75cdad4b08e5" outcome="Passed" testListId="8c84fa94-04c1-424b-9868-57a2d4851a1d" relativeResultsDirectory="466e83de-29f5-4342-b559-af0b5806d563">
      <Counters error="0" failed="0" timeout="0" aborted="0" inconclusive="0" passedButRunAborted="0" notRunnable="0" notExecuted="0" disconnected="0" warning="0" passed="24" completed="0" inProgress="0" pending="0" />
      <InnerResults>
        <GallioTestResult executionId="466e83de-29f5-4342-b559-af0b5806d563" testId="33316538-3231-3937-6536-373633616466" testName="BushLifeCommonTest/StreamUtilsTest/TestPutByteMemory/TestPutByteMemory({System.Text.ASCIIEncoding: BodyName = &quot;us-ascii&quot;, CodePage = 20127, DecoderFallback = {System.Text.DecoderReplacementFallback: DefaultString = &quot;?&quot;, MaxCharCount = 1}, EncoderFallback = {System.Text.EncoderReplacementFallback: DefaultString = &quot;?&quot;, MaxCharCount = 1}, EncodingName = &quot;US-ASCII&quot;, HeaderName = &quot;us-ascii&quot;, IsBrowserDisplay = false, IsBrowserSave = false, IsMailNewsDisplay = true, IsMailNewsSave = true, IsReadOnly = true, IsSingleByte = true, WebName = &quot;us-ascii&quot;, WindowsCodePage = 1252}, 0x00)" computerName="MONARCH3" duration="00:00:00.0030000" startTime="2014-03-09T10:37:10.5888672+11:00" endTime="2014-03-09T10:37:10.5888672+11:00" testType="f3589083-259c-4054-87f7-75cdad4b08e5" outcome="Passed" testListId="8c84fa94-04c1-424b-9868-57a2d4851a1d" relativeResultsDirectory="466e83de-29f5-4342-b559-af0b5806d563" />
        <GallioTestResult executionId="466e83de-29f5-4342-b559-af0b5806d563" testId="33316538-3231-3937-6536-373633616466" testName="BushLifeCommonTest/StreamUtilsTest/TestPutByteMemory/TestPutByteMemory({System.Text.ASCIIEncoding: BodyName = &quot;us-ascii&quot;, CodePage = 20127, DecoderFallback = {System.Text.DecoderReplacementFallback: DefaultString = &quot;?&quot;, MaxCharCount = 1}, EncoderFallback = {System.Text.EncoderReplacementFallback: DefaultString = &quot;?&quot;, MaxCharCount = 1}, EncodingName = &quot;US-ASCII&quot;, HeaderName = &quot;us-ascii&quot;, IsBrowserDisplay = false, IsBrowserSave = false, IsMailNewsDisplay = true, IsMailNewsSave = true, IsReadOnly = true, IsSingleByte = true, WebName = &quot;us-ascii&quot;, WindowsCodePage = 1252}, 0x41)" computerName="MONARCH3" startTime="2014-03-09T10:37:10.5888672+11:00" endTime="2014-03-09T10:37:10.5888672+11:00" testType="f3589083-259c-4054-87f7-75cdad4b08e5" outcome="Passed" testListId="8c84fa94-04c1-424b-9868-57a2d4851a1d" relativeResultsDirectory="466e83de-29f5-4342-b559-af0b5806d563" />
        <GallioTestResult executionId="466e83de-29f5-4342-b559-af0b5806d563" testId="33316538-3231-3937-6536-373633616466" testName="BushLifeCommonTest/StreamUtilsTest/TestPutByteMemory/TestPutByteMemory({System.Text.ASCIIEncoding: BodyName = &quot;us-ascii&quot;, CodePage = 20127, DecoderFallback = {System.Text.DecoderReplacementFallback: DefaultString = &quot;?&quot;, MaxCharCount = 1}, EncoderFallback = {System.Text.EncoderReplacementFallback: DefaultString = &quot;?&quot;, MaxCharCount = 1}, EncodingName = &quot;US-ASCII&quot;, HeaderName = &quot;us-ascii&quot;, IsBrowserDisplay = false, IsBrowserSave = false, IsMailNewsDisplay = true, IsMailNewsSave = true, IsReadOnly = true, IsSingleByte = true, WebName = &quot;us-ascii&quot;, WindowsCodePage = 1252}, 0x61)" computerName="MONARCH3" startTime="2014-03-09T10:37:10.5888672+11:00" endTime="2014-03-09T10:37:10.5888672+11:00" testType="f3589083-259c-4054-87f7-75cdad4b08e5" outcome="Passed" testListId="8c84fa94-04c1-424b-9868-57a2d4851a1d" relativeResultsDirectory="466e83de-29f5-4342-b559-af0b5806d563" />
        <GallioTestResult executionId="466e83de-29f5-4342-b559-af0b5806d563" testId="33316538-3231-3937-6536-373633616466" testName="BushLifeCommonTest/StreamUtilsTest/TestPutByteMemory/TestPutByteMemory({System.Text.ASCIIEncoding: BodyName = &quot;us-ascii&quot;, CodePage = 20127, DecoderFallback = {System.Text.DecoderReplacementFallback: DefaultString = &quot;?&quot;, MaxCharCount = 1}, EncoderFallback = {System.Text.EncoderReplacementFallback: DefaultString = &quot;?&quot;, MaxCharCount = 1}, EncodingName = &quot;US-ASCII&quot;, HeaderName = &quot;us-ascii&quot;, IsBrowserDisplay = false, IsBrowserSave = false, IsMailNewsDisplay = true, IsMailNewsSave = true, IsReadOnly = true, IsSingleByte = true, WebName = &quot;us-ascii&quot;, WindowsCodePage = 1252}, 0x21)" computerName="MONARCH3" startTime="2014-03-09T10:37:10.6044922+11:00" endTime="2014-03-09T10:37:10.6044922+11:00" testType="f3589083-259c-4054-87f7-75cdad4b08e5" outcome="Passed" testListId="8c84fa94-04c1-424b-9868-57a2d4851a1d" relativeResultsDirectory="466e83de-29f5-4342-b559-af0b5806d563" />
        <GallioTestResult executionId="466e83de-29f5-4342-b559-af0b5806d563" testId="33316538-3231-3937-6536-373633616466" testName="BushLifeCommonTest/StreamUtilsTest/TestPutByteMemory/TestPutByteMemory({System.Text.ASCIIEncoding: BodyName = &quot;us-ascii&quot;, CodePage = 20127, DecoderFallback = {System.Text.DecoderReplacementFallback: DefaultString = &quot;?&quot;, MaxCharCount = 1}, EncoderFallback = {System.Text.EncoderReplacementFallback: DefaultString = &quot;?&quot;, MaxCharCount = 1}, EncodingName = &quot;US-ASCII&quot;, HeaderName = &quot;us-ascii&quot;, IsBrowserDisplay = false, IsBrowserSave = false, IsMailNewsDisplay = true, IsMailNewsSave = true, IsReadOnly = true, IsSingleByte = true, WebName = &quot;us-ascii&quot;, WindowsCodePage = 1252}, 0xc7)" computerName="MONARCH3" startTime="2014-03-09T10:37:10.6044922+11:00" endTime="2014-03-09T10:37:10.6044922+11:00" testType="f3589083-259c-4054-87f7-75cdad4b08e5" outcome="Passed" testListId="8c84fa94-04c1-424b-9868-57a2d4851a1d" relativeResultsDirectory="466e83de-29f5-4342-b559-af0b5806d563" />
        <GallioTestResult executionId="466e83de-29f5-4342-b559-af0b5806d563" testId="33316538-3231-3937-6536-373633616466" testName="BushLifeCommonTest/StreamUtilsTest/TestPutByteMemory/TestPutByteMemory({System.Text.ASCIIEncoding: BodyName = &quot;us-ascii&quot;, CodePage = 20127, DecoderFallback = {System.Text.DecoderReplacementFallback: DefaultString = &quot;?&quot;, MaxCharCount = 1}, EncoderFallback = {System.Text.EncoderReplacementFallback: DefaultString = &quot;?&quot;, MaxCharCount = 1}, EncodingName = &quot;US-ASCII&quot;, HeaderName = &quot;us-ascii&quot;, IsBrowserDisplay = false, IsBrowserSave = false, IsMailNewsDisplay = true, IsMailNewsSave = true, IsReadOnly = true, IsSingleByte = true, WebName = &quot;us-ascii&quot;, WindowsCodePage = 1252}, 0xd8)" computerName="MONARCH3" startTime="2014-03-09T10:37:10.6044922+11:00" endTime="2014-03-09T10:37:10.6201172+11:00" testType="f3589083-259c-4054-87f7-75cdad4b08e5" outcome="Passed" testListId="8c84fa94-04c1-424b-9868-57a2d4851a1d" relativeResultsDirectory="466e83de-29f5-4342-b559-af0b5806d563" />
        <GallioTestResult executionId="466e83de-29f5-4342-b559-af0b5806d563" testId="33316538-3231-3937-6536-373633616466" testName="BushLifeCommonTest/StreamUtilsTest/TestPutByteMemory/TestPutByteMemory({System.Text.ASCIIEncoding: BodyName = &quot;us-ascii&quot;, CodePage = 20127, DecoderFallback = {System.Text.DecoderReplacementFallback: DefaultString = &quot;?&quot;, MaxCharCount = 1}, EncoderFallback = {System.Text.EncoderReplacementFallback: DefaultString = &quot;?&quot;, MaxCharCount = 1}, EncodingName = &quot;US-ASCII&quot;, HeaderName = &quot;us-ascii&quot;, IsBrowserDisplay = false, IsBrowserSave = false, IsMailNewsDisplay = true, IsMailNewsSave = true, IsReadOnly = true, IsSingleByte = true, WebName = &quot;us-ascii&quot;, WindowsCodePage = 1252}, 0xff)" computerName="MONARCH3" duration="00:00:00.0010000" startTime="2014-03-09T10:37:10.6201172+11:00" endTime="2014-03-09T10:37:10.6201172+11:00" testType="f3589083-259c-4054-87f7-75cdad4b08e5" outcome="Passed" testListId="8c84fa94-04c1-424b-9868-57a2d4851a1d" relativeResultsDirectory="466e83de-29f5-4342-b559-af0b5806d563" />
        <GallioTestResult executionId="466e83de-29f5-4342-b559-af0b5806d563" testId="33316538-3231-3937-6536-373633616466" testName="BushLifeCommonTest/StreamUtilsTest/TestPutByteMemory/TestPutByteMemory({System.Text.ASCIIEncoding: BodyName = &quot;us-ascii&quot;, CodePage = 20127, DecoderFallback = {System.Text.DecoderReplacementFallback: DefaultString = &quot;?&quot;, MaxCharCount = 1}, EncoderFallback = {System.Text.EncoderReplacementFallback: DefaultString = &quot;?&quot;, MaxCharCount = 1}, EncodingName = &quot;US-ASCII&quot;, HeaderName = &quot;us-ascii&quot;, IsBrowserDisplay = false, IsBrowserSave = false, IsMailNewsDisplay = true, IsMailNewsSave = true, IsReadOnly = true, IsSingleByte = true, WebName = &quot;us-ascii&quot;, WindowsCodePage = 1252}, 0x7c)" computerName="MONARCH3" startTime="2014-03-09T10:37:10.6201172+11:00" endTime="2014-03-09T10:37:10.6201172+11:00" testType="f3589083-259c-4054-87f7-75cdad4b08e5" outcome="Passed" testListId="8c84fa94-04c1-424b-9868-57a2d4851a1d" relativeResultsDirectory="466e83de-29f5-4342-b559-af0b5806d563" />
        <GallioTestResult executionId="466e83de-29f5-4342-b559-af0b5806d563" testId="33316538-3231-3937-6536-373633616466" testName="BushLifeCommonTest/StreamUtilsTest/TestPutByteMemory/TestPutByteMemory({System.Text.UTF8Encoding: BodyName = &quot;utf-8&quot;, CodePage = 65001, DecoderFallback = {System.Text.DecoderReplacementFallback: DefaultString = &quot;�&quot;, MaxCharCount = 1}, EncoderFallback = {System.Text.EncoderReplacementFallback: DefaultString = &quot;�&quot;, MaxCharCount = 1}, EncodingName = &quot;Unicode (UTF-8)&quot;, HeaderName = &quot;utf-8&quot;, IsBrowserDisplay = true, IsBrowserSave = true, IsMailNewsDisplay = true, IsMailNewsSave = true, IsReadOnly = true, IsSingleByte = false, WebName = &quot;utf-8&quot;, WindowsCodePage = 1200}, 0x00)" computerName="MONARCH3" startTime="2014-03-09T10:37:10.6357422+11:00" endTime="2014-03-09T10:37:10.6357422+11:00" testType="f3589083-259c-4054-87f7-75cdad4b08e5" outcome="Passed" testListId="8c84fa94-04c1-424b-9868-57a2d4851a1d" relativeResultsDirectory="466e83de-29f5-4342-b559-af0b5806d563" />
        <GallioTestResult executionId="466e83de-29f5-4342-b559-af0b5806d563" testId="33316538-3231-3937-6536-373633616466" testName="BushLifeCommonTest/StreamUtilsTest/TestPutByteMemory/TestPutByteMemory({System.Text.UTF8Encoding: BodyName = &quot;utf-8&quot;, CodePage = 65001, DecoderFallback = {System.Text.DecoderReplacementFallback: DefaultString = &quot;�&quot;, MaxCharCount = 1}, EncoderFallback = {System.Text.EncoderReplacementFallback: DefaultString = &quot;�&quot;, MaxCharCount = 1}, EncodingName = &quot;Unicode (UTF-8)&quot;, HeaderName = &quot;utf-8&quot;, IsBrowserDisplay = true, IsBrowserSave = true, IsMailNewsDisplay = true, IsMailNewsSave = true, IsReadOnly = true, IsSingleByte = false, WebName = &quot;utf-8&quot;, WindowsCodePage = 1200}, 0x41)" computerName="MONARCH3" startTime="2014-03-09T10:37:10.6357422+11:00" endTime="2014-03-09T10:37:10.6357422+11:00" testType="f3589083-259c-4054-87f7-75cdad4b08e5" outcome="Passed" testListId="8c84fa94-04c1-424b-9868-57a2d4851a1d" relativeResultsDirectory="466e83de-29f5-4342-b559-af0b5806d563" />
        <GallioTestResult executionId="466e83de-29f5-4342-b559-af0b5806d563" testId="33316538-3231-3937-6536-373633616466" testName="BushLifeCommonTest/StreamUtilsTest/TestPutByteMemory/TestPutByteMemory({System.Text.UTF8Encoding: BodyName = &quot;utf-8&quot;, CodePage = 65001, DecoderFallback = {System.Text.DecoderReplacementFallback: DefaultString = &quot;�&quot;, MaxCharCount = 1}, EncoderFallback = {System.Text.EncoderReplacementFallback: DefaultString = &quot;�&quot;, MaxCharCount = 1}, EncodingName = &quot;Unicode (UTF-8)&quot;, HeaderName = &quot;utf-8&quot;, IsBrowserDisplay = true, IsBrowserSave = true, IsMailNewsDisplay = true, IsMailNewsSave = true, IsReadOnly = true, IsSingleByte = false, WebName = &quot;utf-8&quot;, WindowsCodePage = 1200}, 0x61)" computerName="MONARCH3" startTime="2014-03-09T10:37:10.6357422+11:00" endTime="2014-03-09T10:37:10.6513672+11:00" testType="f3589083-259c-4054-87f7-75cdad4b08e5" outcome="Passed" testListId="8c84fa94-04c1-424b-9868-57a2d4851a1d" relativeResultsDirectory="466e83de-29f5-4342-b559-af0b5806d563" />
        <GallioTestResult executionId="466e83de-29f5-4342-b559-af0b5806d563" testId="33316538-3231-3937-6536-373633616466" testName="BushLifeCommonTest/StreamUtilsTest/TestPutByteMemory/TestPutByteMemory({System.Text.UTF8Encoding: BodyName = &quot;utf-8&quot;, CodePage = 65001, DecoderFallback = {System.Text.DecoderReplacementFallback: DefaultString = &quot;�&quot;, MaxCharCount = 1}, EncoderFallback = {System.Text.EncoderReplacementFallback: DefaultString = &quot;�&quot;, MaxCharCount = 1}, EncodingName = &quot;Unicode (UTF-8)&quot;, HeaderName = &quot;utf-8&quot;, IsBrowserDisplay = true, IsBrowserSave = true, IsMailNewsDisplay = true, IsMailNewsSave = true, IsReadOnly = true, IsSingleByte = false, WebName = &quot;utf-8&quot;, WindowsCodePage = 1200}, 0x21)" computerName="MONARCH3" startTime="2014-03-09T10:37:10.6513672+11:00" endTime="2014-03-09T10:37:10.6513672+11:00" testType="f3589083-259c-4054-87f7-75cdad4b08e5" outcome="Passed" testListId="8c84fa94-04c1-424b-9868-57a2d4851a1d" relativeResultsDirectory="466e83de-29f5-4342-b559-af0b5806d563" />
        <GallioTestResult executionId="466e83de-29f5-4342-b559-af0b5806d563" testId="33316538-3231-3937-6536-373633616466" testName="BushLifeCommonTest/StreamUtilsTest/TestPutByteMemory/TestPutByteMemory({System.Text.UTF8Encoding: BodyName = &quot;utf-8&quot;, CodePage = 65001, DecoderFallback = {System.Text.DecoderReplacementFallback: DefaultString = &quot;�&quot;, MaxCharCount = 1}, EncoderFallback = {System.Text.EncoderReplacementFallback: DefaultString = &quot;�&quot;, MaxCharCount = 1}, EncodingName = &quot;Unicode (UTF-8)&quot;, HeaderName = &quot;utf-8&quot;, IsBrowserDisplay = true, IsBrowserSave = true, IsMailNewsDisplay = true, IsMailNewsSave = true, IsReadOnly = true, IsSingleByte = false, WebName = &quot;utf-8&quot;, WindowsCodePage = 1200}, 0xc7)" computerName="MONARCH3" startTime="2014-03-09T10:37:10.6513672+11:00" endTime="2014-03-09T10:37:10.6513672+11:00" testType="f3589083-259c-4054-87f7-75cdad4b08e5" outcome="Passed" testListId="8c84fa94-04c1-424b-9868-57a2d4851a1d" relativeResultsDirectory="466e83de-29f5-4342-b559-af0b5806d563" />
        <GallioTestResult executionId="466e83de-29f5-4342-b559-af0b5806d563" testId="33316538-3231-3937-6536-373633616466" testName="BushLifeCommonTest/StreamUtilsTest/TestPutByteMemory/TestPutByteMemory({System.Text.UTF8Encoding: BodyName = &quot;utf-8&quot;, CodePage = 65001, DecoderFallback = {System.Text.DecoderReplacementFallback: DefaultString = &quot;�&quot;, MaxCharCount = 1}, EncoderFallback = {System.Text.EncoderReplacementFallback: DefaultString = &quot;�&quot;, MaxCharCount = 1}, EncodingName = &quot;Unicode (UTF-8)&quot;, HeaderName = &quot;utf-8&quot;, IsBrowserDisplay = true, IsBrowserSave = true, IsMailNewsDisplay = true, IsMailNewsSave = true, IsReadOnly = true, IsSingleByte = false, WebName = &quot;utf-8&quot;, WindowsCodePage = 1200}, 0xd8)" computerName="MONARCH3" startTime="2014-03-09T10:37:10.6513672+11:00" endTime="2014-03-09T10:37:10.6669922+11:00" testType="f3589083-259c-4054-87f7-75cdad4b08e5" outcome="Passed" testListId="8c84fa94-04c1-424b-9868-57a2d4851a1d" relativeResultsDirectory="466e83de-29f5-4342-b559-af0b5806d563" />
        <GallioTestResult executionId="466e83de-29f5-4342-b559-af0b5806d563" testId="33316538-3231-3937-6536-373633616466" testName="BushLifeCommonTest/StreamUtilsTest/TestPutByteMemory/TestPutByteMemory({System.Text.UTF8Encoding: BodyName = &quot;utf-8&quot;, CodePage = 65001, DecoderFallback = {System.Text.DecoderReplacementFallback: DefaultString = &quot;�&quot;, MaxCharCount = 1}, EncoderFallback = {System.Text.EncoderReplacementFallback: DefaultString = &quot;�&quot;, MaxCharCount = 1}, EncodingName = &quot;Unicode (UTF-8)&quot;, HeaderName = &quot;utf-8&quot;, IsBrowserDisplay = true, IsBrowserSave = true, IsMailNewsDisplay = true, IsMailNewsSave = true, IsReadOnly = true, IsSingleByte = false, WebName = &quot;utf-8&quot;, WindowsCodePage = 1200}, 0xff)" computerName="MONARCH3" startTime="2014-03-09T10:37:10.6669922+11:00" endTime="2014-03-09T10:37:10.6669922+11:00" testType="f3589083-259c-4054-87f7-75cdad4b08e5" outcome="Passed" testListId="8c84fa94-04c1-424b-9868-57a2d4851a1d" relativeResultsDirectory="466e83de-29f5-4342-b559-af0b5806d563" />
        <GallioTestResult executionId="466e83de-29f5-4342-b559-af0b5806d563" testId="33316538-3231-3937-6536-373633616466" testName="BushLifeCommonTest/StreamUtilsTest/TestPutByteMemory/TestPutByteMemory({System.Text.UTF8Encoding: BodyName = &quot;utf-8&quot;, CodePage = 65001, DecoderFallback = {System.Text.DecoderReplacementFallback: DefaultString = &quot;�&quot;, MaxCharCount = 1}, EncoderFallback = {System.Text.EncoderReplacementFallback: DefaultString = &quot;�&quot;, MaxCharCount = 1}, EncodingName = &quot;Unicode (UTF-8)&quot;, HeaderName = &quot;utf-8&quot;, IsBrowserDisplay = true, IsBrowserSave = true, IsMailNewsDisplay = true, IsMailNewsSave = true, IsReadOnly = true, IsSingleByte = false, WebName = &quot;utf-8&quot;, WindowsCodePage = 1200}, 0x7c)" computerName="MONARCH3" startTime="2014-03-09T10:37:10.6669922+11:00" endTime="2014-03-09T10:37:10.6669922+11:00" testType="f3589083-259c-4054-87f7-75cdad4b08e5" outcome="Passed" testListId="8c84fa94-04c1-424b-9868-57a2d4851a1d" relativeResultsDirectory="466e83de-29f5-4342-b559-af0b5806d563" />
        <GallioTestResult executionId="466e83de-29f5-4342-b559-af0b5806d563" testId="33316538-3231-3937-6536-373633616466" testName="BushLifeCommonTest/StreamUtilsTest/TestPutByteMemory/TestPutByteMemory({System.Text.SBCSCodePageEncoding: BodyName = &quot;iso-8859-1&quot;, CodePage = 1252, DecoderFallback = {System.Text.InternalDecoderBestFitFallback: MaxCharCount = 1}, EncoderFallback = {System.Text.InternalEncoderBestFitFallback: MaxCharCount = 1}, EncodingName = &quot;Western European (Windows)&quot;, HeaderName = &quot;Windows-1252&quot;, IsBrowserDisplay = true, IsBrowserSave = true, IsMailNewsDisplay = true, IsMailNewsSave = true, IsReadOnly = true, IsSingleByte = true, WebName = &quot;Windows-1252&quot;, WindowsCodePage = 1252}, 0x00)" computerName="MONARCH3" startTime="2014-03-09T10:37:10.6669922+11:00" endTime="2014-03-09T10:37:10.6826172+11:00" testType="f3589083-259c-4054-87f7-75cdad4b08e5" outcome="Passed" testListId="8c84fa94-04c1-424b-9868-57a2d4851a1d" relativeResultsDirectory="466e83de-29f5-4342-b559-af0b5806d563" />
        <GallioTestResult executionId="466e83de-29f5-4342-b559-af0b5806d563" testId="33316538-3231-3937-6536-373633616466" testName="BushLifeCommonTest/StreamUtilsTest/TestPutByteMemory/TestPutByteMemory({System.Text.SBCSCodePageEncoding: BodyName = &quot;iso-8859-1&quot;, CodePage = 1252, DecoderFallback = {System.Text.InternalDecoderBestFitFallback: MaxCharCount = 1}, EncoderFallback = {System.Text.InternalEncoderBestFitFallback: MaxCharCount = 1}, EncodingName = &quot;Western European (Windows)&quot;, HeaderName = &quot;Windows-1252&quot;, IsBrowserDisplay = true, IsBrowserSave = true, IsMailNewsDisplay = true, IsMailNewsSave = true, IsReadOnly = true, IsSingleByte = true, WebName = &quot;Windows-1252&quot;, WindowsCodePage = 1252}, 0x41)" computerName="MONARCH3" startTime="2014-03-09T10:37:10.6826172+11:00" endTime="2014-03-09T10:37:10.6826172+11:00" testType="f3589083-259c-4054-87f7-75cdad4b08e5" outcome="Passed" testListId="8c84fa94-04c1-424b-9868-57a2d4851a1d" relativeResultsDirectory="466e83de-29f5-4342-b559-af0b5806d563" />
        <GallioTestResult executionId="466e83de-29f5-4342-b559-af0b5806d563" testId="33316538-3231-3937-6536-373633616466" testName="BushLifeCommonTest/StreamUtilsTest/TestPutByteMemory/TestPutByteMemory({System.Text.SBCSCodePageEncoding: BodyName = &quot;iso-8859-1&quot;, CodePage = 1252, DecoderFallback = {System.Text.InternalDecoderBestFitFallback: MaxCharCount = 1}, EncoderFallback = {System.Text.InternalEncoderBestFitFallback: MaxCharCount = 1}, EncodingName = &quot;Western European (Windows)&quot;, HeaderName = &quot;Windows-1252&quot;, IsBrowserDisplay = true, IsBrowserSave = true, IsMailNewsDisplay = true, IsMailNewsSave = true, IsReadOnly = true, IsSingleByte = true, WebName = &quot;Windows-1252&quot;, WindowsCodePage = 1252}, 0x61)" computerName="MONARCH3" startTime="2014-03-09T10:37:10.6826172+11:00" endTime="2014-03-09T10:37:10.6982422+11:00" testType="f3589083-259c-4054-87f7-75cdad4b08e5" outcome="Passed" testListId="8c84fa94-04c1-424b-9868-57a2d4851a1d" relativeResultsDirectory="466e83de-29f5-4342-b559-af0b5806d563" />
        <GallioTestResult executionId="466e83de-29f5-4342-b559-af0b5806d563" testId="33316538-3231-3937-6536-373633616466" testName="BushLifeCommonTest/StreamUtilsTest/TestPutByteMemory/TestPutByteMemory({System.Text.SBCSCodePageEncoding: BodyName = &quot;iso-8859-1&quot;, CodePage = 1252, DecoderFallback = {System.Text.InternalDecoderBestFitFallback: MaxCharCount = 1}, EncoderFallback = {System.Text.InternalEncoderBestFitFallback: MaxCharCount = 1}, EncodingName = &quot;Western European (Windows)&quot;, HeaderName = &quot;Windows-1252&quot;, IsBrowserDisplay = true, IsBrowserSave = true, IsMailNewsDisplay = true, IsMailNewsSave = true, IsReadOnly = true, IsSingleByte = true, WebName = &quot;Windows-1252&quot;, WindowsCodePage = 1252}, 0x21)" computerName="MONARCH3" startTime="2014-03-09T10:37:10.6982422+11:00" endTime="2014-03-09T10:37:10.6982422+11:00" testType="f3589083-259c-4054-87f7-75cdad4b08e5" outcome="Passed" testListId="8c84fa94-04c1-424b-9868-57a2d4851a1d" relativeResultsDirectory="466e83de-29f5-4342-b559-af0b5806d563" />
        <GallioTestResult executionId="466e83de-29f5-4342-b559-af0b5806d563" testId="33316538-3231-3937-6536-373633616466" testName="BushLifeCommonTest/StreamUtilsTest/TestPutByteMemory/TestPutByteMemory({System.Text.SBCSCodePageEncoding: BodyName = &quot;iso-8859-1&quot;, CodePage = 1252, DecoderFallback = {System.Text.InternalDecoderBestFitFallback: MaxCharCount = 1}, EncoderFallback = {System.Text.InternalEncoderBestFitFallback: MaxCharCount = 1}, EncodingName = &quot;Western European (Windows)&quot;, HeaderName = &quot;Windows-1252&quot;, IsBrowserDisplay = true, IsBrowserSave = true, IsMailNewsDisplay = true, IsMailNewsSave = true, IsReadOnly = true, IsSingleByte = true, WebName = &quot;Windows-1252&quot;, WindowsCodePage = 1252}, 0xc7)" computerName="MONARCH3" startTime="2014-03-09T10:37:10.6982422+11:00" endTime="2014-03-09T10:37:10.6982422+11:00" testType="f3589083-259c-4054-87f7-75cdad4b08e5" outcome="Passed" testListId="8c84fa94-04c1-424b-9868-57a2d4851a1d" relativeResultsDirectory="466e83de-29f5-4342-b559-af0b5806d563" />
        <GallioTestResult executionId="466e83de-29f5-4342-b559-af0b5806d563" testId="33316538-3231-3937-6536-373633616466" testName="BushLifeCommonTest/StreamUtilsTest/TestPutByteMemory/TestPutByteMemory({System.Text.SBCSCodePageEncoding: BodyName = &quot;iso-8859-1&quot;, CodePage = 1252, DecoderFallback = {System.Text.InternalDecoderBestFitFallback: MaxCharCount = 1}, EncoderFallback = {System.Text.InternalEncoderBestFitFallback: MaxCharCount = 1}, EncodingName = &quot;Western European (Windows)&quot;, HeaderName = &quot;Windows-1252&quot;, IsBrowserDisplay = true, IsBrowserSave = true, IsMailNewsDisplay = true, IsMailNewsSave = true, IsReadOnly = true, IsSingleByte = true, WebName = &quot;Windows-1252&quot;, WindowsCodePage = 1252}, 0xd8)" computerName="MONARCH3" startTime="2014-03-09T10:37:10.6982422+11:00" endTime="2014-03-09T10:37:10.6982422+11:00" testType="f3589083-259c-4054-87f7-75cdad4b08e5" outcome="Passed" testListId="8c84fa94-04c1-424b-9868-57a2d4851a1d" relativeResultsDirectory="466e83de-29f5-4342-b559-af0b5806d563" />
        <GallioTestResult executionId="466e83de-29f5-4342-b559-af0b5806d563" testId="33316538-3231-3937-6536-373633616466" testName="BushLifeCommonTest/StreamUtilsTest/TestPutByteMemory/TestPutByteMemory({System.Text.SBCSCodePageEncoding: BodyName = &quot;iso-8859-1&quot;, CodePage = 1252, DecoderFallback = {System.Text.InternalDecoderBestFitFallback: MaxCharCount = 1}, EncoderFallback = {System.Text.InternalEncoderBestFitFallback: MaxCharCount = 1}, EncodingName = &quot;Western European (Windows)&quot;, HeaderName = &quot;Windows-1252&quot;, IsBrowserDisplay = true, IsBrowserSave = true, IsMailNewsDisplay = true, IsMailNewsSave = true, IsReadOnly = true, IsSingleByte = true, WebName = &quot;Windows-1252&quot;, WindowsCodePage = 1252}, 0xff)" computerName="MONARCH3" startTime="2014-03-09T10:37:10.6982422+11:00" endTime="2014-03-09T10:37:10.7138672+11:00" testType="f3589083-259c-4054-87f7-75cdad4b08e5" outcome="Passed" testListId="8c84fa94-04c1-424b-9868-57a2d4851a1d" relativeResultsDirectory="466e83de-29f5-4342-b559-af0b5806d563" />
        <GallioTestResult executionId="466e83de-29f5-4342-b559-af0b5806d563" testId="33316538-3231-3937-6536-373633616466" testName="BushLifeCommonTest/StreamUtilsTest/TestPutByteMemory/TestPutByteMemory({System.Text.SBCSCodePageEncoding: BodyName = &quot;iso-8859-1&quot;, CodePage = 1252, DecoderFallback = {System.Text.InternalDecoderBestFitFallback: MaxCharCount = 1}, EncoderFallback = {System.Text.InternalEncoderBestFitFallback: MaxCharCount = 1}, EncodingName = &quot;Western European (Windows)&quot;, HeaderName = &quot;Windows-1252&quot;, IsBrowserDisplay = true, IsBrowserSave = true, IsMailNewsDisplay = true, IsMailNewsSave = true, IsReadOnly = true, IsSingleByte = true, WebName = &quot;Windows-1252&quot;, WindowsCodePage = 1252}, 0x7c)" computerName="MONARCH3" startTime="2014-03-09T10:37:10.7138672+11:00" endTime="2014-03-09T10:37:10.7138672+11:00" testType="f3589083-259c-4054-87f7-75cdad4b08e5" outcome="Passed" testListId="8c84fa94-04c1-424b-9868-57a2d4851a1d" relativeResultsDirectory="466e83de-29f5-4342-b559-af0b5806d563" />
      </InnerResults>
    </GallioTestResult>
    <GallioTestResult executionId="5e025713-8d27-479e-ae03-7c103213466d" testId="33613061-3438-3966-3961-333335306320" testName="ExitNullArgumentValidLevel2Test" computerName="MONARCH3" duration="00:00:00.0050000" startTime="2014-03-09T10:37:07.3076172+11:00" endTime="2014-03-09T10:37:07.3232422+11:00" testType="f3589083-259c-4054-87f7-75cdad4b08e5" outcome="Passed" testListId="8c84fa94-04c1-424b-9868-57a2d4851a1d" relativeResultsDirectory="5e025713-8d27-479e-ae03-7c103213466d">
    </GallioTestResult>
    <GallioTestResult executionId="2eff7059-4ae1-4701-be1f-1806fd8c8d78" testId="33666564-3032-3830-3734-326436336135" testName="TestPutByteFile" computerName="MONARCH3" duration="00:00:00.1380000" startTime="2014-03-09T10:37:10.4013672+11:00" endTime="2014-03-09T10:37:10.5419922+11:00" testType="f3589083-259c-4054-87f7-75cdad4b08e5" outcome="Passed" testListId="8c84fa94-04c1-424b-9868-57a2d4851a1d" relativeResultsDirectory="2eff7059-4ae1-4701-be1f-1806fd8c8d78">
      <Counters error="0" failed="0" timeout="0" aborted="0" inconclusive="0" passedButRunAborted="0" notRunnable="0" notExecuted="0" disconnected="0" warning="0" passed="24" completed="0" inProgress="0" pending="0" />
      <InnerResults>
        <GallioTestResult executionId="2eff7059-4ae1-4701-be1f-1806fd8c8d78" testId="33666564-3032-3830-3734-326436336135" testName="BushLifeCommonTest/StreamUtilsTest/TestPutByteFile/TestPutByteFile({System.Text.ASCIIEncoding: BodyName = &quot;us-ascii&quot;, CodePage = 20127, DecoderFallback = {System.Text.DecoderReplacementFallback: DefaultString = &quot;?&quot;, MaxCharCount = 1}, EncoderFallback = {System.Text.EncoderReplacementFallback: DefaultString = &quot;?&quot;, MaxCharCount = 1}, EncodingName = &quot;US-ASCII&quot;, HeaderName = &quot;us-ascii&quot;, IsBrowserDisplay = false, IsBrowserSave = false, IsMailNewsDisplay = true, IsMailNewsSave = true, IsReadOnly = true, IsSingleByte = true, WebName = &quot;us-ascii&quot;, WindowsCodePage = 1252}, 0x00)" computerName="MONARCH3" duration="00:00:00.0360000" startTime="2014-03-09T10:37:10.4013672+11:00" endTime="2014-03-09T10:37:10.4013672+11:00" testType="f3589083-259c-4054-87f7-75cdad4b08e5" outcome="Passed" testListId="8c84fa94-04c1-424b-9868-57a2d4851a1d" relativeResultsDirectory="2eff7059-4ae1-4701-be1f-1806fd8c8d78" />
        <GallioTestResult executionId="2eff7059-4ae1-4701-be1f-1806fd8c8d78" testId="33666564-3032-3830-3734-326436336135" testName="BushLifeCommonTest/StreamUtilsTest/TestPutByteFile/TestPutByteFile({System.Text.ASCIIEncoding: BodyName = &quot;us-ascii&quot;, CodePage = 20127, DecoderFallback = {System.Text.DecoderReplacementFallback: DefaultString = &quot;?&quot;, MaxCharCount = 1}, EncoderFallback = {System.Text.EncoderReplacementFallback: DefaultString = &quot;?&quot;, MaxCharCount = 1}, EncodingName = &quot;US-ASCII&quot;, HeaderName = &quot;us-ascii&quot;, IsBrowserDisplay = false, IsBrowserSave = false, IsMailNewsDisplay = true, IsMailNewsSave = true, IsReadOnly = true, IsSingleByte = true, WebName = &quot;us-ascii&quot;, WindowsCodePage = 1252}, 0x41)" computerName="MONARCH3" duration="00:00:00.0030000" startTime="2014-03-09T10:37:10.4013672+11:00" endTime="2014-03-09T10:37:10.4169922+11:00" testType="f3589083-259c-4054-87f7-75cdad4b08e5" outcome="Passed" testListId="8c84fa94-04c1-424b-9868-57a2d4851a1d" relativeResultsDirectory="2eff7059-4ae1-4701-be1f-1806fd8c8d78" />
        <GallioTestResult executionId="2eff7059-4ae1-4701-be1f-1806fd8c8d78" testId="33666564-3032-3830-3734-326436336135" testName="BushLifeCommonTest/StreamUtilsTest/TestPutByteFile/TestPutByteFile({System.Text.ASCIIEncoding: BodyName = &quot;us-ascii&quot;, CodePage = 20127, DecoderFallback = {System.Text.DecoderReplacementFallback: DefaultString = &quot;?&quot;, MaxCharCount = 1}, EncoderFallback = {System.Text.EncoderReplacementFallback: DefaultString = &quot;?&quot;, MaxCharCount = 1}, EncodingName = &quot;US-ASCII&quot;, HeaderName = &quot;us-ascii&quot;, IsBrowserDisplay = false, IsBrowserSave = false, IsMailNewsDisplay = true, IsMailNewsSave = true, IsReadOnly = true, IsSingleByte = true, WebName = &quot;us-ascii&quot;, WindowsCodePage = 1252}, 0x61)" computerName="MONARCH3" duration="00:00:00.0020000" startTime="2014-03-09T10:37:10.4169922+11:00" endTime="2014-03-09T10:37:10.4169922+11:00" testType="f3589083-259c-4054-87f7-75cdad4b08e5" outcome="Passed" testListId="8c84fa94-04c1-424b-9868-57a2d4851a1d" relativeResultsDirectory="2eff7059-4ae1-4701-be1f-1806fd8c8d78" />
        <GallioTestResult executionId="2eff7059-4ae1-4701-be1f-1806fd8c8d78" testId="33666564-3032-3830-3734-326436336135" testName="BushLifeCommonTest/StreamUtilsTest/TestPutByteFile/TestPutByteFile({System.Text.ASCIIEncoding: BodyName = &quot;us-ascii&quot;, CodePage = 20127, DecoderFallback = {System.Text.DecoderReplacementFallback: DefaultString = &quot;?&quot;, MaxCharCount = 1}, EncoderFallback = {System.Text.EncoderReplacementFallback: DefaultString = &quot;?&quot;, MaxCharCount = 1}, EncodingName = &quot;US-ASCII&quot;, HeaderName = &quot;us-ascii&quot;, IsBrowserDisplay = false, IsBrowserSave = false, IsMailNewsDisplay = true, IsMailNewsSave = true, IsReadOnly = true, IsSingleByte = true, WebName = &quot;us-ascii&quot;, WindowsCodePage = 1252}, 0x21)" computerName="MONARCH3" duration="00:00:00.0020000" startTime="2014-03-09T10:37:10.4169922+11:00" endTime="2014-03-09T10:37:10.4169922+11:00" testType="f3589083-259c-4054-87f7-75cdad4b08e5" outcome="Passed" testListId="8c84fa94-04c1-424b-9868-57a2d4851a1d" relativeResultsDirectory="2eff7059-4ae1-4701-be1f-1806fd8c8d78" />
        <GallioTestResult executionId="2eff7059-4ae1-4701-be1f-1806fd8c8d78" testId="33666564-3032-3830-3734-326436336135" testName="BushLifeCommonTest/StreamUtilsTest/TestPutByteFile/TestPutByteFile({System.Text.ASCIIEncoding: BodyName = &quot;us-ascii&quot;, CodePage = 20127, DecoderFallback = {System.Text.DecoderReplacementFallback: DefaultString = &quot;?&quot;, MaxCharCount = 1}, EncoderFallback = {System.Text.EncoderReplacementFallback: DefaultString = &quot;?&quot;, MaxCharCount = 1}, EncodingName = &quot;US-ASCII&quot;, HeaderName = &quot;us-ascii&quot;, IsBrowserDisplay = false, IsBrowserSave = false, IsMailNewsDisplay = true, IsMailNewsSave = true, IsReadOnly = true, IsSingleByte = true, WebName = &quot;us-ascii&quot;, WindowsCodePage = 1252}, 0xc7)" computerName="MONARCH3" duration="00:00:00.0020000" startTime="2014-03-09T10:37:10.4169922+11:00" endTime="2014-03-09T10:37:10.4326172+11:00" testType="f3589083-259c-4054-87f7-75cdad4b08e5" outcome="Passed" testListId="8c84fa94-04c1-424b-9868-57a2d4851a1d" relativeResultsDirectory="2eff7059-4ae1-4701-be1f-1806fd8c8d78" />
        <GallioTestResult executionId="2eff7059-4ae1-4701-be1f-1806fd8c8d78" testId="33666564-3032-3830-3734-326436336135" testName="BushLifeCommonTest/StreamUtilsTest/TestPutByteFile/TestPutByteFile({System.Text.ASCIIEncoding: BodyName = &quot;us-ascii&quot;, CodePage = 20127, DecoderFallback = {System.Text.DecoderReplacementFallback: DefaultString = &quot;?&quot;, MaxCharCount = 1}, EncoderFallback = {System.Text.EncoderReplacementFallback: DefaultString = &quot;?&quot;, MaxCharCount = 1}, EncodingName = &quot;US-ASCII&quot;, HeaderName = &quot;us-ascii&quot;, IsBrowserDisplay = false, IsBrowserSave = false, IsMailNewsDisplay = true, IsMailNewsSave = true, IsReadOnly = true, IsSingleByte = true, WebName = &quot;us-ascii&quot;, WindowsCodePage = 1252}, 0xd8)" computerName="MONARCH3" duration="00:00:00.0030000" startTime="2014-03-09T10:37:10.4326172+11:00" endTime="2014-03-09T10:37:10.4326172+11:00" testType="f3589083-259c-4054-87f7-75cdad4b08e5" outcome="Passed" testListId="8c84fa94-04c1-424b-9868-57a2d4851a1d" relativeResultsDirectory="2eff7059-4ae1-4701-be1f-1806fd8c8d78" />
        <GallioTestResult executionId="2eff7059-4ae1-4701-be1f-1806fd8c8d78" testId="33666564-3032-3830-3734-326436336135" testName="BushLifeCommonTest/StreamUtilsTest/TestPutByteFile/TestPutByteFile({System.Text.ASCIIEncoding: BodyName = &quot;us-ascii&quot;, CodePage = 20127, DecoderFallback = {System.Text.DecoderReplacementFallback: DefaultString = &quot;?&quot;, MaxCharCount = 1}, EncoderFallback = {System.Text.EncoderReplacementFallback: DefaultString = &quot;?&quot;, MaxCharCount = 1}, EncodingName = &quot;US-ASCII&quot;, HeaderName = &quot;us-ascii&quot;, IsBrowserDisplay = false, IsBrowserSave = false, IsMailNewsDisplay = true, IsMailNewsSave = true, IsReadOnly = true, IsSingleByte = true, WebName = &quot;us-ascii&quot;, WindowsCodePage = 1252}, 0xff)" computerName="MONARCH3" duration="00:00:00.0020000" startTime="2014-03-09T10:37:10.4326172+11:00" endTime="2014-03-09T10:37:10.4482422+11:00" testType="f3589083-259c-4054-87f7-75cdad4b08e5" outcome="Passed" testListId="8c84fa94-04c1-424b-9868-57a2d4851a1d" relativeResultsDirectory="2eff7059-4ae1-4701-be1f-1806fd8c8d78" />
        <GallioTestResult executionId="2eff7059-4ae1-4701-be1f-1806fd8c8d78" testId="33666564-3032-3830-3734-326436336135" testName="BushLifeCommonTest/StreamUtilsTest/TestPutByteFile/TestPutByteFile({System.Text.ASCIIEncoding: BodyName = &quot;us-ascii&quot;, CodePage = 20127, DecoderFallback = {System.Text.DecoderReplacementFallback: DefaultString = &quot;?&quot;, MaxCharCount = 1}, EncoderFallback = {System.Text.EncoderReplacementFallback: DefaultString = &quot;?&quot;, MaxCharCount = 1}, EncodingName = &quot;US-ASCII&quot;, HeaderName = &quot;us-ascii&quot;, IsBrowserDisplay = false, IsBrowserSave = false, IsMailNewsDisplay = true, IsMailNewsSave = true, IsReadOnly = true, IsSingleByte = true, WebName = &quot;us-ascii&quot;, WindowsCodePage = 1252}, 0x7c)" computerName="MONARCH3" duration="00:00:00.0020000" startTime="2014-03-09T10:37:10.4482422+11:00" endTime="2014-03-09T10:37:10.4482422+11:00" testType="f3589083-259c-4054-87f7-75cdad4b08e5" outcome="Passed" testListId="8c84fa94-04c1-424b-9868-57a2d4851a1d" relativeResultsDirectory="2eff7059-4ae1-4701-be1f-1806fd8c8d78" />
        <GallioTestResult executionId="2eff7059-4ae1-4701-be1f-1806fd8c8d78" testId="33666564-3032-3830-3734-326436336135" testName="BushLifeCommonTest/StreamUtilsTest/TestPutByteFile/TestPutByteFile({System.Text.UTF8Encoding: BodyName = &quot;utf-8&quot;, CodePage = 65001, DecoderFallback = {System.Text.DecoderReplacementFallback: DefaultString = &quot;�&quot;, MaxCharCount = 1}, EncoderFallback = {System.Text.EncoderReplacementFallback: DefaultString = &quot;�&quot;, MaxCharCount = 1}, EncodingName = &quot;Unicode (UTF-8)&quot;, HeaderName = &quot;utf-8&quot;, IsBrowserDisplay = true, IsBrowserSave = true, IsMailNewsDisplay = true, IsMailNewsSave = true, IsReadOnly = true, IsSingleByte = false, WebName = &quot;utf-8&quot;, WindowsCodePage = 1200}, 0x00)" computerName="MONARCH3" duration="00:00:00.0020000" startTime="2014-03-09T10:37:10.4482422+11:00" endTime="2014-03-09T10:37:10.4482422+11:00" testType="f3589083-259c-4054-87f7-75cdad4b08e5" outcome="Passed" testListId="8c84fa94-04c1-424b-9868-57a2d4851a1d" relativeResultsDirectory="2eff7059-4ae1-4701-be1f-1806fd8c8d78" />
        <GallioTestResult executionId="2eff7059-4ae1-4701-be1f-1806fd8c8d78" testId="33666564-3032-3830-3734-326436336135" testName="BushLifeCommonTest/StreamUtilsTest/TestPutByteFile/TestPutByteFile({System.Text.UTF8Encoding: BodyName = &quot;utf-8&quot;, CodePage = 65001, DecoderFallback = {System.Text.DecoderReplacementFallback: DefaultString = &quot;�&quot;, MaxCharCount = 1}, EncoderFallback = {System.Text.EncoderReplacementFallback: DefaultString = &quot;�&quot;, MaxCharCount = 1}, EncodingName = &quot;Unicode (UTF-8)&quot;, HeaderName = &quot;utf-8&quot;, IsBrowserDisplay = true, IsBrowserSave = true, IsMailNewsDisplay = true, IsMailNewsSave = true, IsReadOnly = true, IsSingleByte = false, WebName = &quot;utf-8&quot;, WindowsCodePage = 1200}, 0x41)" computerName="MONARCH3" duration="00:00:00.0020000" startTime="2014-03-09T10:37:10.4482422+11:00" endTime="2014-03-09T10:37:10.4482422+11:00" testType="f3589083-259c-4054-87f7-75cdad4b08e5" outcome="Passed" testListId="8c84fa94-04c1-424b-9868-57a2d4851a1d" relativeResultsDirectory="2eff7059-4ae1-4701-be1f-1806fd8c8d78" />
        <GallioTestResult executionId="2eff7059-4ae1-4701-be1f-1806fd8c8d78" testId="33666564-3032-3830-3734-326436336135" testName="BushLifeCommonTest/StreamUtilsTest/TestPutByteFile/TestPutByteFile({System.Text.UTF8Encoding: BodyName = &quot;utf-8&quot;, CodePage = 65001, DecoderFallback = {System.Text.DecoderReplacementFallback: DefaultString = &quot;�&quot;, MaxCharCount = 1}, EncoderFallback = {System.Text.EncoderReplacementFallback: DefaultString = &quot;�&quot;, MaxCharCount = 1}, EncodingName = &quot;Unicode (UTF-8)&quot;, HeaderName = &quot;utf-8&quot;, IsBrowserDisplay = true, IsBrowserSave = true, IsMailNewsDisplay = true, IsMailNewsSave = true, IsReadOnly = true, IsSingleByte = false, WebName = &quot;utf-8&quot;, WindowsCodePage = 1200}, 0x61)" computerName="MONARCH3" duration="00:00:00.0020000" startTime="2014-03-09T10:37:10.4638672+11:00" endTime="2014-03-09T10:37:10.4638672+11:00" testType="f3589083-259c-4054-87f7-75cdad4b08e5" outcome="Passed" testListId="8c84fa94-04c1-424b-9868-57a2d4851a1d" relativeResultsDirectory="2eff7059-4ae1-4701-be1f-1806fd8c8d78" />
        <GallioTestResult executionId="2eff7059-4ae1-4701-be1f-1806fd8c8d78" testId="33666564-3032-3830-3734-326436336135" testName="BushLifeCommonTest/StreamUtilsTest/TestPutByteFile/TestPutByteFile({System.Text.UTF8Encoding: BodyName = &quot;utf-8&quot;, CodePage = 65001, DecoderFallback = {System.Text.DecoderReplacementFallback: DefaultString = &quot;�&quot;, MaxCharCount = 1}, EncoderFallback = {System.Text.EncoderReplacementFallback: DefaultString = &quot;�&quot;, MaxCharCount = 1}, EncodingName = &quot;Unicode (UTF-8)&quot;, HeaderName = &quot;utf-8&quot;, IsBrowserDisplay = true, IsBrowserSave = true, IsMailNewsDisplay = true, IsMailNewsSave = true, IsReadOnly = true, IsSingleByte = false, WebName = &quot;utf-8&quot;, WindowsCodePage = 1200}, 0x21)" computerName="MONARCH3" duration="00:00:00.0020000" startTime="2014-03-09T10:37:10.4638672+11:00" endTime="2014-03-09T10:37:10.4794922+11:00" testType="f3589083-259c-4054-87f7-75cdad4b08e5" outcome="Passed" testListId="8c84fa94-04c1-424b-9868-57a2d4851a1d" relativeResultsDirectory="2eff7059-4ae1-4701-be1f-1806fd8c8d78" />
        <GallioTestResult executionId="2eff7059-4ae1-4701-be1f-1806fd8c8d78" testId="33666564-3032-3830-3734-326436336135" testName="BushLifeCommonTest/StreamUtilsTest/TestPutByteFile/TestPutByteFile({System.Text.UTF8Encoding: BodyName = &quot;utf-8&quot;, CodePage = 65001, DecoderFallback = {System.Text.DecoderReplacementFallback: DefaultString = &quot;�&quot;, MaxCharCount = 1}, EncoderFallback = {System.Text.EncoderReplacementFallback: DefaultString = &quot;�&quot;, MaxCharCount = 1}, EncodingName = &quot;Unicode (UTF-8)&quot;, HeaderName = &quot;utf-8&quot;, IsBrowserDisplay = true, IsBrowserSave = true, IsMailNewsDisplay = true, IsMailNewsSave = true, IsReadOnly = true, IsSingleByte = false, WebName = &quot;utf-8&quot;, WindowsCodePage = 1200}, 0xc7)" computerName="MONARCH3" duration="00:00:00.0020000" startTime="2014-03-09T10:37:10.4794922+11:00" endTime="2014-03-09T10:37:10.4794922+11:00" testType="f3589083-259c-4054-87f7-75cdad4b08e5" outcome="Passed" testListId="8c84fa94-04c1-424b-9868-57a2d4851a1d" relativeResultsDirectory="2eff7059-4ae1-4701-be1f-1806fd8c8d78" />
        <GallioTestResult executionId="2eff7059-4ae1-4701-be1f-1806fd8c8d78" testId="33666564-3032-3830-3734-326436336135" testName="BushLifeCommonTest/StreamUtilsTest/TestPutByteFile/TestPutByteFile({System.Text.UTF8Encoding: BodyName = &quot;utf-8&quot;, CodePage = 65001, DecoderFallback = {System.Text.DecoderReplacementFallback: DefaultString = &quot;�&quot;, MaxCharCount = 1}, EncoderFallback = {System.Text.EncoderReplacementFallback: DefaultString = &quot;�&quot;, MaxCharCount = 1}, EncodingName = &quot;Unicode (UTF-8)&quot;, HeaderName = &quot;utf-8&quot;, IsBrowserDisplay = true, IsBrowserSave = true, IsMailNewsDisplay = true, IsMailNewsSave = true, IsReadOnly = true, IsSingleByte = false, WebName = &quot;utf-8&quot;, WindowsCodePage = 1200}, 0xd8)" computerName="MONARCH3" duration="00:00:00.0020000" startTime="2014-03-09T10:37:10.4794922+11:00" endTime="2014-03-09T10:37:10.4794922+11:00" testType="f3589083-259c-4054-87f7-75cdad4b08e5" outcome="Passed" testListId="8c84fa94-04c1-424b-9868-57a2d4851a1d" relativeResultsDirectory="2eff7059-4ae1-4701-be1f-1806fd8c8d78" />
        <GallioTestResult executionId="2eff7059-4ae1-4701-be1f-1806fd8c8d78" testId="33666564-3032-3830-3734-326436336135" testName="BushLifeCommonTest/StreamUtilsTest/TestPutByteFile/TestPutByteFile({System.Text.UTF8Encoding: BodyName = &quot;utf-8&quot;, CodePage = 65001, DecoderFallback = {System.Text.DecoderReplacementFallback: DefaultString = &quot;�&quot;, MaxCharCount = 1}, EncoderFallback = {System.Text.EncoderReplacementFallback: DefaultString = &quot;�&quot;, MaxCharCount = 1}, EncodingName = &quot;Unicode (UTF-8)&quot;, HeaderName = &quot;utf-8&quot;, IsBrowserDisplay = true, IsBrowserSave = true, IsMailNewsDisplay = true, IsMailNewsSave = true, IsReadOnly = true, IsSingleByte = false, WebName = &quot;utf-8&quot;, WindowsCodePage = 1200}, 0xff)" computerName="MONARCH3" duration="00:00:00.0020000" startTime="2014-03-09T10:37:10.4794922+11:00" endTime="2014-03-09T10:37:10.4951172+11:00" testType="f3589083-259c-4054-87f7-75cdad4b08e5" outcome="Passed" testListId="8c84fa94-04c1-424b-9868-57a2d4851a1d" relativeResultsDirectory="2eff7059-4ae1-4701-be1f-1806fd8c8d78" />
        <GallioTestResult executionId="2eff7059-4ae1-4701-be1f-1806fd8c8d78" testId="33666564-3032-3830-3734-326436336135" testName="BushLifeCommonTest/StreamUtilsTest/TestPutByteFile/TestPutByteFile({System.Text.UTF8Encoding: BodyName = &quot;utf-8&quot;, CodePage = 65001, DecoderFallback = {System.Text.DecoderReplacementFallback: DefaultString = &quot;�&quot;, MaxCharCount = 1}, EncoderFallback = {System.Text.EncoderReplacementFallback: DefaultString = &quot;�&quot;, MaxCharCount = 1}, EncodingName = &quot;Unicode (UTF-8)&quot;, HeaderName = &quot;utf-8&quot;, IsBrowserDisplay = true, IsBrowserSave = true, IsMailNewsDisplay = true, IsMailNewsSave = true, IsReadOnly = true, IsSingleByte = false, WebName = &quot;utf-8&quot;, WindowsCodePage = 1200}, 0x7c)" computerName="MONARCH3" duration="00:00:00.0030000" startTime="2014-03-09T10:37:10.4951172+11:00" endTime="2014-03-09T10:37:10.4951172+11:00" testType="f3589083-259c-4054-87f7-75cdad4b08e5" outcome="Passed" testListId="8c84fa94-04c1-424b-9868-57a2d4851a1d" relativeResultsDirectory="2eff7059-4ae1-4701-be1f-1806fd8c8d78" />
        <GallioTestResult executionId="2eff7059-4ae1-4701-be1f-1806fd8c8d78" testId="33666564-3032-3830-3734-326436336135" testName="BushLifeCommonTest/StreamUtilsTest/TestPutByteFile/TestPutByteFile({System.Text.SBCSCodePageEncoding: BodyName = &quot;iso-8859-1&quot;, CodePage = 1252, DecoderFallback = {System.Text.InternalDecoderBestFitFallback: MaxCharCount = 1}, EncoderFallback = {System.Text.InternalEncoderBestFitFallback: MaxCharCount = 1}, EncodingName = &quot;Western European (Windows)&quot;, HeaderName = &quot;Windows-1252&quot;, IsBrowserDisplay = true, IsBrowserSave = true, IsMailNewsDisplay = true, IsMailNewsSave = true, IsReadOnly = true, IsSingleByte = true, WebName = &quot;Windows-1252&quot;, WindowsCodePage = 1252}, 0x00)" computerName="MONARCH3" duration="00:00:00.0030000" startTime="2014-03-09T10:37:10.4951172+11:00" endTime="2014-03-09T10:37:10.4951172+11:00" testType="f3589083-259c-4054-87f7-75cdad4b08e5" outcome="Passed" testListId="8c84fa94-04c1-424b-9868-57a2d4851a1d" relativeResultsDirectory="2eff7059-4ae1-4701-be1f-1806fd8c8d78" />
        <GallioTestResult executionId="2eff7059-4ae1-4701-be1f-1806fd8c8d78" testId="33666564-3032-3830-3734-326436336135" testName="BushLifeCommonTest/StreamUtilsTest/TestPutByteFile/TestPutByteFile({System.Text.SBCSCodePageEncoding: BodyName = &quot;iso-8859-1&quot;, CodePage = 1252, DecoderFallback = {System.Text.InternalDecoderBestFitFallback: MaxCharCount = 1}, EncoderFallback = {System.Text.InternalEncoderBestFitFallback: MaxCharCount = 1}, EncodingName = &quot;Western European (Windows)&quot;, HeaderName = &quot;Windows-1252&quot;, IsBrowserDisplay = true, IsBrowserSave = true, IsMailNewsDisplay = true, IsMailNewsSave = true, IsReadOnly = true, IsSingleByte = true, WebName = &quot;Windows-1252&quot;, WindowsCodePage = 1252}, 0x41)" computerName="MONARCH3" duration="00:00:00.0030000" startTime="2014-03-09T10:37:10.4951172+11:00" endTime="2014-03-09T10:37:10.5107422+11:00" testType="f3589083-259c-4054-87f7-75cdad4b08e5" outcome="Passed" testListId="8c84fa94-04c1-424b-9868-57a2d4851a1d" relativeResultsDirectory="2eff7059-4ae1-4701-be1f-1806fd8c8d78" />
        <GallioTestResult executionId="2eff7059-4ae1-4701-be1f-1806fd8c8d78" testId="33666564-3032-3830-3734-326436336135" testName="BushLifeCommonTest/StreamUtilsTest/TestPutByteFile/TestPutByteFile({System.Text.SBCSCodePageEncoding: BodyName = &quot;iso-8859-1&quot;, CodePage = 1252, DecoderFallback = {System.Text.InternalDecoderBestFitFallback: MaxCharCount = 1}, EncoderFallback = {System.Text.InternalEncoderBestFitFallback: MaxCharCount = 1}, EncodingName = &quot;Western European (Windows)&quot;, HeaderName = &quot;Windows-1252&quot;, IsBrowserDisplay = true, IsBrowserSave = true, IsMailNewsDisplay = true, IsMailNewsSave = true, IsReadOnly = true, IsSingleByte = true, WebName = &quot;Windows-1252&quot;, WindowsCodePage = 1252}, 0x61)" computerName="MONARCH3" duration="00:00:00.0070000" startTime="2014-03-09T10:37:10.5107422+11:00" endTime="2014-03-09T10:37:10.5107422+11:00" testType="f3589083-259c-4054-87f7-75cdad4b08e5" outcome="Passed" testListId="8c84fa94-04c1-424b-9868-57a2d4851a1d" relativeResultsDirectory="2eff7059-4ae1-4701-be1f-1806fd8c8d78" />
        <GallioTestResult executionId="2eff7059-4ae1-4701-be1f-1806fd8c8d78" testId="33666564-3032-3830-3734-326436336135" testName="BushLifeCommonTest/StreamUtilsTest/TestPutByteFile/TestPutByteFile({System.Text.SBCSCodePageEncoding: BodyName = &quot;iso-8859-1&quot;, CodePage = 1252, DecoderFallback = {System.Text.InternalDecoderBestFitFallback: MaxCharCount = 1}, EncoderFallback = {System.Text.InternalEncoderBestFitFallback: MaxCharCount = 1}, EncodingName = &quot;Western European (Windows)&quot;, HeaderName = &quot;Windows-1252&quot;, IsBrowserDisplay = true, IsBrowserSave = true, IsMailNewsDisplay = true, IsMailNewsSave = true, IsReadOnly = true, IsSingleByte = true, WebName = &quot;Windows-1252&quot;, WindowsCodePage = 1252}, 0x21)" computerName="MONARCH3" duration="00:00:00.0030000" startTime="2014-03-09T10:37:10.5107422+11:00" endTime="2014-03-09T10:37:10.5107422+11:00" testType="f3589083-259c-4054-87f7-75cdad4b08e5" outcome="Passed" testListId="8c84fa94-04c1-424b-9868-57a2d4851a1d" relativeResultsDirectory="2eff7059-4ae1-4701-be1f-1806fd8c8d78" />
        <GallioTestResult executionId="2eff7059-4ae1-4701-be1f-1806fd8c8d78" testId="33666564-3032-3830-3734-326436336135" testName="BushLifeCommonTest/StreamUtilsTest/TestPutByteFile/TestPutByteFile({System.Text.SBCSCodePageEncoding: BodyName = &quot;iso-8859-1&quot;, CodePage = 1252, DecoderFallback = {System.Text.InternalDecoderBestFitFallback: MaxCharCount = 1}, EncoderFallback = {System.Text.InternalEncoderBestFitFallback: MaxCharCount = 1}, EncodingName = &quot;Western European (Windows)&quot;, HeaderName = &quot;Windows-1252&quot;, IsBrowserDisplay = true, IsBrowserSave = true, IsMailNewsDisplay = true, IsMailNewsSave = true, IsReadOnly = true, IsSingleByte = true, WebName = &quot;Windows-1252&quot;, WindowsCodePage = 1252}, 0xc7)" computerName="MONARCH3" duration="00:00:00.0020000" startTime="2014-03-09T10:37:10.5107422+11:00" endTime="2014-03-09T10:37:10.5107422+11:00" testType="f3589083-259c-4054-87f7-75cdad4b08e5" outcome="Passed" testListId="8c84fa94-04c1-424b-9868-57a2d4851a1d" relativeResultsDirectory="2eff7059-4ae1-4701-be1f-1806fd8c8d78" />
        <GallioTestResult executionId="2eff7059-4ae1-4701-be1f-1806fd8c8d78" testId="33666564-3032-3830-3734-326436336135" testName="BushLifeCommonTest/StreamUtilsTest/TestPutByteFile/TestPutByteFile({System.Text.SBCSCodePageEncoding: BodyName = &quot;iso-8859-1&quot;, CodePage = 1252, DecoderFallback = {System.Text.InternalDecoderBestFitFallback: MaxCharCount = 1}, EncoderFallback = {System.Text.InternalEncoderBestFitFallback: MaxCharCount = 1}, EncodingName = &quot;Western European (Windows)&quot;, HeaderName = &quot;Windows-1252&quot;, IsBrowserDisplay = true, IsBrowserSave = true, IsMailNewsDisplay = true, IsMailNewsSave = true, IsReadOnly = true, IsSingleByte = true, WebName = &quot;Windows-1252&quot;, WindowsCodePage = 1252}, 0xd8)" computerName="MONARCH3" duration="00:00:00.0020000" startTime="2014-03-09T10:37:10.5107422+11:00" endTime="2014-03-09T10:37:10.5263672+11:00" testType="f3589083-259c-4054-87f7-75cdad4b08e5" outcome="Passed" testListId="8c84fa94-04c1-424b-9868-57a2d4851a1d" relativeResultsDirectory="2eff7059-4ae1-4701-be1f-1806fd8c8d78" />
        <GallioTestResult executionId="2eff7059-4ae1-4701-be1f-1806fd8c8d78" testId="33666564-3032-3830-3734-326436336135" testName="BushLifeCommonTest/StreamUtilsTest/TestPutByteFile/TestPutByteFile({System.Text.SBCSCodePageEncoding: BodyName = &quot;iso-8859-1&quot;, CodePage = 1252, DecoderFallback = {System.Text.InternalDecoderBestFitFallback: MaxCharCount = 1}, EncoderFallback = {System.Text.InternalEncoderBestFitFallback: MaxCharCount = 1}, EncodingName = &quot;Western European (Windows)&quot;, HeaderName = &quot;Windows-1252&quot;, IsBrowserDisplay = true, IsBrowserSave = true, IsMailNewsDisplay = true, IsMailNewsSave = true, IsReadOnly = true, IsSingleByte = true, WebName = &quot;Windows-1252&quot;, WindowsCodePage = 1252}, 0xff)" computerName="MONARCH3" duration="00:00:00.0010000" startTime="2014-03-09T10:37:10.5263672+11:00" endTime="2014-03-09T10:37:10.5263672+11:00" testType="f3589083-259c-4054-87f7-75cdad4b08e5" outcome="Passed" testListId="8c84fa94-04c1-424b-9868-57a2d4851a1d" relativeResultsDirectory="2eff7059-4ae1-4701-be1f-1806fd8c8d78" />
        <GallioTestResult executionId="2eff7059-4ae1-4701-be1f-1806fd8c8d78" testId="33666564-3032-3830-3734-326436336135" testName="BushLifeCommonTest/StreamUtilsTest/TestPutByteFile/TestPutByteFile({System.Text.SBCSCodePageEncoding: BodyName = &quot;iso-8859-1&quot;, CodePage = 1252, DecoderFallback = {System.Text.InternalDecoderBestFitFallback: MaxCharCount = 1}, EncoderFallback = {System.Text.InternalEncoderBestFitFallback: MaxCharCount = 1}, EncodingName = &quot;Western European (Windows)&quot;, HeaderName = &quot;Windows-1252&quot;, IsBrowserDisplay = true, IsBrowserSave = true, IsMailNewsDisplay = true, IsMailNewsSave = true, IsReadOnly = true, IsSingleByte = true, WebName = &quot;Windows-1252&quot;, WindowsCodePage = 1252}, 0x7c)" computerName="MONARCH3" duration="00:00:00.0020000" startTime="2014-03-09T10:37:10.5263672+11:00" endTime="2014-03-09T10:37:10.5419922+11:00" testType="f3589083-259c-4054-87f7-75cdad4b08e5" outcome="Passed" testListId="8c84fa94-04c1-424b-9868-57a2d4851a1d" relativeResultsDirectory="2eff7059-4ae1-4701-be1f-1806fd8c8d78" />
      </InnerResults>
    </GallioTestResult>
    <GallioTestResult executionId="1ca60e4b-6ede-47f4-a397-11f59ca2a418" testId="34336634-6538-6336-3330-313339356536" testName="TestFileIO" computerName="MONARCH3" duration="00:00:00.0240000" startTime="2014-03-09T10:37:10.3701172+11:00" endTime="2014-03-09T10:37:10.3701172+11:00" testType="f3589083-259c-4054-87f7-75cdad4b08e5" outcome="Passed" testListId="8c84fa94-04c1-424b-9868-57a2d4851a1d" relativeResultsDirectory="1ca60e4b-6ede-47f4-a397-11f59ca2a418">
    </GallioTestResult>
    <GallioTestResult executionId="975b74fa-63e4-4bb6-b74c-2e94882a7709" testId="34643439-6563-6335-3332-656132303033" testName="TestChainOfCommandFails" computerName="MONARCH3" duration="00:00:00.4340000" startTime="2014-03-09T10:37:03.8544922+11:00" endTime="2014-03-09T10:37:04.3544922+11:00" testType="f3589083-259c-4054-87f7-75cdad4b08e5" outcome="Passed" testListId="8c84fa94-04c1-424b-9868-57a2d4851a1d" relativeResultsDirectory="975b74fa-63e4-4bb6-b74c-2e94882a7709">
      <Counters error="0" failed="0" timeout="0" aborted="0" inconclusive="0" passedButRunAborted="0" notRunnable="0" notExecuted="0" disconnected="0" warning="0" passed="4" completed="0" inProgress="0" pending="0" />
      <InnerResults>
        <GallioTestResult executionId="975b74fa-63e4-4bb6-b74c-2e94882a7709" testId="34643439-6563-6335-3332-656132303033" testName="BushLifeCommonTest/ChainOfCommandTest/TestChainOfCommandFails/TestChainOfCommandFails([{AU.Com.BushLife.Patterns.ChainOfCommandTest+Command3: }], 1)" computerName="MONARCH3" duration="00:00:00.1070000" startTime="2014-03-09T10:37:04.1513672+11:00" endTime="2014-03-09T10:37:04.2919922+11:00" testType="f3589083-259c-4054-87f7-75cdad4b08e5" outcome="Passed" testListId="8c84fa94-04c1-424b-9868-57a2d4851a1d" relativeResultsDirectory="975b74fa-63e4-4bb6-b74c-2e94882a7709" />
        <GallioTestResult executionId="975b74fa-63e4-4bb6-b74c-2e94882a7709" testId="34643439-6563-6335-3332-656132303033" testName="BushLifeCommonTest/ChainOfCommandTest/TestChainOfCommandFails/TestChainOfCommandFails([{AU.Com.BushLife.Patterns.ChainOfCommandTest+Command3: }, {AU.Com.BushLife.Patterns.ChainOfCommandTest+Command1: }], 1)" computerName="MONARCH3" startTime="2014-03-09T10:37:04.3388672+11:00" endTime="2014-03-09T10:37:04.3388672+11:00" testType="f3589083-259c-4054-87f7-75cdad4b08e5" outcome="Passed" testListId="8c84fa94-04c1-424b-9868-57a2d4851a1d" relativeResultsDirectory="975b74fa-63e4-4bb6-b74c-2e94882a7709" />
        <GallioTestResult executionId="975b74fa-63e4-4bb6-b74c-2e94882a7709" testId="34643439-6563-6335-3332-656132303033" testName="BushLifeCommonTest/ChainOfCommandTest/TestChainOfCommandFails/TestChainOfCommandFails([{AU.Com.BushLife.Patterns.ChainOfCommandTest+Command1: }, {AU.Com.BushLife.Patterns.ChainOfCommandTest+Command2: }, {AU.Com.BushLife.Patterns.ChainOfCommandTest+Command3: }], 3)" computerName="MONARCH3" startTime="2014-03-09T10:37:04.3388672+11:00" endTime="2014-03-09T10:37:04.3388672+11:00" testType="f3589083-259c-4054-87f7-75cdad4b08e5" outcome="Passed" testListId="8c84fa94-04c1-424b-9868-57a2d4851a1d" relativeResultsDirectory="975b74fa-63e4-4bb6-b74c-2e94882a7709" />
        <GallioTestResult executionId="975b74fa-63e4-4bb6-b74c-2e94882a7709" testId="34643439-6563-6335-3332-656132303033" testName="BushLifeCommonTest/ChainOfCommandTest/TestChainOfCommandFails/TestChainOfCommandFails([{AU.Com.BushLife.Patterns.ChainOfCommandTest+Command1: }, {AU.Com.BushLife.Patterns.ChainOfCommandTest+Command2: }, {AU.Com.BushLife.Patterns.ChainOfCommandTest+Command3: }, {AU.Com.BushLife.Patterns.ChainOfCommandTest+Command1: }], 3)" computerName="MONARCH3" startTime="2014-03-09T10:37:04.3388672+11:00" endTime="2014-03-09T10:37:04.3544922+11:00" testType="f3589083-259c-4054-87f7-75cdad4b08e5" outcome="Passed" testListId="8c84fa94-04c1-424b-9868-57a2d4851a1d" relativeResultsDirectory="975b74fa-63e4-4bb6-b74c-2e94882a7709" />
      </InnerResults>
    </GallioTestResult>
    <GallioTestResult executionId="81d78f65-d27d-403d-aa80-5d3c22cbafe2" testId="35343335-3165-3434-6238-646233633134" testName="TestDistanceTo" computerName="MONARCH3" duration="00:00:00.0100000" startTime="2014-03-09T10:37:10.0576172+11:00" endTime="2014-03-09T10:37:10.0732422+11:00" testType="f3589083-259c-4054-87f7-75cdad4b08e5" outcome="Passed" testListId="8c84fa94-04c1-424b-9868-57a2d4851a1d" relativeResultsDirectory="81d78f65-d27d-403d-aa80-5d3c22cbafe2">
      <Counters error="0" failed="0" timeout="0" aborted="0" inconclusive="0" passedButRunAborted="0" notRunnable="0" notExecuted="0" disconnected="0" warning="0" passed="4" completed="0" inProgress="0" pending="0" />
      <InnerResults>
        <GallioTestResult executionId="81d78f65-d27d-403d-aa80-5d3c22cbafe2" testId="35343335-3165-3434-6238-646233633134" testName="BushLifeCommonTest/PointTest/TestDistanceTo/TestDistanceTo({[0,0]}, {[3,4]}, 5)" computerName="MONARCH3" startTime="2014-03-09T10:37:10.0576172+11:00" endTime="2014-03-09T10:37:10.0576172+11:00" testType="f3589083-259c-4054-87f7-75cdad4b08e5" outcome="Passed" testListId="8c84fa94-04c1-424b-9868-57a2d4851a1d" relativeResultsDirectory="81d78f65-d27d-403d-aa80-5d3c22cbafe2" />
        <GallioTestResult executionId="81d78f65-d27d-403d-aa80-5d3c22cbafe2" testId="35343335-3165-3434-6238-646233633134" testName="BushLifeCommonTest/PointTest/TestDistanceTo/TestDistanceTo({[0,0]}, {[4,3]}, 5)" computerName="MONARCH3" startTime="2014-03-09T10:37:10.0576172+11:00" endTime="2014-03-09T10:37:10.0732422+11:00" testType="f3589083-259c-4054-87f7-75cdad4b08e5" outcome="Passed" testListId="8c84fa94-04c1-424b-9868-57a2d4851a1d" relativeResultsDirectory="81d78f65-d27d-403d-aa80-5d3c22cbafe2" />
        <GallioTestResult executionId="81d78f65-d27d-403d-aa80-5d3c22cbafe2" testId="35343335-3165-3434-6238-646233633134" testName="BushLifeCommonTest/PointTest/TestDistanceTo/TestDistanceTo({[4,0]}, {[4,4]}, 4)" computerName="MONARCH3" startTime="2014-03-09T10:37:10.0732422+11:00" endTime="2014-03-09T10:37:10.0732422+11:00" testType="f3589083-259c-4054-87f7-75cdad4b08e5" outcome="Passed" testListId="8c84fa94-04c1-424b-9868-57a2d4851a1d" relativeResultsDirectory="81d78f65-d27d-403d-aa80-5d3c22cbafe2" />
        <GallioTestResult executionId="81d78f65-d27d-403d-aa80-5d3c22cbafe2" testId="35343335-3165-3434-6238-646233633134" testName="BushLifeCommonTest/PointTest/TestDistanceTo/TestDistanceTo({[0,4]}, {[3,4]}, 3)" computerName="MONARCH3" startTime="2014-03-09T10:37:10.0732422+11:00" endTime="2014-03-09T10:37:10.0732422+11:00" testType="f3589083-259c-4054-87f7-75cdad4b08e5" outcome="Passed" testListId="8c84fa94-04c1-424b-9868-57a2d4851a1d" relativeResultsDirectory="81d78f65-d27d-403d-aa80-5d3c22cbafe2" />
      </InnerResults>
    </GallioTestResult>
    <GallioTestResult executionId="11272514-12a2-4a7c-b35e-26f032da07a9" testId="35353039-3361-3064-3562-643861613130" testName="TestChainOfCommandWorks" computerName="MONARCH3" duration="00:00:00.0150000" startTime="2014-03-09T10:37:04.8076172+11:00" endTime="2014-03-09T10:37:04.8232422+11:00" testType="f3589083-259c-4054-87f7-75cdad4b08e5" outcome="Passed" testListId="8c84fa94-04c1-424b-9868-57a2d4851a1d" relativeResultsDirectory="11272514-12a2-4a7c-b35e-26f032da07a9">
      <Counters error="0" failed="0" timeout="0" aborted="0" inconclusive="0" passedButRunAborted="0" notRunnable="0" notExecuted="0" disconnected="0" warning="0" passed="3" completed="0" inProgress="0" pending="0" />
      <InnerResults>
        <GallioTestResult executionId="11272514-12a2-4a7c-b35e-26f032da07a9" testId="35353039-3361-3064-3562-643861613130" testName="BushLifeCommonTest/ChainOfCommandTest/TestChainOfCommandWorks/TestChainOfCommandWorks([], 0)" computerName="MONARCH3" startTime="2014-03-09T10:37:04.8076172+11:00" endTime="2014-03-09T10:37:04.8076172+11:00" testType="f3589083-259c-4054-87f7-75cdad4b08e5" outcome="Passed" testListId="8c84fa94-04c1-424b-9868-57a2d4851a1d" relativeResultsDirectory="11272514-12a2-4a7c-b35e-26f032da07a9" />
        <GallioTestResult executionId="11272514-12a2-4a7c-b35e-26f032da07a9" testId="35353039-3361-3064-3562-643861613130" testName="BushLifeCommonTest/ChainOfCommandTest/TestChainOfCommandWorks/TestChainOfCommandWorks([{AU.Com.BushLife.Patterns.ChainOfCommandTest+Command1: }], 1)" computerName="MONARCH3" startTime="2014-03-09T10:37:04.8076172+11:00" endTime="2014-03-09T10:37:04.8076172+11:00" testType="f3589083-259c-4054-87f7-75cdad4b08e5" outcome="Passed" testListId="8c84fa94-04c1-424b-9868-57a2d4851a1d" relativeResultsDirectory="11272514-12a2-4a7c-b35e-26f032da07a9" />
        <GallioTestResult executionId="11272514-12a2-4a7c-b35e-26f032da07a9" testId="35353039-3361-3064-3562-643861613130" testName="BushLifeCommonTest/ChainOfCommandTest/TestChainOfCommandWorks/TestChainOfCommandWorks([{AU.Com.BushLife.Patterns.ChainOfCommandTest+Command1: }, {AU.Com.BushLife.Patterns.ChainOfCommandTest+Command2: }], 2)" computerName="MONARCH3" startTime="2014-03-09T10:37:04.8232422+11:00" endTime="2014-03-09T10:37:04.8232422+11:00" testType="f3589083-259c-4054-87f7-75cdad4b08e5" outcome="Passed" testListId="8c84fa94-04c1-424b-9868-57a2d4851a1d" relativeResultsDirectory="11272514-12a2-4a7c-b35e-26f032da07a9" />
      </InnerResults>
    </GallioTestResult>
    <GallioTestResult executionId="6bb1ca3e-1bb8-470a-acfc-e403b8aff68c" testId="35356335-3831-3762-6338-623063383236" testName="ExpressionCompilerCompilationTest" computerName="MONARCH3" duration="00:00:00.5680000" startTime="2014-03-09T10:37:07.4013672+11:00" endTime="2014-03-09T10:37:07.8544922+11:00" testType="f3589083-259c-4054-87f7-75cdad4b08e5" outcome="Passed" testListId="8c84fa94-04c1-424b-9868-57a2d4851a1d" relativeResultsDirectory="6bb1ca3e-1bb8-470a-acfc-e403b8aff68c">
      <Counters error="0" failed="0" timeout="0" aborted="0" inconclusive="0" passedButRunAborted="0" notRunnable="0" notExecuted="0" disconnected="0" warning="0" passed="3" completed="0" inProgress="0" pending="0" />
      <InnerResults>
        <GallioTestResult executionId="6bb1ca3e-1bb8-470a-acfc-e403b8aff68c" testId="35356335-3831-3762-6338-623063383236" testName="BushLifeCommonTest/ExpressionCompilerTest/ExpressionCompilerCompilationTest/ExpressionCompilerCompilationTest&lt;int, int&gt;(&quot;i =&gt; (i + i) * 10 / 5 % 7&quot;, 101, 5)" computerName="MONARCH3" duration="00:00:00.3170000" startTime="2014-03-09T10:37:07.4013672+11:00" endTime="2014-03-09T10:37:07.6357422+11:00" testType="f3589083-259c-4054-87f7-75cdad4b08e5" outcome="Passed" testListId="8c84fa94-04c1-424b-9868-57a2d4851a1d" relativeResultsDirectory="6bb1ca3e-1bb8-470a-acfc-e403b8aff68c" />
        <GallioTestResult executionId="6bb1ca3e-1bb8-470a-acfc-e403b8aff68c" testId="35356335-3831-3762-6338-623063383236" testName="BushLifeCommonTest/ExpressionCompilerTest/ExpressionCompilerCompilationTest/ExpressionCompilerCompilationTest&lt;int, int&gt;(&quot;i =&gt; (i + i) * 10 / 5 % 7&quot;, 12, 6)" computerName="MONARCH3" duration="00:00:00.1040000" startTime="2014-03-09T10:37:07.6357422+11:00" endTime="2014-03-09T10:37:07.7451172+11:00" testType="f3589083-259c-4054-87f7-75cdad4b08e5" outcome="Passed" testListId="8c84fa94-04c1-424b-9868-57a2d4851a1d" relativeResultsDirectory="6bb1ca3e-1bb8-470a-acfc-e403b8aff68c" />
        <GallioTestResult executionId="6bb1ca3e-1bb8-470a-acfc-e403b8aff68c" testId="35356335-3831-3762-6338-623063383236" testName="BushLifeCommonTest/ExpressionCompilerTest/ExpressionCompilerCompilationTest/ExpressionCompilerCompilationTest&lt;string, int&gt;(&quot;i =&gt; Int32.Parse(i)&quot;, &quot;18&quot;, 18)" computerName="MONARCH3" duration="00:00:00.1090000" startTime="2014-03-09T10:37:07.7451172+11:00" endTime="2014-03-09T10:37:07.8544922+11:00" testType="f3589083-259c-4054-87f7-75cdad4b08e5" outcome="Passed" testListId="8c84fa94-04c1-424b-9868-57a2d4851a1d" relativeResultsDirectory="6bb1ca3e-1bb8-470a-acfc-e403b8aff68c" />
      </InnerResults>
    </GallioTestResult>
    <GallioTestResult executionId="32462930-1efa-47f2-966d-04f4107e8d54" testId="35373938-3738-6362-6239-656431383065" testName="IntersectingTest" computerName="MONARCH3" duration="00:00:00.1400000" startTime="2014-03-09T10:37:09.4794922+11:00" endTime="2014-03-09T10:37:09.5576172+11:00" testType="f3589083-259c-4054-87f7-75cdad4b08e5" outcome="Passed" testListId="8c84fa94-04c1-424b-9868-57a2d4851a1d" relativeResultsDirectory="32462930-1efa-47f2-966d-04f4107e8d54">
      <Counters error="0" failed="0" timeout="0" aborted="0" inconclusive="0" passedButRunAborted="0" notRunnable="0" notExecuted="0" disconnected="0" warning="0" passed="13" completed="0" inProgress="0" pending="0" />
      <InnerResults>
        <GallioTestResult executionId="32462930-1efa-47f2-966d-04f4107e8d54" testId="35373938-3738-6362-6239-656431383065" testName="BushLifeCommonTest/LineTest/IntersectingTest/IntersectingTest({Line2D [[0,0]-[0,10]] {10} [(0),(10)]}, {Line2D [[0,0]-[10,0]] {10} [(10),(0)]}, true)" computerName="MONARCH3" duration="00:00:00.0380000" startTime="2014-03-09T10:37:09.4794922+11:00" endTime="2014-03-09T10:37:09.4794922+11:00" testType="f3589083-259c-4054-87f7-75cdad4b08e5" outcome="Passed" testListId="8c84fa94-04c1-424b-9868-57a2d4851a1d" relativeResultsDirectory="32462930-1efa-47f2-966d-04f4107e8d54" />
        <GallioTestResult executionId="32462930-1efa-47f2-966d-04f4107e8d54" testId="35373938-3738-6362-6239-656431383065" testName="BushLifeCommonTest/LineTest/IntersectingTest/IntersectingTest({Line2D [[0,0]-[10,0]] {10} [(10),(0)]}, {Line2D [[0,0]-[0,10]] {10} [(0),(10)]}, true)" computerName="MONARCH3" startTime="2014-03-09T10:37:09.4794922+11:00" endTime="2014-03-09T10:37:09.4794922+11:00" testType="f3589083-259c-4054-87f7-75cdad4b08e5" outcome="Passed" testListId="8c84fa94-04c1-424b-9868-57a2d4851a1d" relativeResultsDirectory="32462930-1efa-47f2-966d-04f4107e8d54" />
        <GallioTestResult executionId="32462930-1efa-47f2-966d-04f4107e8d54" testId="35373938-3738-6362-6239-656431383065" testName="BushLifeCommonTest/LineTest/IntersectingTest/IntersectingTest({Line2D [[10,0]-[0,0]] {10} [(10),(0)]}, {Line2D [[0,10]-[0,0]] {10} [(0),(10)]}, true)" computerName="MONARCH3" startTime="2014-03-09T10:37:09.4794922+11:00" endTime="2014-03-09T10:37:09.4951172+11:00" testType="f3589083-259c-4054-87f7-75cdad4b08e5" outcome="Passed" testListId="8c84fa94-04c1-424b-9868-57a2d4851a1d" relativeResultsDirectory="32462930-1efa-47f2-966d-04f4107e8d54" />
        <GallioTestResult executionId="32462930-1efa-47f2-966d-04f4107e8d54" testId="35373938-3738-6362-6239-656431383065" testName="BushLifeCommonTest/LineTest/IntersectingTest/IntersectingTest({Line2D [[0,10]-[0,0]] {10} [(0),(10)]}, {Line2D [[10,0]-[0,0]] {10} [(10),(0)]}, true)" computerName="MONARCH3" startTime="2014-03-09T10:37:09.4951172+11:00" endTime="2014-03-09T10:37:09.4951172+11:00" testType="f3589083-259c-4054-87f7-75cdad4b08e5" outcome="Passed" testListId="8c84fa94-04c1-424b-9868-57a2d4851a1d" relativeResultsDirectory="32462930-1efa-47f2-966d-04f4107e8d54" />
        <GallioTestResult executionId="32462930-1efa-47f2-966d-04f4107e8d54" testId="35373938-3738-6362-6239-656431383065" testName="BushLifeCommonTest/LineTest/IntersectingTest/IntersectingTest({Line2D [[0,10]-[0,10]] {0} [(0),(0)]}, {Line2D [[10,0]-[10,0]] {0} [(0),(0)]}, false)" computerName="MONARCH3" duration="00:00:00.0470000" startTime="2014-03-09T10:37:09.4951172+11:00" endTime="2014-03-09T10:37:09.4951172+11:00" testType="f3589083-259c-4054-87f7-75cdad4b08e5" outcome="Passed" testListId="8c84fa94-04c1-424b-9868-57a2d4851a1d" relativeResultsDirectory="32462930-1efa-47f2-966d-04f4107e8d54" />
        <GallioTestResult executionId="32462930-1efa-47f2-966d-04f4107e8d54" testId="35373938-3738-6362-6239-656431383065" testName="BushLifeCommonTest/LineTest/IntersectingTest/IntersectingTest({Line2D [[0,10]-[0,10]] {0} [(0),(0)]}, {Line2D [[10,0]-[10,0]] {0} [(0),(0)]}, false)" computerName="MONARCH3" startTime="2014-03-09T10:37:09.4951172+11:00" endTime="2014-03-09T10:37:09.4951172+11:00" testType="f3589083-259c-4054-87f7-75cdad4b08e5" outcome="Passed" testListId="8c84fa94-04c1-424b-9868-57a2d4851a1d" relativeResultsDirectory="32462930-1efa-47f2-966d-04f4107e8d54" />
        <GallioTestResult executionId="32462930-1efa-47f2-966d-04f4107e8d54" testId="35373938-3738-6362-6239-656431383065" testName="BushLifeCommonTest/LineTest/IntersectingTest/IntersectingTest({Line2D [[0,10]-[10,10]] {10} [(10),(0)]}, {Line2D [[10,0]-[10,10]] {10} [(0),(10)]}, true)" computerName="MONARCH3" startTime="2014-03-09T10:37:09.4951172+11:00" endTime="2014-03-09T10:37:09.4951172+11:00" testType="f3589083-259c-4054-87f7-75cdad4b08e5" outcome="Passed" testListId="8c84fa94-04c1-424b-9868-57a2d4851a1d" relativeResultsDirectory="32462930-1efa-47f2-966d-04f4107e8d54" />
        <GallioTestResult executionId="32462930-1efa-47f2-966d-04f4107e8d54" testId="35373938-3738-6362-6239-656431383065" testName="BushLifeCommonTest/LineTest/IntersectingTest/IntersectingTest({Line2D [[10,10]-[0,0]] {14} [(10),(10)]}, {Line2D [[0,0]-[10,10]] {14} [(10),(10)]}, true)" computerName="MONARCH3" duration="00:00:00.0310000" startTime="2014-03-09T10:37:09.5107422+11:00" endTime="2014-03-09T10:37:09.5263672+11:00" testType="f3589083-259c-4054-87f7-75cdad4b08e5" outcome="Passed" testListId="8c84fa94-04c1-424b-9868-57a2d4851a1d" relativeResultsDirectory="32462930-1efa-47f2-966d-04f4107e8d54" />
        <GallioTestResult executionId="32462930-1efa-47f2-966d-04f4107e8d54" testId="35373938-3738-6362-6239-656431383065" testName="BushLifeCommonTest/LineTest/IntersectingTest/IntersectingTest({Line2D [[0,0]-[10,10]] {14} [(10),(10)]}, {Line2D [[10,10]-[0,0]] {14} [(10),(10)]}, true)" computerName="MONARCH3" startTime="2014-03-09T10:37:09.5263672+11:00" endTime="2014-03-09T10:37:09.5263672+11:00" testType="f3589083-259c-4054-87f7-75cdad4b08e5" outcome="Passed" testListId="8c84fa94-04c1-424b-9868-57a2d4851a1d" relativeResultsDirectory="32462930-1efa-47f2-966d-04f4107e8d54" />
        <GallioTestResult executionId="32462930-1efa-47f2-966d-04f4107e8d54" testId="35373938-3738-6362-6239-656431383065" testName="BushLifeCommonTest/LineTest/IntersectingTest/IntersectingTest({Line2D [[16974,5831]-[16974,5231]] {600} [(0),(600)]}, {Line2D [[17026,5179]-[9818,5179]] {7208} [(7208),(0)]}, false)" computerName="MONARCH3" startTime="2014-03-09T10:37:09.5263672+11:00" endTime="2014-03-09T10:37:09.5263672+11:00" testType="f3589083-259c-4054-87f7-75cdad4b08e5" outcome="Passed" testListId="8c84fa94-04c1-424b-9868-57a2d4851a1d" relativeResultsDirectory="32462930-1efa-47f2-966d-04f4107e8d54" />
        <GallioTestResult executionId="32462930-1efa-47f2-966d-04f4107e8d54" testId="35373938-3738-6362-6239-656431383065" testName="BushLifeCommonTest/LineTest/IntersectingTest/IntersectingTest({Line2D [[200,9069]-[4432,9069]] {4232} [(4232),(0)]}, {Line2D [[-1228,9069]-[350,9069]] {1578} [(1578),(0)]}, true)" computerName="MONARCH3" startTime="2014-03-09T10:37:09.5263672+11:00" endTime="2014-03-09T10:37:09.5419922+11:00" testType="f3589083-259c-4054-87f7-75cdad4b08e5" outcome="Passed" testListId="8c84fa94-04c1-424b-9868-57a2d4851a1d" relativeResultsDirectory="32462930-1efa-47f2-966d-04f4107e8d54" />
        <GallioTestResult executionId="32462930-1efa-47f2-966d-04f4107e8d54" testId="35373938-3738-6362-6239-656431383065" testName="BushLifeCommonTest/LineTest/IntersectingTest/IntersectingTest({Line2D [[200,9069]-[4432,9069]] {4232} [(4232),(0)]}, {Line2D [[-1228,9069]-[350,9069]] {1578} [(1578),(0)]}, true)" computerName="MONARCH3" startTime="2014-03-09T10:37:09.5419922+11:00" endTime="2014-03-09T10:37:09.5419922+11:00" testType="f3589083-259c-4054-87f7-75cdad4b08e5" outcome="Passed" testListId="8c84fa94-04c1-424b-9868-57a2d4851a1d" relativeResultsDirectory="32462930-1efa-47f2-966d-04f4107e8d54" />
        <GallioTestResult executionId="32462930-1efa-47f2-966d-04f4107e8d54" testId="35373938-3738-6362-6239-656431383065" testName="BushLifeCommonTest/LineTest/IntersectingTest/IntersectingTest({Line2D [[10424,-2597]-[10424,4159]] {6756} [(0),(6756)]}, {Line2D [[10424,-6475]-[10424,-2597]] {3878} [(0),(3878)]}, true)" computerName="MONARCH3" startTime="2014-03-09T10:37:09.5419922+11:00" endTime="2014-03-09T10:37:09.5419922+11:00" testType="f3589083-259c-4054-87f7-75cdad4b08e5" outcome="Passed" testListId="8c84fa94-04c1-424b-9868-57a2d4851a1d" relativeResultsDirectory="32462930-1efa-47f2-966d-04f4107e8d54" />
      </InnerResults>
    </GallioTestResult>
    <GallioTestResult executionId="96e4d879-ea4a-4552-bcad-d7c37fe80303" testId="35393365-3935-6166-3766-313732643137" testName="TestPutShortMemory" computerName="MONARCH3" duration="00:00:00.1070000" startTime="2014-03-09T10:37:10.7451172+11:00" endTime="2014-03-09T10:37:10.9951172+11:00" testType="f3589083-259c-4054-87f7-75cdad4b08e5" outcome="Passed" testListId="8c84fa94-04c1-424b-9868-57a2d4851a1d" relativeResultsDirectory="96e4d879-ea4a-4552-bcad-d7c37fe80303">
      <Counters error="0" failed="0" timeout="0" aborted="0" inconclusive="0" passedButRunAborted="0" notRunnable="0" notExecuted="0" disconnected="0" warning="0" passed="39" completed="0" inProgress="0" pending="0" />
      <InnerResults>
        <GallioTestResult executionId="96e4d879-ea4a-4552-bcad-d7c37fe80303" testId="35393365-3935-6166-3766-313732643137" testName="BushLifeCommonTest/StreamUtilsTest/TestPutShortMemory/TestPutShortMemory({System.Text.ASCIIEncoding: BodyName = &quot;us-ascii&quot;, CodePage = 20127, DecoderFallback = {System.Text.DecoderReplacementFallback: DefaultString = &quot;?&quot;, MaxCharCount = 1}, EncoderFallback = {System.Text.EncoderReplacementFallback: DefaultString = &quot;?&quot;, MaxCharCount = 1}, EncodingName = &quot;US-ASCII&quot;, HeaderName = &quot;us-ascii&quot;, IsBrowserDisplay = false, IsBrowserSave = false, IsMailNewsDisplay = true, IsMailNewsSave = true, IsReadOnly = true, IsSingleByte = true, WebName = &quot;us-ascii&quot;, WindowsCodePage = 1252}, 0)" computerName="MONARCH3" duration="00:00:00.0140000" startTime="2014-03-09T10:37:10.7607422+11:00" endTime="2014-03-09T10:37:10.7607422+11:00" testType="f3589083-259c-4054-87f7-75cdad4b08e5" outcome="Passed" testListId="8c84fa94-04c1-424b-9868-57a2d4851a1d" relativeResultsDirectory="96e4d879-ea4a-4552-bcad-d7c37fe80303" />
        <GallioTestResult executionId="96e4d879-ea4a-4552-bcad-d7c37fe80303" testId="35393365-3935-6166-3766-313732643137" testName="BushLifeCommonTest/StreamUtilsTest/TestPutShortMemory/TestPutShortMemory({System.Text.ASCIIEncoding: BodyName = &quot;us-ascii&quot;, CodePage = 20127, DecoderFallback = {System.Text.DecoderReplacementFallback: DefaultString = &quot;?&quot;, MaxCharCount = 1}, EncoderFallback = {System.Text.EncoderReplacementFallback: DefaultString = &quot;?&quot;, MaxCharCount = 1}, EncodingName = &quot;US-ASCII&quot;, HeaderName = &quot;us-ascii&quot;, IsBrowserDisplay = false, IsBrowserSave = false, IsMailNewsDisplay = true, IsMailNewsSave = true, IsReadOnly = true, IsSingleByte = true, WebName = &quot;us-ascii&quot;, WindowsCodePage = 1252}, 65)" computerName="MONARCH3" startTime="2014-03-09T10:37:10.7607422+11:00" endTime="2014-03-09T10:37:10.7607422+11:00" testType="f3589083-259c-4054-87f7-75cdad4b08e5" outcome="Passed" testListId="8c84fa94-04c1-424b-9868-57a2d4851a1d" relativeResultsDirectory="96e4d879-ea4a-4552-bcad-d7c37fe80303" />
        <GallioTestResult executionId="96e4d879-ea4a-4552-bcad-d7c37fe80303" testId="35393365-3935-6166-3766-313732643137" testName="BushLifeCommonTest/StreamUtilsTest/TestPutShortMemory/TestPutShortMemory({System.Text.ASCIIEncoding: BodyName = &quot;us-ascii&quot;, CodePage = 20127, DecoderFallback = {System.Text.DecoderReplacementFallback: DefaultString = &quot;?&quot;, MaxCharCount = 1}, EncoderFallback = {System.Text.EncoderReplacementFallback: DefaultString = &quot;?&quot;, MaxCharCount = 1}, EncodingName = &quot;US-ASCII&quot;, HeaderName = &quot;us-ascii&quot;, IsBrowserDisplay = false, IsBrowserSave = false, IsMailNewsDisplay = true, IsMailNewsSave = true, IsReadOnly = true, IsSingleByte = true, WebName = &quot;us-ascii&quot;, WindowsCodePage = 1252}, 97)" computerName="MONARCH3" startTime="2014-03-09T10:37:10.7607422+11:00" endTime="2014-03-09T10:37:10.7763672+11:00" testType="f3589083-259c-4054-87f7-75cdad4b08e5" outcome="Passed" testListId="8c84fa94-04c1-424b-9868-57a2d4851a1d" relativeResultsDirectory="96e4d879-ea4a-4552-bcad-d7c37fe80303" />
        <GallioTestResult executionId="96e4d879-ea4a-4552-bcad-d7c37fe80303" testId="35393365-3935-6166-3766-313732643137" testName="BushLifeCommonTest/StreamUtilsTest/TestPutShortMemory/TestPutShortMemory({System.Text.ASCIIEncoding: BodyName = &quot;us-ascii&quot;, CodePage = 20127, DecoderFallback = {System.Text.DecoderReplacementFallback: DefaultString = &quot;?&quot;, MaxCharCount = 1}, EncoderFallback = {System.Text.EncoderReplacementFallback: DefaultString = &quot;?&quot;, MaxCharCount = 1}, EncodingName = &quot;US-ASCII&quot;, HeaderName = &quot;us-ascii&quot;, IsBrowserDisplay = false, IsBrowserSave = false, IsMailNewsDisplay = true, IsMailNewsSave = true, IsReadOnly = true, IsSingleByte = true, WebName = &quot;us-ascii&quot;, WindowsCodePage = 1252}, 33)" computerName="MONARCH3" startTime="2014-03-09T10:37:10.7763672+11:00" endTime="2014-03-09T10:37:10.7763672+11:00" testType="f3589083-259c-4054-87f7-75cdad4b08e5" outcome="Passed" testListId="8c84fa94-04c1-424b-9868-57a2d4851a1d" relativeResultsDirectory="96e4d879-ea4a-4552-bcad-d7c37fe80303" />
        <GallioTestResult executionId="96e4d879-ea4a-4552-bcad-d7c37fe80303" testId="35393365-3935-6166-3766-313732643137" testName="BushLifeCommonTest/StreamUtilsTest/TestPutShortMemory/TestPutShortMemory({System.Text.ASCIIEncoding: BodyName = &quot;us-ascii&quot;, CodePage = 20127, DecoderFallback = {System.Text.DecoderReplacementFallback: DefaultString = &quot;?&quot;, MaxCharCount = 1}, EncoderFallback = {System.Text.EncoderReplacementFallback: DefaultString = &quot;?&quot;, MaxCharCount = 1}, EncodingName = &quot;US-ASCII&quot;, HeaderName = &quot;us-ascii&quot;, IsBrowserDisplay = false, IsBrowserSave = false, IsMailNewsDisplay = true, IsMailNewsSave = true, IsReadOnly = true, IsSingleByte = true, WebName = &quot;us-ascii&quot;, WindowsCodePage = 1252}, 199)" computerName="MONARCH3" startTime="2014-03-09T10:37:10.7763672+11:00" endTime="2014-03-09T10:37:10.7763672+11:00" testType="f3589083-259c-4054-87f7-75cdad4b08e5" outcome="Passed" testListId="8c84fa94-04c1-424b-9868-57a2d4851a1d" relativeResultsDirectory="96e4d879-ea4a-4552-bcad-d7c37fe80303" />
        <GallioTestResult executionId="96e4d879-ea4a-4552-bcad-d7c37fe80303" testId="35393365-3935-6166-3766-313732643137" testName="BushLifeCommonTest/StreamUtilsTest/TestPutShortMemory/TestPutShortMemory({System.Text.ASCIIEncoding: BodyName = &quot;us-ascii&quot;, CodePage = 20127, DecoderFallback = {System.Text.DecoderReplacementFallback: DefaultString = &quot;?&quot;, MaxCharCount = 1}, EncoderFallback = {System.Text.EncoderReplacementFallback: DefaultString = &quot;?&quot;, MaxCharCount = 1}, EncodingName = &quot;US-ASCII&quot;, HeaderName = &quot;us-ascii&quot;, IsBrowserDisplay = false, IsBrowserSave = false, IsMailNewsDisplay = true, IsMailNewsSave = true, IsReadOnly = true, IsSingleByte = true, WebName = &quot;us-ascii&quot;, WindowsCodePage = 1252}, 216)" computerName="MONARCH3" startTime="2014-03-09T10:37:10.7763672+11:00" endTime="2014-03-09T10:37:10.7919922+11:00" testType="f3589083-259c-4054-87f7-75cdad4b08e5" outcome="Passed" testListId="8c84fa94-04c1-424b-9868-57a2d4851a1d" relativeResultsDirectory="96e4d879-ea4a-4552-bcad-d7c37fe80303" />
        <GallioTestResult executionId="96e4d879-ea4a-4552-bcad-d7c37fe80303" testId="35393365-3935-6166-3766-313732643137" testName="BushLifeCommonTest/StreamUtilsTest/TestPutShortMemory/TestPutShortMemory({System.Text.ASCIIEncoding: BodyName = &quot;us-ascii&quot;, CodePage = 20127, DecoderFallback = {System.Text.DecoderReplacementFallback: DefaultString = &quot;?&quot;, MaxCharCount = 1}, EncoderFallback = {System.Text.EncoderReplacementFallback: DefaultString = &quot;?&quot;, MaxCharCount = 1}, EncodingName = &quot;US-ASCII&quot;, HeaderName = &quot;us-ascii&quot;, IsBrowserDisplay = false, IsBrowserSave = false, IsMailNewsDisplay = true, IsMailNewsSave = true, IsReadOnly = true, IsSingleByte = true, WebName = &quot;us-ascii&quot;, WindowsCodePage = 1252}, 255)" computerName="MONARCH3" startTime="2014-03-09T10:37:10.7919922+11:00" endTime="2014-03-09T10:37:10.7919922+11:00" testType="f3589083-259c-4054-87f7-75cdad4b08e5" outcome="Passed" testListId="8c84fa94-04c1-424b-9868-57a2d4851a1d" relativeResultsDirectory="96e4d879-ea4a-4552-bcad-d7c37fe80303" />
        <GallioTestResult executionId="96e4d879-ea4a-4552-bcad-d7c37fe80303" testId="35393365-3935-6166-3766-313732643137" testName="BushLifeCommonTest/StreamUtilsTest/TestPutShortMemory/TestPutShortMemory({System.Text.ASCIIEncoding: BodyName = &quot;us-ascii&quot;, CodePage = 20127, DecoderFallback = {System.Text.DecoderReplacementFallback: DefaultString = &quot;?&quot;, MaxCharCount = 1}, EncoderFallback = {System.Text.EncoderReplacementFallback: DefaultString = &quot;?&quot;, MaxCharCount = 1}, EncodingName = &quot;US-ASCII&quot;, HeaderName = &quot;us-ascii&quot;, IsBrowserDisplay = false, IsBrowserSave = false, IsMailNewsDisplay = true, IsMailNewsSave = true, IsReadOnly = true, IsSingleByte = true, WebName = &quot;us-ascii&quot;, WindowsCodePage = 1252}, 124)" computerName="MONARCH3" startTime="2014-03-09T10:37:10.7919922+11:00" endTime="2014-03-09T10:37:10.8076172+11:00" testType="f3589083-259c-4054-87f7-75cdad4b08e5" outcome="Passed" testListId="8c84fa94-04c1-424b-9868-57a2d4851a1d" relativeResultsDirectory="96e4d879-ea4a-4552-bcad-d7c37fe80303" />
        <GallioTestResult executionId="96e4d879-ea4a-4552-bcad-d7c37fe80303" testId="35393365-3935-6166-3766-313732643137" testName="BushLifeCommonTest/StreamUtilsTest/TestPutShortMemory/TestPutShortMemory({System.Text.ASCIIEncoding: BodyName = &quot;us-ascii&quot;, CodePage = 20127, DecoderFallback = {System.Text.DecoderReplacementFallback: DefaultString = &quot;?&quot;, MaxCharCount = 1}, EncoderFallback = {System.Text.EncoderReplacementFallback: DefaultString = &quot;?&quot;, MaxCharCount = 1}, EncodingName = &quot;US-ASCII&quot;, HeaderName = &quot;us-ascii&quot;, IsBrowserDisplay = false, IsBrowserSave = false, IsMailNewsDisplay = true, IsMailNewsSave = true, IsReadOnly = true, IsSingleByte = true, WebName = &quot;us-ascii&quot;, WindowsCodePage = 1252}, 8448)" computerName="MONARCH3" startTime="2014-03-09T10:37:10.8076172+11:00" endTime="2014-03-09T10:37:10.8076172+11:00" testType="f3589083-259c-4054-87f7-75cdad4b08e5" outcome="Passed" testListId="8c84fa94-04c1-424b-9868-57a2d4851a1d" relativeResultsDirectory="96e4d879-ea4a-4552-bcad-d7c37fe80303" />
        <GallioTestResult executionId="96e4d879-ea4a-4552-bcad-d7c37fe80303" testId="35393365-3935-6166-3766-313732643137" testName="BushLifeCommonTest/StreamUtilsTest/TestPutShortMemory/TestPutShortMemory({System.Text.ASCIIEncoding: BodyName = &quot;us-ascii&quot;, CodePage = 20127, DecoderFallback = {System.Text.DecoderReplacementFallback: DefaultString = &quot;?&quot;, MaxCharCount = 1}, EncoderFallback = {System.Text.EncoderReplacementFallback: DefaultString = &quot;?&quot;, MaxCharCount = 1}, EncodingName = &quot;US-ASCII&quot;, HeaderName = &quot;us-ascii&quot;, IsBrowserDisplay = false, IsBrowserSave = false, IsMailNewsDisplay = true, IsMailNewsSave = true, IsReadOnly = true, IsSingleByte = true, WebName = &quot;us-ascii&quot;, WindowsCodePage = 1252}, 51143)" computerName="MONARCH3" startTime="2014-03-09T10:37:10.8076172+11:00" endTime="2014-03-09T10:37:10.8076172+11:00" testType="f3589083-259c-4054-87f7-75cdad4b08e5" outcome="Passed" testListId="8c84fa94-04c1-424b-9868-57a2d4851a1d" relativeResultsDirectory="96e4d879-ea4a-4552-bcad-d7c37fe80303" />
        <GallioTestResult executionId="96e4d879-ea4a-4552-bcad-d7c37fe80303" testId="35393365-3935-6166-3766-313732643137" testName="BushLifeCommonTest/StreamUtilsTest/TestPutShortMemory/TestPutShortMemory({System.Text.ASCIIEncoding: BodyName = &quot;us-ascii&quot;, CodePage = 20127, DecoderFallback = {System.Text.DecoderReplacementFallback: DefaultString = &quot;?&quot;, MaxCharCount = 1}, EncoderFallback = {System.Text.EncoderReplacementFallback: DefaultString = &quot;?&quot;, MaxCharCount = 1}, EncodingName = &quot;US-ASCII&quot;, HeaderName = &quot;us-ascii&quot;, IsBrowserDisplay = false, IsBrowserSave = false, IsMailNewsDisplay = true, IsMailNewsSave = true, IsReadOnly = true, IsSingleByte = true, WebName = &quot;us-ascii&quot;, WindowsCodePage = 1252}, 55512)" computerName="MONARCH3" startTime="2014-03-09T10:37:10.8076172+11:00" endTime="2014-03-09T10:37:10.8232422+11:00" testType="f3589083-259c-4054-87f7-75cdad4b08e5" outcome="Passed" testListId="8c84fa94-04c1-424b-9868-57a2d4851a1d" relativeResultsDirectory="96e4d879-ea4a-4552-bcad-d7c37fe80303" />
        <GallioTestResult executionId="96e4d879-ea4a-4552-bcad-d7c37fe80303" testId="35393365-3935-6166-3766-313732643137" testName="BushLifeCommonTest/StreamUtilsTest/TestPutShortMemory/TestPutShortMemory({System.Text.ASCIIEncoding: BodyName = &quot;us-ascii&quot;, CodePage = 20127, DecoderFallback = {System.Text.DecoderReplacementFallback: DefaultString = &quot;?&quot;, MaxCharCount = 1}, EncoderFallback = {System.Text.EncoderReplacementFallback: DefaultString = &quot;?&quot;, MaxCharCount = 1}, EncodingName = &quot;US-ASCII&quot;, HeaderName = &quot;us-ascii&quot;, IsBrowserDisplay = false, IsBrowserSave = false, IsMailNewsDisplay = true, IsMailNewsSave = true, IsReadOnly = true, IsSingleByte = true, WebName = &quot;us-ascii&quot;, WindowsCodePage = 1252}, 65535)" computerName="MONARCH3" startTime="2014-03-09T10:37:10.8232422+11:00" endTime="2014-03-09T10:37:10.8232422+11:00" testType="f3589083-259c-4054-87f7-75cdad4b08e5" outcome="Passed" testListId="8c84fa94-04c1-424b-9868-57a2d4851a1d" relativeResultsDirectory="96e4d879-ea4a-4552-bcad-d7c37fe80303" />
        <GallioTestResult executionId="96e4d879-ea4a-4552-bcad-d7c37fe80303" testId="35393365-3935-6166-3766-313732643137" testName="BushLifeCommonTest/StreamUtilsTest/TestPutShortMemory/TestPutShortMemory({System.Text.ASCIIEncoding: BodyName = &quot;us-ascii&quot;, CodePage = 20127, DecoderFallback = {System.Text.DecoderReplacementFallback: DefaultString = &quot;?&quot;, MaxCharCount = 1}, EncoderFallback = {System.Text.EncoderReplacementFallback: DefaultString = &quot;?&quot;, MaxCharCount = 1}, EncodingName = &quot;US-ASCII&quot;, HeaderName = &quot;us-ascii&quot;, IsBrowserDisplay = false, IsBrowserSave = false, IsMailNewsDisplay = true, IsMailNewsSave = true, IsReadOnly = true, IsSingleByte = true, WebName = &quot;us-ascii&quot;, WindowsCodePage = 1252}, 31943)" computerName="MONARCH3" startTime="2014-03-09T10:37:10.8232422+11:00" endTime="2014-03-09T10:37:10.8388672+11:00" testType="f3589083-259c-4054-87f7-75cdad4b08e5" outcome="Passed" testListId="8c84fa94-04c1-424b-9868-57a2d4851a1d" relativeResultsDirectory="96e4d879-ea4a-4552-bcad-d7c37fe80303" />
        <GallioTestResult executionId="96e4d879-ea4a-4552-bcad-d7c37fe80303" testId="35393365-3935-6166-3766-313732643137" testName="BushLifeCommonTest/StreamUtilsTest/TestPutShortMemory/TestPutShortMemory({System.Text.UTF8Encoding: BodyName = &quot;utf-8&quot;, CodePage = 65001, DecoderFallback = {System.Text.DecoderReplacementFallback: DefaultString = &quot;�&quot;, MaxCharCount = 1}, EncoderFallback = {System.Text.EncoderReplacementFallback: DefaultString = &quot;�&quot;, MaxCharCount = 1}, EncodingName = &quot;Unicode (UTF-8)&quot;, HeaderName = &quot;utf-8&quot;, IsBrowserDisplay = true, IsBrowserSave = true, IsMailNewsDisplay = true, IsMailNewsSave = true, IsReadOnly = true, IsSingleByte = false, WebName = &quot;utf-8&quot;, WindowsCodePage = 1200}, 0)" computerName="MONARCH3" startTime="2014-03-09T10:37:10.8388672+11:00" endTime="2014-03-09T10:37:10.8388672+11:00" testType="f3589083-259c-4054-87f7-75cdad4b08e5" outcome="Passed" testListId="8c84fa94-04c1-424b-9868-57a2d4851a1d" relativeResultsDirectory="96e4d879-ea4a-4552-bcad-d7c37fe80303" />
        <GallioTestResult executionId="96e4d879-ea4a-4552-bcad-d7c37fe80303" testId="35393365-3935-6166-3766-313732643137" testName="BushLifeCommonTest/StreamUtilsTest/TestPutShortMemory/TestPutShortMemory({System.Text.UTF8Encoding: BodyName = &quot;utf-8&quot;, CodePage = 65001, DecoderFallback = {System.Text.DecoderReplacementFallback: DefaultString = &quot;�&quot;, MaxCharCount = 1}, EncoderFallback = {System.Text.EncoderReplacementFallback: DefaultString = &quot;�&quot;, MaxCharCount = 1}, EncodingName = &quot;Unicode (UTF-8)&quot;, HeaderName = &quot;utf-8&quot;, IsBrowserDisplay = true, IsBrowserSave = true, IsMailNewsDisplay = true, IsMailNewsSave = true, IsReadOnly = true, IsSingleByte = false, WebName = &quot;utf-8&quot;, WindowsCodePage = 1200}, 65)" computerName="MONARCH3" startTime="2014-03-09T10:37:10.8388672+11:00" endTime="2014-03-09T10:37:10.8388672+11:00" testType="f3589083-259c-4054-87f7-75cdad4b08e5" outcome="Passed" testListId="8c84fa94-04c1-424b-9868-57a2d4851a1d" relativeResultsDirectory="96e4d879-ea4a-4552-bcad-d7c37fe80303" />
        <GallioTestResult executionId="96e4d879-ea4a-4552-bcad-d7c37fe80303" testId="35393365-3935-6166-3766-313732643137" testName="BushLifeCommonTest/StreamUtilsTest/TestPutShortMemory/TestPutShortMemory({System.Text.UTF8Encoding: BodyName = &quot;utf-8&quot;, CodePage = 65001, DecoderFallback = {System.Text.DecoderReplacementFallback: DefaultString = &quot;�&quot;, MaxCharCount = 1}, EncoderFallback = {System.Text.EncoderReplacementFallback: DefaultString = &quot;�&quot;, MaxCharCount = 1}, EncodingName = &quot;Unicode (UTF-8)&quot;, HeaderName = &quot;utf-8&quot;, IsBrowserDisplay = true, IsBrowserSave = true, IsMailNewsDisplay = true, IsMailNewsSave = true, IsReadOnly = true, IsSingleByte = false, WebName = &quot;utf-8&quot;, WindowsCodePage = 1200}, 97)" computerName="MONARCH3" startTime="2014-03-09T10:37:10.8388672+11:00" endTime="2014-03-09T10:37:10.8388672+11:00" testType="f3589083-259c-4054-87f7-75cdad4b08e5" outcome="Passed" testListId="8c84fa94-04c1-424b-9868-57a2d4851a1d" relativeResultsDirectory="96e4d879-ea4a-4552-bcad-d7c37fe80303" />
        <GallioTestResult executionId="96e4d879-ea4a-4552-bcad-d7c37fe80303" testId="35393365-3935-6166-3766-313732643137" testName="BushLifeCommonTest/StreamUtilsTest/TestPutShortMemory/TestPutShortMemory({System.Text.UTF8Encoding: BodyName = &quot;utf-8&quot;, CodePage = 65001, DecoderFallback = {System.Text.DecoderReplacementFallback: DefaultString = &quot;�&quot;, MaxCharCount = 1}, EncoderFallback = {System.Text.EncoderReplacementFallback: DefaultString = &quot;�&quot;, MaxCharCount = 1}, EncodingName = &quot;Unicode (UTF-8)&quot;, HeaderName = &quot;utf-8&quot;, IsBrowserDisplay = true, IsBrowserSave = true, IsMailNewsDisplay = true, IsMailNewsSave = true, IsReadOnly = true, IsSingleByte = false, WebName = &quot;utf-8&quot;, WindowsCodePage = 1200}, 33)" computerName="MONARCH3" startTime="2014-03-09T10:37:10.8388672+11:00" endTime="2014-03-09T10:37:10.8388672+11:00" testType="f3589083-259c-4054-87f7-75cdad4b08e5" outcome="Passed" testListId="8c84fa94-04c1-424b-9868-57a2d4851a1d" relativeResultsDirectory="96e4d879-ea4a-4552-bcad-d7c37fe80303" />
        <GallioTestResult executionId="96e4d879-ea4a-4552-bcad-d7c37fe80303" testId="35393365-3935-6166-3766-313732643137" testName="BushLifeCommonTest/StreamUtilsTest/TestPutShortMemory/TestPutShortMemory({System.Text.UTF8Encoding: BodyName = &quot;utf-8&quot;, CodePage = 65001, DecoderFallback = {System.Text.DecoderReplacementFallback: DefaultString = &quot;�&quot;, MaxCharCount = 1}, EncoderFallback = {System.Text.EncoderReplacementFallback: DefaultString = &quot;�&quot;, MaxCharCount = 1}, EncodingName = &quot;Unicode (UTF-8)&quot;, HeaderName = &quot;utf-8&quot;, IsBrowserDisplay = true, IsBrowserSave = true, IsMailNewsDisplay = true, IsMailNewsSave = true, IsReadOnly = true, IsSingleByte = false, WebName = &quot;utf-8&quot;, WindowsCodePage = 1200}, 199)" computerName="MONARCH3" startTime="2014-03-09T10:37:10.8388672+11:00" endTime="2014-03-09T10:37:10.8701172+11:00" testType="f3589083-259c-4054-87f7-75cdad4b08e5" outcome="Passed" testListId="8c84fa94-04c1-424b-9868-57a2d4851a1d" relativeResultsDirectory="96e4d879-ea4a-4552-bcad-d7c37fe80303" />
        <GallioTestResult executionId="96e4d879-ea4a-4552-bcad-d7c37fe80303" testId="35393365-3935-6166-3766-313732643137" testName="BushLifeCommonTest/StreamUtilsTest/TestPutShortMemory/TestPutShortMemory({System.Text.UTF8Encoding: BodyName = &quot;utf-8&quot;, CodePage = 65001, DecoderFallback = {System.Text.DecoderReplacementFallback: DefaultString = &quot;�&quot;, MaxCharCount = 1}, EncoderFallback = {System.Text.EncoderReplacementFallback: DefaultString = &quot;�&quot;, MaxCharCount = 1}, EncodingName = &quot;Unicode (UTF-8)&quot;, HeaderName = &quot;utf-8&quot;, IsBrowserDisplay = true, IsBrowserSave = true, IsMailNewsDisplay = true, IsMailNewsSave = true, IsReadOnly = true, IsSingleByte = false, WebName = &quot;utf-8&quot;, WindowsCodePage = 1200}, 216)" computerName="MONARCH3" startTime="2014-03-09T10:37:10.8701172+11:00" endTime="2014-03-09T10:37:10.8701172+11:00" testType="f3589083-259c-4054-87f7-75cdad4b08e5" outcome="Passed" testListId="8c84fa94-04c1-424b-9868-57a2d4851a1d" relativeResultsDirectory="96e4d879-ea4a-4552-bcad-d7c37fe80303" />
        <GallioTestResult executionId="96e4d879-ea4a-4552-bcad-d7c37fe80303" testId="35393365-3935-6166-3766-313732643137" testName="BushLifeCommonTest/StreamUtilsTest/TestPutShortMemory/TestPutShortMemory({System.Text.UTF8Encoding: BodyName = &quot;utf-8&quot;, CodePage = 65001, DecoderFallback = {System.Text.DecoderReplacementFallback: DefaultString = &quot;�&quot;, MaxCharCount = 1}, EncoderFallback = {System.Text.EncoderReplacementFallback: DefaultString = &quot;�&quot;, MaxCharCount = 1}, EncodingName = &quot;Unicode (UTF-8)&quot;, HeaderName = &quot;utf-8&quot;, IsBrowserDisplay = true, IsBrowserSave = true, IsMailNewsDisplay = true, IsMailNewsSave = true, IsReadOnly = true, IsSingleByte = false, WebName = &quot;utf-8&quot;, WindowsCodePage = 1200}, 255)" computerName="MONARCH3" startTime="2014-03-09T10:37:10.8701172+11:00" endTime="2014-03-09T10:37:10.8701172+11:00" testType="f3589083-259c-4054-87f7-75cdad4b08e5" outcome="Passed" testListId="8c84fa94-04c1-424b-9868-57a2d4851a1d" relativeResultsDirectory="96e4d879-ea4a-4552-bcad-d7c37fe80303" />
        <GallioTestResult executionId="96e4d879-ea4a-4552-bcad-d7c37fe80303" testId="35393365-3935-6166-3766-313732643137" testName="BushLifeCommonTest/StreamUtilsTest/TestPutShortMemory/TestPutShortMemory({System.Text.UTF8Encoding: BodyName = &quot;utf-8&quot;, CodePage = 65001, DecoderFallback = {System.Text.DecoderReplacementFallback: DefaultString = &quot;�&quot;, MaxCharCount = 1}, EncoderFallback = {System.Text.EncoderReplacementFallback: DefaultString = &quot;�&quot;, MaxCharCount = 1}, EncodingName = &quot;Unicode (UTF-8)&quot;, HeaderName = &quot;utf-8&quot;, IsBrowserDisplay = true, IsBrowserSave = true, IsMailNewsDisplay = true, IsMailNewsSave = true, IsReadOnly = true, IsSingleByte = false, WebName = &quot;utf-8&quot;, WindowsCodePage = 1200}, 124)" computerName="MONARCH3" startTime="2014-03-09T10:37:10.8701172+11:00" endTime="2014-03-09T10:37:10.8857422+11:00" testType="f3589083-259c-4054-87f7-75cdad4b08e5" outcome="Passed" testListId="8c84fa94-04c1-424b-9868-57a2d4851a1d" relativeResultsDirectory="96e4d879-ea4a-4552-bcad-d7c37fe80303" />
        <GallioTestResult executionId="96e4d879-ea4a-4552-bcad-d7c37fe80303" testId="35393365-3935-6166-3766-313732643137" testName="BushLifeCommonTest/StreamUtilsTest/TestPutShortMemory/TestPutShortMemory({System.Text.UTF8Encoding: BodyName = &quot;utf-8&quot;, CodePage = 65001, DecoderFallback = {System.Text.DecoderReplacementFallback: DefaultString = &quot;�&quot;, MaxCharCount = 1}, EncoderFallback = {System.Text.EncoderReplacementFallback: DefaultString = &quot;�&quot;, MaxCharCount = 1}, EncodingName = &quot;Unicode (UTF-8)&quot;, HeaderName = &quot;utf-8&quot;, IsBrowserDisplay = true, IsBrowserSave = true, IsMailNewsDisplay = true, IsMailNewsSave = true, IsReadOnly = true, IsSingleByte = false, WebName = &quot;utf-8&quot;, WindowsCodePage = 1200}, 8448)" computerName="MONARCH3" duration="00:00:00.0040000" startTime="2014-03-09T10:37:10.8857422+11:00" endTime="2014-03-09T10:37:10.8857422+11:00" testType="f3589083-259c-4054-87f7-75cdad4b08e5" outcome="Passed" testListId="8c84fa94-04c1-424b-9868-57a2d4851a1d" relativeResultsDirectory="96e4d879-ea4a-4552-bcad-d7c37fe80303" />
        <GallioTestResult executionId="96e4d879-ea4a-4552-bcad-d7c37fe80303" testId="35393365-3935-6166-3766-313732643137" testName="BushLifeCommonTest/StreamUtilsTest/TestPutShortMemory/TestPutShortMemory({System.Text.UTF8Encoding: BodyName = &quot;utf-8&quot;, CodePage = 65001, DecoderFallback = {System.Text.DecoderReplacementFallback: DefaultString = &quot;�&quot;, MaxCharCount = 1}, EncoderFallback = {System.Text.EncoderReplacementFallback: DefaultString = &quot;�&quot;, MaxCharCount = 1}, EncodingName = &quot;Unicode (UTF-8)&quot;, HeaderName = &quot;utf-8&quot;, IsBrowserDisplay = true, IsBrowserSave = true, IsMailNewsDisplay = true, IsMailNewsSave = true, IsReadOnly = true, IsSingleByte = false, WebName = &quot;utf-8&quot;, WindowsCodePage = 1200}, 51143)" computerName="MONARCH3" startTime="2014-03-09T10:37:10.8857422+11:00" endTime="2014-03-09T10:37:10.8857422+11:00" testType="f3589083-259c-4054-87f7-75cdad4b08e5" outcome="Passed" testListId="8c84fa94-04c1-424b-9868-57a2d4851a1d" relativeResultsDirectory="96e4d879-ea4a-4552-bcad-d7c37fe80303" />
        <GallioTestResult executionId="96e4d879-ea4a-4552-bcad-d7c37fe80303" testId="35393365-3935-6166-3766-313732643137" testName="BushLifeCommonTest/StreamUtilsTest/TestPutShortMemory/TestPutShortMemory({System.Text.UTF8Encoding: BodyName = &quot;utf-8&quot;, CodePage = 65001, DecoderFallback = {System.Text.DecoderReplacementFallback: DefaultString = &quot;�&quot;, MaxCharCount = 1}, EncoderFallback = {System.Text.EncoderReplacementFallback: DefaultString = &quot;�&quot;, MaxCharCount = 1}, EncodingName = &quot;Unicode (UTF-8)&quot;, HeaderName = &quot;utf-8&quot;, IsBrowserDisplay = true, IsBrowserSave = true, IsMailNewsDisplay = true, IsMailNewsSave = true, IsReadOnly = true, IsSingleByte = false, WebName = &quot;utf-8&quot;, WindowsCodePage = 1200}, 55512)" computerName="MONARCH3" startTime="2014-03-09T10:37:10.9013672+11:00" endTime="2014-03-09T10:37:10.9013672+11:00" testType="f3589083-259c-4054-87f7-75cdad4b08e5" outcome="Passed" testListId="8c84fa94-04c1-424b-9868-57a2d4851a1d" relativeResultsDirectory="96e4d879-ea4a-4552-bcad-d7c37fe80303" />
        <GallioTestResult executionId="96e4d879-ea4a-4552-bcad-d7c37fe80303" testId="35393365-3935-6166-3766-313732643137" testName="BushLifeCommonTest/StreamUtilsTest/TestPutShortMemory/TestPutShortMemory({System.Text.UTF8Encoding: BodyName = &quot;utf-8&quot;, CodePage = 65001, DecoderFallback = {System.Text.DecoderReplacementFallback: DefaultString = &quot;�&quot;, MaxCharCount = 1}, EncoderFallback = {System.Text.EncoderReplacementFallback: DefaultString = &quot;�&quot;, MaxCharCount = 1}, EncodingName = &quot;Unicode (UTF-8)&quot;, HeaderName = &quot;utf-8&quot;, IsBrowserDisplay = true, IsBrowserSave = true, IsMailNewsDisplay = true, IsMailNewsSave = true, IsReadOnly = true, IsSingleByte = false, WebName = &quot;utf-8&quot;, WindowsCodePage = 1200}, 65535)" computerName="MONARCH3" startTime="2014-03-09T10:37:10.9013672+11:00" endTime="2014-03-09T10:37:10.9013672+11:00" testType="f3589083-259c-4054-87f7-75cdad4b08e5" outcome="Passed" testListId="8c84fa94-04c1-424b-9868-57a2d4851a1d" relativeResultsDirectory="96e4d879-ea4a-4552-bcad-d7c37fe80303" />
        <GallioTestResult executionId="96e4d879-ea4a-4552-bcad-d7c37fe80303" testId="35393365-3935-6166-3766-313732643137" testName="BushLifeCommonTest/StreamUtilsTest/TestPutShortMemory/TestPutShortMemory({System.Text.UTF8Encoding: BodyName = &quot;utf-8&quot;, CodePage = 65001, DecoderFallback = {System.Text.DecoderReplacementFallback: DefaultString = &quot;�&quot;, MaxCharCount = 1}, EncoderFallback = {System.Text.EncoderReplacementFallback: DefaultString = &quot;�&quot;, MaxCharCount = 1}, EncodingName = &quot;Unicode (UTF-8)&quot;, HeaderName = &quot;utf-8&quot;, IsBrowserDisplay = true, IsBrowserSave = true, IsMailNewsDisplay = true, IsMailNewsSave = true, IsReadOnly = true, IsSingleByte = false, WebName = &quot;utf-8&quot;, WindowsCodePage = 1200}, 31943)" computerName="MONARCH3" startTime="2014-03-09T10:37:10.9013672+11:00" endTime="2014-03-09T10:37:10.9013672+11:00" testType="f3589083-259c-4054-87f7-75cdad4b08e5" outcome="Passed" testListId="8c84fa94-04c1-424b-9868-57a2d4851a1d" relativeResultsDirectory="96e4d879-ea4a-4552-bcad-d7c37fe80303" />
        <GallioTestResult executionId="96e4d879-ea4a-4552-bcad-d7c37fe80303" testId="35393365-3935-6166-3766-313732643137" testName="BushLifeCommonTest/StreamUtilsTest/TestPutShortMemory/TestPutShortMemory({System.Text.SBCSCodePageEncoding: BodyName = &quot;iso-8859-1&quot;, CodePage = 1252, DecoderFallback = {System.Text.InternalDecoderBestFitFallback: MaxCharCount = 1}, EncoderFallback = {System.Text.InternalEncoderBestFitFallback: MaxCharCount = 1}, EncodingName = &quot;Western European (Windows)&quot;, HeaderName = &quot;Windows-1252&quot;, IsBrowserDisplay = true, IsBrowserSave = true, IsMailNewsDisplay = true, IsMailNewsSave = true, IsReadOnly = true, IsSingleByte = true, WebName = &quot;Windows-1252&quot;, WindowsCodePage = 1252}, 0)" computerName="MONARCH3" startTime="2014-03-09T10:37:10.9013672+11:00" endTime="2014-03-09T10:37:10.9013672+11:00" testType="f3589083-259c-4054-87f7-75cdad4b08e5" outcome="Passed" testListId="8c84fa94-04c1-424b-9868-57a2d4851a1d" relativeResultsDirectory="96e4d879-ea4a-4552-bcad-d7c37fe80303" />
        <GallioTestResult executionId="96e4d879-ea4a-4552-bcad-d7c37fe80303" testId="35393365-3935-6166-3766-313732643137" testName="BushLifeCommonTest/StreamUtilsTest/TestPutShortMemory/TestPutShortMemory({System.Text.SBCSCodePageEncoding: BodyName = &quot;iso-8859-1&quot;, CodePage = 1252, DecoderFallback = {System.Text.InternalDecoderBestFitFallback: MaxCharCount = 1}, EncoderFallback = {System.Text.InternalEncoderBestFitFallback: MaxCharCount = 1}, EncodingName = &quot;Western European (Windows)&quot;, HeaderName = &quot;Windows-1252&quot;, IsBrowserDisplay = true, IsBrowserSave = true, IsMailNewsDisplay = true, IsMailNewsSave = true, IsReadOnly = true, IsSingleByte = true, WebName = &quot;Windows-1252&quot;, WindowsCodePage = 1252}, 65)" computerName="MONARCH3" startTime="2014-03-09T10:37:10.9013672+11:00" endTime="2014-03-09T10:37:10.9326172+11:00" testType="f3589083-259c-4054-87f7-75cdad4b08e5" outcome="Passed" testListId="8c84fa94-04c1-424b-9868-57a2d4851a1d" relativeResultsDirectory="96e4d879-ea4a-4552-bcad-d7c37fe80303" />
        <GallioTestResult executionId="96e4d879-ea4a-4552-bcad-d7c37fe80303" testId="35393365-3935-6166-3766-313732643137" testName="BushLifeCommonTest/StreamUtilsTest/TestPutShortMemory/TestPutShortMemory({System.Text.SBCSCodePageEncoding: BodyName = &quot;iso-8859-1&quot;, CodePage = 1252, DecoderFallback = {System.Text.InternalDecoderBestFitFallback: MaxCharCount = 1}, EncoderFallback = {System.Text.InternalEncoderBestFitFallback: MaxCharCount = 1}, EncodingName = &quot;Western European (Windows)&quot;, HeaderName = &quot;Windows-1252&quot;, IsBrowserDisplay = true, IsBrowserSave = true, IsMailNewsDisplay = true, IsMailNewsSave = true, IsReadOnly = true, IsSingleByte = true, WebName = &quot;Windows-1252&quot;, WindowsCodePage = 1252}, 97)" computerName="MONARCH3" startTime="2014-03-09T10:37:10.9326172+11:00" endTime="2014-03-09T10:37:10.9326172+11:00" testType="f3589083-259c-4054-87f7-75cdad4b08e5" outcome="Passed" testListId="8c84fa94-04c1-424b-9868-57a2d4851a1d" relativeResultsDirectory="96e4d879-ea4a-4552-bcad-d7c37fe80303" />
        <GallioTestResult executionId="96e4d879-ea4a-4552-bcad-d7c37fe80303" testId="35393365-3935-6166-3766-313732643137" testName="BushLifeCommonTest/StreamUtilsTest/TestPutShortMemory/TestPutShortMemory({System.Text.SBCSCodePageEncoding: BodyName = &quot;iso-8859-1&quot;, CodePage = 1252, DecoderFallback = {System.Text.InternalDecoderBestFitFallback: MaxCharCount = 1}, EncoderFallback = {System.Text.InternalEncoderBestFitFallback: MaxCharCount = 1}, EncodingName = &quot;Western European (Windows)&quot;, HeaderName = &quot;Windows-1252&quot;, IsBrowserDisplay = true, IsBrowserSave = true, IsMailNewsDisplay = true, IsMailNewsSave = true, IsReadOnly = true, IsSingleByte = true, WebName = &quot;Windows-1252&quot;, WindowsCodePage = 1252}, 33)" computerName="MONARCH3" startTime="2014-03-09T10:37:10.9326172+11:00" endTime="2014-03-09T10:37:10.9482422+11:00" testType="f3589083-259c-4054-87f7-75cdad4b08e5" outcome="Passed" testListId="8c84fa94-04c1-424b-9868-57a2d4851a1d" relativeResultsDirectory="96e4d879-ea4a-4552-bcad-d7c37fe80303" />
        <GallioTestResult executionId="96e4d879-ea4a-4552-bcad-d7c37fe80303" testId="35393365-3935-6166-3766-313732643137" testName="BushLifeCommonTest/StreamUtilsTest/TestPutShortMemory/TestPutShortMemory({System.Text.SBCSCodePageEncoding: BodyName = &quot;iso-8859-1&quot;, CodePage = 1252, DecoderFallback = {System.Text.InternalDecoderBestFitFallback: MaxCharCount = 1}, EncoderFallback = {System.Text.InternalEncoderBestFitFallback: MaxCharCount = 1}, EncodingName = &quot;Western European (Windows)&quot;, HeaderName = &quot;Windows-1252&quot;, IsBrowserDisplay = true, IsBrowserSave = true, IsMailNewsDisplay = true, IsMailNewsSave = true, IsReadOnly = true, IsSingleByte = true, WebName = &quot;Windows-1252&quot;, WindowsCodePage = 1252}, 199)" computerName="MONARCH3" startTime="2014-03-09T10:37:10.9482422+11:00" endTime="2014-03-09T10:37:10.9482422+11:00" testType="f3589083-259c-4054-87f7-75cdad4b08e5" outcome="Passed" testListId="8c84fa94-04c1-424b-9868-57a2d4851a1d" relativeResultsDirectory="96e4d879-ea4a-4552-bcad-d7c37fe80303" />
        <GallioTestResult executionId="96e4d879-ea4a-4552-bcad-d7c37fe80303" testId="35393365-3935-6166-3766-313732643137" testName="BushLifeCommonTest/StreamUtilsTest/TestPutShortMemory/TestPutShortMemory({System.Text.SBCSCodePageEncoding: BodyName = &quot;iso-8859-1&quot;, CodePage = 1252, DecoderFallback = {System.Text.InternalDecoderBestFitFallback: MaxCharCount = 1}, EncoderFallback = {System.Text.InternalEncoderBestFitFallback: MaxCharCount = 1}, EncodingName = &quot;Western European (Windows)&quot;, HeaderName = &quot;Windows-1252&quot;, IsBrowserDisplay = true, IsBrowserSave = true, IsMailNewsDisplay = true, IsMailNewsSave = true, IsReadOnly = true, IsSingleByte = true, WebName = &quot;Windows-1252&quot;, WindowsCodePage = 1252}, 216)" computerName="MONARCH3" startTime="2014-03-09T10:37:10.9482422+11:00" endTime="2014-03-09T10:37:10.9482422+11:00" testType="f3589083-259c-4054-87f7-75cdad4b08e5" outcome="Passed" testListId="8c84fa94-04c1-424b-9868-57a2d4851a1d" relativeResultsDirectory="96e4d879-ea4a-4552-bcad-d7c37fe80303" />
        <GallioTestResult executionId="96e4d879-ea4a-4552-bcad-d7c37fe80303" testId="35393365-3935-6166-3766-313732643137" testName="BushLifeCommonTest/StreamUtilsTest/TestPutShortMemory/TestPutShortMemory({System.Text.SBCSCodePageEncoding: BodyName = &quot;iso-8859-1&quot;, CodePage = 1252, DecoderFallback = {System.Text.InternalDecoderBestFitFallback: MaxCharCount = 1}, EncoderFallback = {System.Text.InternalEncoderBestFitFallback: MaxCharCount = 1}, EncodingName = &quot;Western European (Windows)&quot;, HeaderName = &quot;Windows-1252&quot;, IsBrowserDisplay = true, IsBrowserSave = true, IsMailNewsDisplay = true, IsMailNewsSave = true, IsReadOnly = true, IsSingleByte = true, WebName = &quot;Windows-1252&quot;, WindowsCodePage = 1252}, 255)" computerName="MONARCH3" startTime="2014-03-09T10:37:10.9482422+11:00" endTime="2014-03-09T10:37:10.9638672+11:00" testType="f3589083-259c-4054-87f7-75cdad4b08e5" outcome="Passed" testListId="8c84fa94-04c1-424b-9868-57a2d4851a1d" relativeResultsDirectory="96e4d879-ea4a-4552-bcad-d7c37fe80303" />
        <GallioTestResult executionId="96e4d879-ea4a-4552-bcad-d7c37fe80303" testId="35393365-3935-6166-3766-313732643137" testName="BushLifeCommonTest/StreamUtilsTest/TestPutShortMemory/TestPutShortMemory({System.Text.SBCSCodePageEncoding: BodyName = &quot;iso-8859-1&quot;, CodePage = 1252, DecoderFallback = {System.Text.InternalDecoderBestFitFallback: MaxCharCount = 1}, EncoderFallback = {System.Text.InternalEncoderBestFitFallback: MaxCharCount = 1}, EncodingName = &quot;Western European (Windows)&quot;, HeaderName = &quot;Windows-1252&quot;, IsBrowserDisplay = true, IsBrowserSave = true, IsMailNewsDisplay = true, IsMailNewsSave = true, IsReadOnly = true, IsSingleByte = true, WebName = &quot;Windows-1252&quot;, WindowsCodePage = 1252}, 124)" computerName="MONARCH3" startTime="2014-03-09T10:37:10.9638672+11:00" endTime="2014-03-09T10:37:10.9638672+11:00" testType="f3589083-259c-4054-87f7-75cdad4b08e5" outcome="Passed" testListId="8c84fa94-04c1-424b-9868-57a2d4851a1d" relativeResultsDirectory="96e4d879-ea4a-4552-bcad-d7c37fe80303" />
        <GallioTestResult executionId="96e4d879-ea4a-4552-bcad-d7c37fe80303" testId="35393365-3935-6166-3766-313732643137" testName="BushLifeCommonTest/StreamUtilsTest/TestPutShortMemory/TestPutShortMemory({System.Text.SBCSCodePageEncoding: BodyName = &quot;iso-8859-1&quot;, CodePage = 1252, DecoderFallback = {System.Text.InternalDecoderBestFitFallback: MaxCharCount = 1}, EncoderFallback = {System.Text.InternalEncoderBestFitFallback: MaxCharCount = 1}, EncodingName = &quot;Western European (Windows)&quot;, HeaderName = &quot;Windows-1252&quot;, IsBrowserDisplay = true, IsBrowserSave = true, IsMailNewsDisplay = true, IsMailNewsSave = true, IsReadOnly = true, IsSingleByte = true, WebName = &quot;Windows-1252&quot;, WindowsCodePage = 1252}, 8448)" computerName="MONARCH3" startTime="2014-03-09T10:37:10.9638672+11:00" endTime="2014-03-09T10:37:10.9794922+11:00" testType="f3589083-259c-4054-87f7-75cdad4b08e5" outcome="Passed" testListId="8c84fa94-04c1-424b-9868-57a2d4851a1d" relativeResultsDirectory="96e4d879-ea4a-4552-bcad-d7c37fe80303" />
        <GallioTestResult executionId="96e4d879-ea4a-4552-bcad-d7c37fe80303" testId="35393365-3935-6166-3766-313732643137" testName="BushLifeCommonTest/StreamUtilsTest/TestPutShortMemory/TestPutShortMemory({System.Text.SBCSCodePageEncoding: BodyName = &quot;iso-8859-1&quot;, CodePage = 1252, DecoderFallback = {System.Text.InternalDecoderBestFitFallback: MaxCharCount = 1}, EncoderFallback = {System.Text.InternalEncoderBestFitFallback: MaxCharCount = 1}, EncodingName = &quot;Western European (Windows)&quot;, HeaderName = &quot;Windows-1252&quot;, IsBrowserDisplay = true, IsBrowserSave = true, IsMailNewsDisplay = true, IsMailNewsSave = true, IsReadOnly = true, IsSingleByte = true, WebName = &quot;Windows-1252&quot;, WindowsCodePage = 1252}, 51143)" computerName="MONARCH3" startTime="2014-03-09T10:37:10.9794922+11:00" endTime="2014-03-09T10:37:10.9794922+11:00" testType="f3589083-259c-4054-87f7-75cdad4b08e5" outcome="Passed" testListId="8c84fa94-04c1-424b-9868-57a2d4851a1d" relativeResultsDirectory="96e4d879-ea4a-4552-bcad-d7c37fe80303" />
        <GallioTestResult executionId="96e4d879-ea4a-4552-bcad-d7c37fe80303" testId="35393365-3935-6166-3766-313732643137" testName="BushLifeCommonTest/StreamUtilsTest/TestPutShortMemory/TestPutShortMemory({System.Text.SBCSCodePageEncoding: BodyName = &quot;iso-8859-1&quot;, CodePage = 1252, DecoderFallback = {System.Text.InternalDecoderBestFitFallback: MaxCharCount = 1}, EncoderFallback = {System.Text.InternalEncoderBestFitFallback: MaxCharCount = 1}, EncodingName = &quot;Western European (Windows)&quot;, HeaderName = &quot;Windows-1252&quot;, IsBrowserDisplay = true, IsBrowserSave = true, IsMailNewsDisplay = true, IsMailNewsSave = true, IsReadOnly = true, IsSingleByte = true, WebName = &quot;Windows-1252&quot;, WindowsCodePage = 1252}, 55512)" computerName="MONARCH3" startTime="2014-03-09T10:37:10.9794922+11:00" endTime="2014-03-09T10:37:10.9794922+11:00" testType="f3589083-259c-4054-87f7-75cdad4b08e5" outcome="Passed" testListId="8c84fa94-04c1-424b-9868-57a2d4851a1d" relativeResultsDirectory="96e4d879-ea4a-4552-bcad-d7c37fe80303" />
        <GallioTestResult executionId="96e4d879-ea4a-4552-bcad-d7c37fe80303" testId="35393365-3935-6166-3766-313732643137" testName="BushLifeCommonTest/StreamUtilsTest/TestPutShortMemory/TestPutShortMemory({System.Text.SBCSCodePageEncoding: BodyName = &quot;iso-8859-1&quot;, CodePage = 1252, DecoderFallback = {System.Text.InternalDecoderBestFitFallback: MaxCharCount = 1}, EncoderFallback = {System.Text.InternalEncoderBestFitFallback: MaxCharCount = 1}, EncodingName = &quot;Western European (Windows)&quot;, HeaderName = &quot;Windows-1252&quot;, IsBrowserDisplay = true, IsBrowserSave = true, IsMailNewsDisplay = true, IsMailNewsSave = true, IsReadOnly = true, IsSingleByte = true, WebName = &quot;Windows-1252&quot;, WindowsCodePage = 1252}, 65535)" computerName="MONARCH3" startTime="2014-03-09T10:37:10.9794922+11:00" endTime="2014-03-09T10:37:10.9951172+11:00" testType="f3589083-259c-4054-87f7-75cdad4b08e5" outcome="Passed" testListId="8c84fa94-04c1-424b-9868-57a2d4851a1d" relativeResultsDirectory="96e4d879-ea4a-4552-bcad-d7c37fe80303" />
        <GallioTestResult executionId="96e4d879-ea4a-4552-bcad-d7c37fe80303" testId="35393365-3935-6166-3766-313732643137" testName="BushLifeCommonTest/StreamUtilsTest/TestPutShortMemory/TestPutShortMemory({System.Text.SBCSCodePageEncoding: BodyName = &quot;iso-8859-1&quot;, CodePage = 1252, DecoderFallback = {System.Text.InternalDecoderBestFitFallback: MaxCharCount = 1}, EncoderFallback = {System.Text.InternalEncoderBestFitFallback: MaxCharCount = 1}, EncodingName = &quot;Western European (Windows)&quot;, HeaderName = &quot;Windows-1252&quot;, IsBrowserDisplay = true, IsBrowserSave = true, IsMailNewsDisplay = true, IsMailNewsSave = true, IsReadOnly = true, IsSingleByte = true, WebName = &quot;Windows-1252&quot;, WindowsCodePage = 1252}, 31943)" computerName="MONARCH3" duration="00:00:00.0090000" startTime="2014-03-09T10:37:10.9951172+11:00" endTime="2014-03-09T10:37:10.9951172+11:00" testType="f3589083-259c-4054-87f7-75cdad4b08e5" outcome="Passed" testListId="8c84fa94-04c1-424b-9868-57a2d4851a1d" relativeResultsDirectory="96e4d879-ea4a-4552-bcad-d7c37fe80303" />
      </InnerResults>
    </GallioTestResult>
    <GallioTestResult executionId="a06c010e-788f-4c4e-8b1c-e1821a4bab3b" testId="35393933-3965-6135-3637-633162623461" testName="InvalidAspectExceptionNotRequiredTest" computerName="MONARCH3" duration="00:00:00.0030000" startTime="2014-03-09T10:37:07.9326172+11:00" endTime="2014-03-09T10:37:07.9326172+11:00" testType="f3589083-259c-4054-87f7-75cdad4b08e5" outcome="Passed" testListId="8c84fa94-04c1-424b-9868-57a2d4851a1d" relativeResultsDirectory="a06c010e-788f-4c4e-8b1c-e1821a4bab3b">
    </GallioTestResult>
    <GallioTestResult executionId="cefa1ad4-4a20-4a19-96cc-8a73e363358c" testId="35623666-6366-3766-3032-353932636637" testName="ExtendLineTest" computerName="MONARCH3" duration="00:00:00.1470000" startTime="2014-03-09T10:37:09.3701172+11:00" endTime="2014-03-09T10:37:09.4482422+11:00" testType="f3589083-259c-4054-87f7-75cdad4b08e5" outcome="Passed" testListId="8c84fa94-04c1-424b-9868-57a2d4851a1d" relativeResultsDirectory="cefa1ad4-4a20-4a19-96cc-8a73e363358c">
      <Counters error="0" failed="0" timeout="0" aborted="0" inconclusive="0" passedButRunAborted="0" notRunnable="0" notExecuted="0" disconnected="0" warning="0" passed="15" completed="0" inProgress="0" pending="0" />
      <InnerResults>
        <GallioTestResult executionId="cefa1ad4-4a20-4a19-96cc-8a73e363358c" testId="35623666-6366-3766-3032-353932636637" testName="BushLifeCommonTest/LineTest/ExtendLineTest/ExtendLineTest({Line2D [[0,0]-[10,0]] {10} [(10),(0)]}, 0, 10, {Line2D [[0,0]-[20,0]] {20} [(20),(0)]})" computerName="MONARCH3" duration="00:00:00.0920000" startTime="2014-03-09T10:37:09.3701172+11:00" endTime="2014-03-09T10:37:09.3701172+11:00" testType="f3589083-259c-4054-87f7-75cdad4b08e5" outcome="Passed" testListId="8c84fa94-04c1-424b-9868-57a2d4851a1d" relativeResultsDirectory="cefa1ad4-4a20-4a19-96cc-8a73e363358c" />
        <GallioTestResult executionId="cefa1ad4-4a20-4a19-96cc-8a73e363358c" testId="35623666-6366-3766-3032-353932636637" testName="BushLifeCommonTest/LineTest/ExtendLineTest/ExtendLineTest({Line2D [[0,0]-[0,10]] {10} [(0),(10)]}, 0, 10, {Line2D [[0,0]-[0,20]] {20} [(0),(20)]})" computerName="MONARCH3" startTime="2014-03-09T10:37:09.3701172+11:00" endTime="2014-03-09T10:37:09.3701172+11:00" testType="f3589083-259c-4054-87f7-75cdad4b08e5" outcome="Passed" testListId="8c84fa94-04c1-424b-9868-57a2d4851a1d" relativeResultsDirectory="cefa1ad4-4a20-4a19-96cc-8a73e363358c" />
        <GallioTestResult executionId="cefa1ad4-4a20-4a19-96cc-8a73e363358c" testId="35623666-6366-3766-3032-353932636637" testName="BushLifeCommonTest/LineTest/ExtendLineTest/ExtendLineTest({Line2D [[0,0]-[10,0]] {10} [(10),(0)]}, 10, 0, {Line2D [[-10,0]-[10,0]] {20} [(20),(0)]})" computerName="MONARCH3" startTime="2014-03-09T10:37:09.3701172+11:00" endTime="2014-03-09T10:37:09.3857422+11:00" testType="f3589083-259c-4054-87f7-75cdad4b08e5" outcome="Passed" testListId="8c84fa94-04c1-424b-9868-57a2d4851a1d" relativeResultsDirectory="cefa1ad4-4a20-4a19-96cc-8a73e363358c" />
        <GallioTestResult executionId="cefa1ad4-4a20-4a19-96cc-8a73e363358c" testId="35623666-6366-3766-3032-353932636637" testName="BushLifeCommonTest/LineTest/ExtendLineTest/ExtendLineTest({Line2D [[10,0]-[10,10]] {10} [(0),(10)]}, 10, 10, {Line2D [[10,-10]-[10,20]] {30} [(0),(30)]})" computerName="MONARCH3" startTime="2014-03-09T10:37:09.3857422+11:00" endTime="2014-03-09T10:37:09.3857422+11:00" testType="f3589083-259c-4054-87f7-75cdad4b08e5" outcome="Passed" testListId="8c84fa94-04c1-424b-9868-57a2d4851a1d" relativeResultsDirectory="cefa1ad4-4a20-4a19-96cc-8a73e363358c" />
        <GallioTestResult executionId="cefa1ad4-4a20-4a19-96cc-8a73e363358c" testId="35623666-6366-3766-3032-353932636637" testName="BushLifeCommonTest/LineTest/ExtendLineTest/ExtendLineTest({Line2D [[0,0]-[0,10]] {10} [(0),(10)]}, 10, 0, {Line2D [[0,-10]-[0,10]] {20} [(0),(20)]})" computerName="MONARCH3" startTime="2014-03-09T10:37:09.3857422+11:00" endTime="2014-03-09T10:37:09.3857422+11:00" testType="f3589083-259c-4054-87f7-75cdad4b08e5" outcome="Passed" testListId="8c84fa94-04c1-424b-9868-57a2d4851a1d" relativeResultsDirectory="cefa1ad4-4a20-4a19-96cc-8a73e363358c" />
        <GallioTestResult executionId="cefa1ad4-4a20-4a19-96cc-8a73e363358c" testId="35623666-6366-3766-3032-353932636637" testName="BushLifeCommonTest/LineTest/ExtendLineTest/ExtendLineTest({Line2D [[0,0]-[10,0]] {10} [(10),(0)]}, 10, 10, {Line2D [[-10,0]-[20,0]] {30} [(30),(0)]})" computerName="MONARCH3" startTime="2014-03-09T10:37:09.3857422+11:00" endTime="2014-03-09T10:37:09.4013672+11:00" testType="f3589083-259c-4054-87f7-75cdad4b08e5" outcome="Passed" testListId="8c84fa94-04c1-424b-9868-57a2d4851a1d" relativeResultsDirectory="cefa1ad4-4a20-4a19-96cc-8a73e363358c" />
        <GallioTestResult executionId="cefa1ad4-4a20-4a19-96cc-8a73e363358c" testId="35623666-6366-3766-3032-353932636637" testName="BushLifeCommonTest/LineTest/ExtendLineTest/ExtendLineTest({Line2D [[0,0]-[0,10]] {10} [(0),(10)]}, 10, 10, {Line2D [[0,-10]-[0,20]] {30} [(0),(30)]})" computerName="MONARCH3" startTime="2014-03-09T10:37:09.4013672+11:00" endTime="2014-03-09T10:37:09.4013672+11:00" testType="f3589083-259c-4054-87f7-75cdad4b08e5" outcome="Passed" testListId="8c84fa94-04c1-424b-9868-57a2d4851a1d" relativeResultsDirectory="cefa1ad4-4a20-4a19-96cc-8a73e363358c" />
        <GallioTestResult executionId="cefa1ad4-4a20-4a19-96cc-8a73e363358c" testId="35623666-6366-3766-3032-353932636637" testName="BushLifeCommonTest/LineTest/ExtendLineTest/ExtendLineTest({Line2D [[0,0]-[10,10]] {14} [(10),(10)]}, 0, 10, {Line2D [[0,0]-[17,17]] {24} [(17),(17)]})" computerName="MONARCH3" startTime="2014-03-09T10:37:09.4013672+11:00" endTime="2014-03-09T10:37:09.4013672+11:00" testType="f3589083-259c-4054-87f7-75cdad4b08e5" outcome="Passed" testListId="8c84fa94-04c1-424b-9868-57a2d4851a1d" relativeResultsDirectory="cefa1ad4-4a20-4a19-96cc-8a73e363358c" />
        <GallioTestResult executionId="cefa1ad4-4a20-4a19-96cc-8a73e363358c" testId="35623666-6366-3766-3032-353932636637" testName="BushLifeCommonTest/LineTest/ExtendLineTest/ExtendLineTest({Line2D [[0,0]-[10,10]] {14} [(10),(10)]}, 10, 10, {Line2D [[-7,-7]-[17,17]] {33} [(24),(24)]})" computerName="MONARCH3" startTime="2014-03-09T10:37:09.4013672+11:00" endTime="2014-03-09T10:37:09.4169922+11:00" testType="f3589083-259c-4054-87f7-75cdad4b08e5" outcome="Passed" testListId="8c84fa94-04c1-424b-9868-57a2d4851a1d" relativeResultsDirectory="cefa1ad4-4a20-4a19-96cc-8a73e363358c" />
        <GallioTestResult executionId="cefa1ad4-4a20-4a19-96cc-8a73e363358c" testId="35623666-6366-3766-3032-353932636637" testName="BushLifeCommonTest/LineTest/ExtendLineTest/ExtendLineTest({Line2D [[50,20]-[700,6400]] {6413} [(650),(6380)]}, 250, 150, {Line2D [[25,-229]-[715,6549]] {6813} [(690),(6778)]})" computerName="MONARCH3" startTime="2014-03-09T10:37:09.4169922+11:00" endTime="2014-03-09T10:37:09.4169922+11:00" testType="f3589083-259c-4054-87f7-75cdad4b08e5" outcome="Passed" testListId="8c84fa94-04c1-424b-9868-57a2d4851a1d" relativeResultsDirectory="cefa1ad4-4a20-4a19-96cc-8a73e363358c" />
        <GallioTestResult executionId="cefa1ad4-4a20-4a19-96cc-8a73e363358c" testId="35623666-6366-3766-3032-353932636637" testName="BushLifeCommonTest/LineTest/ExtendLineTest/ExtendLineTest({Line2D [[-1078,1991]-[-1078,7391]] {5400} [(0),(5400)]}, 150, 150, {Line2D [[-1078,1841]-[-1078,7541]] {5700} [(0),(5700)]})" computerName="MONARCH3" startTime="2014-03-09T10:37:09.4169922+11:00" endTime="2014-03-09T10:37:09.4169922+11:00" testType="f3589083-259c-4054-87f7-75cdad4b08e5" outcome="Passed" testListId="8c84fa94-04c1-424b-9868-57a2d4851a1d" relativeResultsDirectory="cefa1ad4-4a20-4a19-96cc-8a73e363358c" />
        <GallioTestResult executionId="cefa1ad4-4a20-4a19-96cc-8a73e363358c" testId="35623666-6366-3766-3032-353932636637" testName="BushLifeCommonTest/LineTest/ExtendLineTest/ExtendLineTest({Line2D [[-1338,-6397]-[-1338,-2797]] {3600} [(0),(3600)]}, 150, 150, {Line2D [[-1338,-6547]-[-1338,-2647]] {3900} [(0),(3900)]})" computerName="MONARCH3" startTime="2014-03-09T10:37:09.4169922+11:00" endTime="2014-03-09T10:37:09.4326172+11:00" testType="f3589083-259c-4054-87f7-75cdad4b08e5" outcome="Passed" testListId="8c84fa94-04c1-424b-9868-57a2d4851a1d" relativeResultsDirectory="cefa1ad4-4a20-4a19-96cc-8a73e363358c" />
        <GallioTestResult executionId="cefa1ad4-4a20-4a19-96cc-8a73e363358c" testId="35623666-6366-3766-3032-353932636637" testName="BushLifeCommonTest/LineTest/ExtendLineTest/ExtendLineTest({Line2D [[-1338,-2797]-[-1338,-6397]] {3600} [(0),(3600)]}, 150, 150, {Line2D [[-1338,-2647]-[-1338,-6547]] {3900} [(0),(3900)]})" computerName="MONARCH3" startTime="2014-03-09T10:37:09.4326172+11:00" endTime="2014-03-09T10:37:09.4326172+11:00" testType="f3589083-259c-4054-87f7-75cdad4b08e5" outcome="Passed" testListId="8c84fa94-04c1-424b-9868-57a2d4851a1d" relativeResultsDirectory="cefa1ad4-4a20-4a19-96cc-8a73e363358c" />
        <GallioTestResult executionId="cefa1ad4-4a20-4a19-96cc-8a73e363358c" testId="35623666-6366-3766-3032-353932636637" testName="BushLifeCommonTest/LineTest/ExtendLineTest/ExtendLineTest({Line2D [[-3636,5056]-[-6946,5056]] {3310} [(3310),(0)]}, 150, 150, {Line2D [[-3486,5056]-[-7096,5056]] {3610} [(3610),(0)]})" computerName="MONARCH3" startTime="2014-03-09T10:37:09.4326172+11:00" endTime="2014-03-09T10:37:09.4326172+11:00" testType="f3589083-259c-4054-87f7-75cdad4b08e5" outcome="Passed" testListId="8c84fa94-04c1-424b-9868-57a2d4851a1d" relativeResultsDirectory="cefa1ad4-4a20-4a19-96cc-8a73e363358c" />
        <GallioTestResult executionId="cefa1ad4-4a20-4a19-96cc-8a73e363358c" testId="35623666-6366-3766-3032-353932636637" testName="BushLifeCommonTest/LineTest/ExtendLineTest/ExtendLineTest({Line2D [[5056,-3636]-[5056,-6946]] {3310} [(0),(3310)]}, 150, 150, {Line2D [[5056,-3486]-[5056,-7096]] {3610} [(0),(3610)]})" computerName="MONARCH3" startTime="2014-03-09T10:37:09.4326172+11:00" endTime="2014-03-09T10:37:09.4482422+11:00" testType="f3589083-259c-4054-87f7-75cdad4b08e5" outcome="Passed" testListId="8c84fa94-04c1-424b-9868-57a2d4851a1d" relativeResultsDirectory="cefa1ad4-4a20-4a19-96cc-8a73e363358c" />
      </InnerResults>
    </GallioTestResult>
    <GallioTestResult executionId="3dbad8c8-f9d3-4dbc-9ce4-9d871d5e462b" testId="36303861-6266-3238-6662-366436633131" testName="TestEquals" computerName="MONARCH3" duration="00:00:00.0170000" startTime="2014-03-09T10:37:10.1044922+11:00" endTime="2014-03-09T10:37:10.1044922+11:00" testType="f3589083-259c-4054-87f7-75cdad4b08e5" outcome="Passed" testListId="8c84fa94-04c1-424b-9868-57a2d4851a1d" relativeResultsDirectory="3dbad8c8-f9d3-4dbc-9ce4-9d871d5e462b">
    </GallioTestResult>
    <GallioTestResult executionId="286b7f6d-3457-4ee9-9e3a-9371bee8d6d3" testId="37386363-6339-3064-6434-376234336465" testName="Intersection3DTest" computerName="MONARCH3" duration="00:00:12.9062500" startTime="2014-03-09T10:36:58.6982422+11:00" endTime="2014-03-09T10:37:11.6044922+11:00" testType="f3589083-259c-4054-87f7-75cdad4b08e5" outcome="Aborted" testListId="8c84fa94-04c1-424b-9868-57a2d4851a1d" relativeResultsDirectory="286b7f6d-3457-4ee9-9e3a-9371bee8d6d3">
    </GallioTestResult>
    <GallioTestResult executionId="ae88e2c3-4a92-4eb9-adb2-444d77138249" testId="38363263-3336-3162-3339-386332633039" testName="TestChainOfCommandWorksNullContext" computerName="MONARCH3" duration="00:00:00.0060000" startTime="2014-03-09T10:37:04.8388672+11:00" endTime="2014-03-09T10:37:04.8544922+11:00" testType="f3589083-259c-4054-87f7-75cdad4b08e5" outcome="Passed" testListId="8c84fa94-04c1-424b-9868-57a2d4851a1d" relativeResultsDirectory="ae88e2c3-4a92-4eb9-adb2-444d77138249">
      <Counters error="0" failed="0" timeout="0" aborted="0" inconclusive="0" passedButRunAborted="0" notRunnable="0" notExecuted="0" disconnected="0" warning="0" passed="3" completed="0" inProgress="0" pending="0" />
      <InnerResults>
        <GallioTestResult executionId="ae88e2c3-4a92-4eb9-adb2-444d77138249" testId="38363263-3336-3162-3339-386332633039" testName="BushLifeCommonTest/ChainOfCommandTest/TestChainOfCommandWorksNullContext/TestChainOfCommandWorksNullContext([], 0)" computerName="MONARCH3" duration="00:00:00.0020000" startTime="2014-03-09T10:37:04.8388672+11:00" endTime="2014-03-09T10:37:04.8544922+11:00" testType="f3589083-259c-4054-87f7-75cdad4b08e5" outcome="Passed" testListId="8c84fa94-04c1-424b-9868-57a2d4851a1d" relativeResultsDirectory="ae88e2c3-4a92-4eb9-adb2-444d77138249" />
        <GallioTestResult executionId="ae88e2c3-4a92-4eb9-adb2-444d77138249" testId="38363263-3336-3162-3339-386332633039" testName="BushLifeCommonTest/ChainOfCommandTest/TestChainOfCommandWorksNullContext/TestChainOfCommandWorksNullContext([{AU.Com.BushLife.Patterns.ChainOfCommandTest+Command1: }], 1)" computerName="MONARCH3" startTime="2014-03-09T10:37:04.8544922+11:00" endTime="2014-03-09T10:37:04.8544922+11:00" testType="f3589083-259c-4054-87f7-75cdad4b08e5" outcome="Passed" testListId="8c84fa94-04c1-424b-9868-57a2d4851a1d" relativeResultsDirectory="ae88e2c3-4a92-4eb9-adb2-444d77138249" />
        <GallioTestResult executionId="ae88e2c3-4a92-4eb9-adb2-444d77138249" testId="38363263-3336-3162-3339-386332633039" testName="BushLifeCommonTest/ChainOfCommandTest/TestChainOfCommandWorksNullContext/TestChainOfCommandWorksNullContext([{AU.Com.BushLife.Patterns.ChainOfCommandTest+Command1: }, {AU.Com.BushLife.Patterns.ChainOfCommandTest+Command2: }], 2)" computerName="MONARCH3" startTime="2014-03-09T10:37:04.8544922+11:00" endTime="2014-03-09T10:37:04.8544922+11:00" testType="f3589083-259c-4054-87f7-75cdad4b08e5" outcome="Passed" testListId="8c84fa94-04c1-424b-9868-57a2d4851a1d" relativeResultsDirectory="ae88e2c3-4a92-4eb9-adb2-444d77138249" />
      </InnerResults>
    </GallioTestResult>
    <GallioTestResult executionId="a1edc49c-8d30-42d2-8d47-2f61190488f7" testId="39613363-6233-3730-3237-616135313262" testName="AngleToTest" computerName="MONARCH3" duration="00:00:01.1050000" startTime="2014-03-09T10:37:07.9951172+11:00" endTime="2014-03-09T10:37:09.0732422+11:00" testType="f3589083-259c-4054-87f7-75cdad4b08e5" outcome="Passed" testListId="8c84fa94-04c1-424b-9868-57a2d4851a1d" relativeResultsDirectory="a1edc49c-8d30-42d2-8d47-2f61190488f7">
      <Counters error="0" failed="0" timeout="0" aborted="0" inconclusive="0" passedButRunAborted="0" notRunnable="0" notExecuted="0" disconnected="0" warning="0" passed="7" completed="0" inProgress="0" pending="0" />
      <InnerResults>
        <GallioTestResult executionId="a1edc49c-8d30-42d2-8d47-2f61190488f7" testId="39613363-6233-3730-3237-616135313262" testName="BushLifeCommonTest/LineTest/AngleToTest/AngleToTest({Line2D [[0,0]-[0,100]] {100} [(0),(100)]}, {Line2D [[0,0]-[100,0]] {100} [(100),(0)]}, 90)" computerName="MONARCH3" duration="00:00:00.0340000" startTime="2014-03-09T10:37:09.0107422+11:00" endTime="2014-03-09T10:37:09.0419922+11:00" testType="f3589083-259c-4054-87f7-75cdad4b08e5" outcome="Passed" testListId="8c84fa94-04c1-424b-9868-57a2d4851a1d" relativeResultsDirectory="a1edc49c-8d30-42d2-8d47-2f61190488f7" />
        <GallioTestResult executionId="a1edc49c-8d30-42d2-8d47-2f61190488f7" testId="39613363-6233-3730-3237-616135313262" testName="BushLifeCommonTest/LineTest/AngleToTest/AngleToTest({Line2D [[0,100]-[0,0]] {100} [(0),(100)]}, {Line2D [[100,0]-[0,0]] {100} [(100),(0)]}, 90)" computerName="MONARCH3" startTime="2014-03-09T10:37:09.0419922+11:00" endTime="2014-03-09T10:37:09.0576172+11:00" testType="f3589083-259c-4054-87f7-75cdad4b08e5" outcome="Passed" testListId="8c84fa94-04c1-424b-9868-57a2d4851a1d" relativeResultsDirectory="a1edc49c-8d30-42d2-8d47-2f61190488f7" />
        <GallioTestResult executionId="a1edc49c-8d30-42d2-8d47-2f61190488f7" testId="39613363-6233-3730-3237-616135313262" testName="BushLifeCommonTest/LineTest/AngleToTest/AngleToTest({Line2D [[0,100]-[0,0]] {100} [(0),(100)]}, {Line2D [[0,0]-[0,100]] {100} [(0),(100)]}, 180)" computerName="MONARCH3" startTime="2014-03-09T10:37:09.0576172+11:00" endTime="2014-03-09T10:37:09.0576172+11:00" testType="f3589083-259c-4054-87f7-75cdad4b08e5" outcome="Passed" testListId="8c84fa94-04c1-424b-9868-57a2d4851a1d" relativeResultsDirectory="a1edc49c-8d30-42d2-8d47-2f61190488f7" />
        <GallioTestResult executionId="a1edc49c-8d30-42d2-8d47-2f61190488f7" testId="39613363-6233-3730-3237-616135313262" testName="BushLifeCommonTest/LineTest/AngleToTest/AngleToTest({Line2D [[100,100]-[0,0]] {141} [(100),(100)]}, {Line2D [[0,0]-[100,100]] {141} [(100),(100)]}, 180)" computerName="MONARCH3" startTime="2014-03-09T10:37:09.0576172+11:00" endTime="2014-03-09T10:37:09.0576172+11:00" testType="f3589083-259c-4054-87f7-75cdad4b08e5" outcome="Passed" testListId="8c84fa94-04c1-424b-9868-57a2d4851a1d" relativeResultsDirectory="a1edc49c-8d30-42d2-8d47-2f61190488f7" />
        <GallioTestResult executionId="a1edc49c-8d30-42d2-8d47-2f61190488f7" testId="39613363-6233-3730-3237-616135313262" testName="BushLifeCommonTest/LineTest/AngleToTest/AngleToTest({Line2D [[110,110]-[10,10]] {141} [(100),(100)]}, {Line2D [[10,10]-[110,110]] {141} [(100),(100)]}, 180)" computerName="MONARCH3" startTime="2014-03-09T10:37:09.0576172+11:00" endTime="2014-03-09T10:37:09.0732422+11:00" testType="f3589083-259c-4054-87f7-75cdad4b08e5" outcome="Passed" testListId="8c84fa94-04c1-424b-9868-57a2d4851a1d" relativeResultsDirectory="a1edc49c-8d30-42d2-8d47-2f61190488f7" />
        <GallioTestResult executionId="a1edc49c-8d30-42d2-8d47-2f61190488f7" testId="39613363-6233-3730-3237-616135313262" testName="BushLifeCommonTest/LineTest/AngleToTest/AngleToTest({Line2D [[0,0]-[0,100]] {100} [(0),(100)]}, {Line2D [[0,0]-[100,100]] {141} [(100),(100)]}, 45)" computerName="MONARCH3" startTime="2014-03-09T10:37:09.0732422+11:00" endTime="2014-03-09T10:37:09.0732422+11:00" testType="f3589083-259c-4054-87f7-75cdad4b08e5" outcome="Passed" testListId="8c84fa94-04c1-424b-9868-57a2d4851a1d" relativeResultsDirectory="a1edc49c-8d30-42d2-8d47-2f61190488f7" />
        <GallioTestResult executionId="a1edc49c-8d30-42d2-8d47-2f61190488f7" testId="39613363-6233-3730-3237-616135313262" testName="BushLifeCommonTest/LineTest/AngleToTest/AngleToTest({Line2D [[0,0]-[0,100]] {100} [(0),(100)]}, {Line2D [[10,10]-[100,100]] {127} [(90),(90)]}, 45)" computerName="MONARCH3" duration="00:00:00.0010000" startTime="2014-03-09T10:37:09.0732422+11:00" endTime="2014-03-09T10:37:09.0732422+11:00" testType="f3589083-259c-4054-87f7-75cdad4b08e5" outcome="Passed" testListId="8c84fa94-04c1-424b-9868-57a2d4851a1d" relativeResultsDirectory="a1edc49c-8d30-42d2-8d47-2f61190488f7" />
      </InnerResults>
    </GallioTestResult>
    <GallioTestResult executionId="9932309d-a04a-4595-8888-639c830a1328" testId="39616133-3231-3262-3364-353361656431" testName="CoincidentTest" computerName="MONARCH3" duration="00:00:00.0940000" startTime="2014-03-09T10:37:09.1201172+11:00" endTime="2014-03-09T10:37:09.2607422+11:00" testType="f3589083-259c-4054-87f7-75cdad4b08e5" outcome="Passed" testListId="8c84fa94-04c1-424b-9868-57a2d4851a1d" relativeResultsDirectory="9932309d-a04a-4595-8888-639c830a1328">
      <Counters error="0" failed="0" timeout="0" aborted="0" inconclusive="0" passedButRunAborted="0" notRunnable="0" notExecuted="0" disconnected="0" warning="0" passed="13" completed="0" inProgress="0" pending="0" />
      <InnerResults>
        <GallioTestResult executionId="9932309d-a04a-4595-8888-639c830a1328" testId="39616133-3231-3262-3364-353361656431" testName="BushLifeCommonTest/LineTest/CoincidentTest/CoincidentTest({Line2D [[0,0]-[0,10]] {10} [(0),(10)]}, {Line2D [[0,0]-[10,0]] {10} [(10),(0)]}, false)" computerName="MONARCH3" duration="00:00:00.0540000" startTime="2014-03-09T10:37:09.1357422+11:00" endTime="2014-03-09T10:37:09.1826172+11:00" testType="f3589083-259c-4054-87f7-75cdad4b08e5" outcome="Passed" testListId="8c84fa94-04c1-424b-9868-57a2d4851a1d" relativeResultsDirectory="9932309d-a04a-4595-8888-639c830a1328" />
        <GallioTestResult executionId="9932309d-a04a-4595-8888-639c830a1328" testId="39616133-3231-3262-3364-353361656431" testName="BushLifeCommonTest/LineTest/CoincidentTest/CoincidentTest({Line2D [[0,0]-[10,0]] {10} [(10),(0)]}, {Line2D [[0,0]-[0,10]] {10} [(0),(10)]}, false)" computerName="MONARCH3" startTime="2014-03-09T10:37:09.1826172+11:00" endTime="2014-03-09T10:37:09.1826172+11:00" testType="f3589083-259c-4054-87f7-75cdad4b08e5" outcome="Passed" testListId="8c84fa94-04c1-424b-9868-57a2d4851a1d" relativeResultsDirectory="9932309d-a04a-4595-8888-639c830a1328" />
        <GallioTestResult executionId="9932309d-a04a-4595-8888-639c830a1328" testId="39616133-3231-3262-3364-353361656431" testName="BushLifeCommonTest/LineTest/CoincidentTest/CoincidentTest({Line2D [[10,0]-[0,0]] {10} [(10),(0)]}, {Line2D [[0,10]-[0,0]] {10} [(0),(10)]}, false)" computerName="MONARCH3" startTime="2014-03-09T10:37:09.1826172+11:00" endTime="2014-03-09T10:37:09.1826172+11:00" testType="f3589083-259c-4054-87f7-75cdad4b08e5" outcome="Passed" testListId="8c84fa94-04c1-424b-9868-57a2d4851a1d" relativeResultsDirectory="9932309d-a04a-4595-8888-639c830a1328" />
        <GallioTestResult executionId="9932309d-a04a-4595-8888-639c830a1328" testId="39616133-3231-3262-3364-353361656431" testName="BushLifeCommonTest/LineTest/CoincidentTest/CoincidentTest({Line2D [[0,10]-[0,0]] {10} [(0),(10)]}, {Line2D [[10,0]-[0,0]] {10} [(10),(0)]}, false)" computerName="MONARCH3" startTime="2014-03-09T10:37:09.1982422+11:00" endTime="2014-03-09T10:37:09.1982422+11:00" testType="f3589083-259c-4054-87f7-75cdad4b08e5" outcome="Passed" testListId="8c84fa94-04c1-424b-9868-57a2d4851a1d" relativeResultsDirectory="9932309d-a04a-4595-8888-639c830a1328" />
        <GallioTestResult executionId="9932309d-a04a-4595-8888-639c830a1328" testId="39616133-3231-3262-3364-353361656431" testName="BushLifeCommonTest/LineTest/CoincidentTest/CoincidentTest({Line2D [[0,10]-[0,10]] {0} [(0),(0)]}, {Line2D [[10,0]-[10,0]] {0} [(0),(0)]}, true)" computerName="MONARCH3" startTime="2014-03-09T10:37:09.1982422+11:00" endTime="2014-03-09T10:37:09.2138672+11:00" testType="f3589083-259c-4054-87f7-75cdad4b08e5" outcome="Passed" testListId="8c84fa94-04c1-424b-9868-57a2d4851a1d" relativeResultsDirectory="9932309d-a04a-4595-8888-639c830a1328" />
        <GallioTestResult executionId="9932309d-a04a-4595-8888-639c830a1328" testId="39616133-3231-3262-3364-353361656431" testName="BushLifeCommonTest/LineTest/CoincidentTest/CoincidentTest({Line2D [[0,10]-[10,0]] {14} [(10),(10)]}, {Line2D [[10,0]-[0,10]] {14} [(10),(10)]}, true)" computerName="MONARCH3" startTime="2014-03-09T10:37:09.2138672+11:00" endTime="2014-03-09T10:37:09.2138672+11:00" testType="f3589083-259c-4054-87f7-75cdad4b08e5" outcome="Passed" testListId="8c84fa94-04c1-424b-9868-57a2d4851a1d" relativeResultsDirectory="9932309d-a04a-4595-8888-639c830a1328" />
        <GallioTestResult executionId="9932309d-a04a-4595-8888-639c830a1328" testId="39616133-3231-3262-3364-353361656431" testName="BushLifeCommonTest/LineTest/CoincidentTest/CoincidentTest({Line2D [[0,10]-[10,10]] {10} [(10),(0)]}, {Line2D [[10,0]-[10,10]] {10} [(0),(10)]}, false)" computerName="MONARCH3" startTime="2014-03-09T10:37:09.2138672+11:00" endTime="2014-03-09T10:37:09.2294922+11:00" testType="f3589083-259c-4054-87f7-75cdad4b08e5" outcome="Passed" testListId="8c84fa94-04c1-424b-9868-57a2d4851a1d" relativeResultsDirectory="9932309d-a04a-4595-8888-639c830a1328" />
        <GallioTestResult executionId="9932309d-a04a-4595-8888-639c830a1328" testId="39616133-3231-3262-3364-353361656431" testName="BushLifeCommonTest/LineTest/CoincidentTest/CoincidentTest({Line2D [[10,10]-[0,0]] {14} [(10),(10)]}, {Line2D [[0,0]-[10,10]] {14} [(10),(10)]}, true)" computerName="MONARCH3" startTime="2014-03-09T10:37:09.2294922+11:00" endTime="2014-03-09T10:37:09.2294922+11:00" testType="f3589083-259c-4054-87f7-75cdad4b08e5" outcome="Passed" testListId="8c84fa94-04c1-424b-9868-57a2d4851a1d" relativeResultsDirectory="9932309d-a04a-4595-8888-639c830a1328" />
        <GallioTestResult executionId="9932309d-a04a-4595-8888-639c830a1328" testId="39616133-3231-3262-3364-353361656431" testName="BushLifeCommonTest/LineTest/CoincidentTest/CoincidentTest({Line2D [[5,5]-[7,7]] {2} [(2),(2)]}, {Line2D [[0,0]-[10,10]] {14} [(10),(10)]}, true)" computerName="MONARCH3" startTime="2014-03-09T10:37:09.2294922+11:00" endTime="2014-03-09T10:37:09.2294922+11:00" testType="f3589083-259c-4054-87f7-75cdad4b08e5" outcome="Passed" testListId="8c84fa94-04c1-424b-9868-57a2d4851a1d" relativeResultsDirectory="9932309d-a04a-4595-8888-639c830a1328" />
        <GallioTestResult executionId="9932309d-a04a-4595-8888-639c830a1328" testId="39616133-3231-3262-3364-353361656431" testName="BushLifeCommonTest/LineTest/CoincidentTest/CoincidentTest({Line2D [[0,0]-[10,10]] {14} [(10),(10)]}, {Line2D [[5,5]-[7,7]] {2} [(2),(2)]}, true)" computerName="MONARCH3" startTime="2014-03-09T10:37:09.2294922+11:00" endTime="2014-03-09T10:37:09.2294922+11:00" testType="f3589083-259c-4054-87f7-75cdad4b08e5" outcome="Passed" testListId="8c84fa94-04c1-424b-9868-57a2d4851a1d" relativeResultsDirectory="9932309d-a04a-4595-8888-639c830a1328" />
        <GallioTestResult executionId="9932309d-a04a-4595-8888-639c830a1328" testId="39616133-3231-3262-3364-353361656431" testName="BushLifeCommonTest/LineTest/CoincidentTest/CoincidentTest({Line2D [[22934,-5857]-[22934,-751]] {5106} [(0),(5106)]}, {Line2D [[22934,4229]-[22934,4799]] {570} [(0),(570)]}, true)" computerName="MONARCH3" startTime="2014-03-09T10:37:09.2451172+11:00" endTime="2014-03-09T10:37:09.2451172+11:00" testType="f3589083-259c-4054-87f7-75cdad4b08e5" outcome="Passed" testListId="8c84fa94-04c1-424b-9868-57a2d4851a1d" relativeResultsDirectory="9932309d-a04a-4595-8888-639c830a1328" />
        <GallioTestResult executionId="9932309d-a04a-4595-8888-639c830a1328" testId="39616133-3231-3262-3364-353361656431" testName="BushLifeCommonTest/LineTest/CoincidentTest/CoincidentTest({Line2D [[22934,-5857]-[22934,-751]] {5106} [(0),(5106)]}, {Line2D [[22934,-5650]-[22934,-751]] {4899} [(0),(4899)]}, true)" computerName="MONARCH3" startTime="2014-03-09T10:37:09.2451172+11:00" endTime="2014-03-09T10:37:09.2451172+11:00" testType="f3589083-259c-4054-87f7-75cdad4b08e5" outcome="Passed" testListId="8c84fa94-04c1-424b-9868-57a2d4851a1d" relativeResultsDirectory="9932309d-a04a-4595-8888-639c830a1328" />
        <GallioTestResult executionId="9932309d-a04a-4595-8888-639c830a1328" testId="39616133-3231-3262-3364-353361656431" testName="BushLifeCommonTest/LineTest/CoincidentTest/CoincidentTest({Line2D [[200,9069]-[4432,9069]] {4232} [(4232),(0)]}, {Line2D [[-1228,9069]-[350,9069]] {1578} [(1578),(0)]}, true)" computerName="MONARCH3" startTime="2014-03-09T10:37:09.2451172+11:00" endTime="2014-03-09T10:37:09.2607422+11:00" testType="f3589083-259c-4054-87f7-75cdad4b08e5" outcome="Passed" testListId="8c84fa94-04c1-424b-9868-57a2d4851a1d" relativeResultsDirectory="9932309d-a04a-4595-8888-639c830a1328" />
      </InnerResults>
    </GallioTestResult>
    <GallioTestResult executionId="4ee2c901-56f0-46ba-b567-707d53b70da9" testId="39646666-6236-3739-6439-666537366138" testName="ParallelTest" computerName="MONARCH3" duration="00:00:00.0400000" startTime="2014-03-09T10:37:09.8544922+11:00" endTime="2014-03-09T10:37:09.9169922+11:00" testType="f3589083-259c-4054-87f7-75cdad4b08e5" outcome="Passed" testListId="8c84fa94-04c1-424b-9868-57a2d4851a1d" relativeResultsDirectory="4ee2c901-56f0-46ba-b567-707d53b70da9">
      <Counters error="0" failed="0" timeout="0" aborted="0" inconclusive="0" passedButRunAborted="0" notRunnable="0" notExecuted="0" disconnected="0" warning="0" passed="9" completed="0" inProgress="0" pending="0" />
      <InnerResults>
        <GallioTestResult executionId="4ee2c901-56f0-46ba-b567-707d53b70da9" testId="39646666-6236-3739-6439-666537366138" testName="BushLifeCommonTest/LineTest/ParallelTest/ParallelTest({Line2D [[0,0]-[0,10]] {10} [(0),(10)]}, {Line2D [[0,0]-[10,0]] {10} [(10),(0)]}, false)" computerName="MONARCH3" duration="00:00:00.0030000" startTime="2014-03-09T10:37:09.8544922+11:00" endTime="2014-03-09T10:37:09.8701172+11:00" testType="f3589083-259c-4054-87f7-75cdad4b08e5" outcome="Passed" testListId="8c84fa94-04c1-424b-9868-57a2d4851a1d" relativeResultsDirectory="4ee2c901-56f0-46ba-b567-707d53b70da9" />
        <GallioTestResult executionId="4ee2c901-56f0-46ba-b567-707d53b70da9" testId="39646666-6236-3739-6439-666537366138" testName="BushLifeCommonTest/LineTest/ParallelTest/ParallelTest({Line2D [[0,0]-[10,0]] {10} [(10),(0)]}, {Line2D [[0,0]-[0,10]] {10} [(0),(10)]}, false)" computerName="MONARCH3" startTime="2014-03-09T10:37:09.8701172+11:00" endTime="2014-03-09T10:37:09.8701172+11:00" testType="f3589083-259c-4054-87f7-75cdad4b08e5" outcome="Passed" testListId="8c84fa94-04c1-424b-9868-57a2d4851a1d" relativeResultsDirectory="4ee2c901-56f0-46ba-b567-707d53b70da9" />
        <GallioTestResult executionId="4ee2c901-56f0-46ba-b567-707d53b70da9" testId="39646666-6236-3739-6439-666537366138" testName="BushLifeCommonTest/LineTest/ParallelTest/ParallelTest({Line2D [[10,0]-[0,0]] {10} [(10),(0)]}, {Line2D [[0,10]-[0,0]] {10} [(0),(10)]}, false)" computerName="MONARCH3" startTime="2014-03-09T10:37:09.8701172+11:00" endTime="2014-03-09T10:37:09.8701172+11:00" testType="f3589083-259c-4054-87f7-75cdad4b08e5" outcome="Passed" testListId="8c84fa94-04c1-424b-9868-57a2d4851a1d" relativeResultsDirectory="4ee2c901-56f0-46ba-b567-707d53b70da9" />
        <GallioTestResult executionId="4ee2c901-56f0-46ba-b567-707d53b70da9" testId="39646666-6236-3739-6439-666537366138" testName="BushLifeCommonTest/LineTest/ParallelTest/ParallelTest({Line2D [[0,10]-[0,0]] {10} [(0),(10)]}, {Line2D [[10,0]-[0,0]] {10} [(10),(0)]}, false)" computerName="MONARCH3" startTime="2014-03-09T10:37:09.8701172+11:00" endTime="2014-03-09T10:37:09.8857422+11:00" testType="f3589083-259c-4054-87f7-75cdad4b08e5" outcome="Passed" testListId="8c84fa94-04c1-424b-9868-57a2d4851a1d" relativeResultsDirectory="4ee2c901-56f0-46ba-b567-707d53b70da9" />
        <GallioTestResult executionId="4ee2c901-56f0-46ba-b567-707d53b70da9" testId="39646666-6236-3739-6439-666537366138" testName="BushLifeCommonTest/LineTest/ParallelTest/ParallelTest({Line2D [[0,10]-[0,10]] {0} [(0),(0)]}, {Line2D [[10,0]-[10,0]] {0} [(0),(0)]}, true)" computerName="MONARCH3" startTime="2014-03-09T10:37:09.8857422+11:00" endTime="2014-03-09T10:37:09.8857422+11:00" testType="f3589083-259c-4054-87f7-75cdad4b08e5" outcome="Passed" testListId="8c84fa94-04c1-424b-9868-57a2d4851a1d" relativeResultsDirectory="4ee2c901-56f0-46ba-b567-707d53b70da9" />
        <GallioTestResult executionId="4ee2c901-56f0-46ba-b567-707d53b70da9" testId="39646666-6236-3739-6439-666537366138" testName="BushLifeCommonTest/LineTest/ParallelTest/ParallelTest({Line2D [[0,10]-[0,10]] {0} [(0),(0)]}, {Line2D [[10,0]-[10,0]] {0} [(0),(0)]}, true)" computerName="MONARCH3" startTime="2014-03-09T10:37:09.8857422+11:00" endTime="2014-03-09T10:37:09.9013672+11:00" testType="f3589083-259c-4054-87f7-75cdad4b08e5" outcome="Passed" testListId="8c84fa94-04c1-424b-9868-57a2d4851a1d" relativeResultsDirectory="4ee2c901-56f0-46ba-b567-707d53b70da9" />
        <GallioTestResult executionId="4ee2c901-56f0-46ba-b567-707d53b70da9" testId="39646666-6236-3739-6439-666537366138" testName="BushLifeCommonTest/LineTest/ParallelTest/ParallelTest({Line2D [[0,10]-[10,10]] {10} [(10),(0)]}, {Line2D [[10,0]-[10,10]] {10} [(0),(10)]}, false)" computerName="MONARCH3" startTime="2014-03-09T10:37:09.9013672+11:00" endTime="2014-03-09T10:37:09.9013672+11:00" testType="f3589083-259c-4054-87f7-75cdad4b08e5" outcome="Passed" testListId="8c84fa94-04c1-424b-9868-57a2d4851a1d" relativeResultsDirectory="4ee2c901-56f0-46ba-b567-707d53b70da9" />
        <GallioTestResult executionId="4ee2c901-56f0-46ba-b567-707d53b70da9" testId="39646666-6236-3739-6439-666537366138" testName="BushLifeCommonTest/LineTest/ParallelTest/ParallelTest({Line2D [[10,10]-[0,0]] {14} [(10),(10)]}, {Line2D [[0,0]-[10,10]] {14} [(10),(10)]}, true)" computerName="MONARCH3" startTime="2014-03-09T10:37:09.9013672+11:00" endTime="2014-03-09T10:37:09.9013672+11:00" testType="f3589083-259c-4054-87f7-75cdad4b08e5" outcome="Passed" testListId="8c84fa94-04c1-424b-9868-57a2d4851a1d" relativeResultsDirectory="4ee2c901-56f0-46ba-b567-707d53b70da9" />
        <GallioTestResult executionId="4ee2c901-56f0-46ba-b567-707d53b70da9" testId="39646666-6236-3739-6439-666537366138" testName="BushLifeCommonTest/LineTest/ParallelTest/ParallelTest({Line2D [[16974,5831]-[16974,5231]] {600} [(0),(600)]}, {Line2D [[17026,5179]-[9818,5179]] {7208} [(7208),(0)]}, false)" computerName="MONARCH3" startTime="2014-03-09T10:37:09.9013672+11:00" endTime="2014-03-09T10:37:09.9013672+11:00" testType="f3589083-259c-4054-87f7-75cdad4b08e5" outcome="Passed" testListId="8c84fa94-04c1-424b-9868-57a2d4851a1d" relativeResultsDirectory="4ee2c901-56f0-46ba-b567-707d53b70da9" />
      </InnerResults>
    </GallioTestResult>
    <GallioTestResult executionId="f229ea04-d7d7-4ecb-b2ff-bc411becff91" testId="61303039-3366-3834-3337-373336383264" testName="EntryNullArgumentAspectValidTest" computerName="MONARCH3" duration="00:00:00.0040000" startTime="2014-03-09T10:37:05.0732422+11:00" endTime="2014-03-09T10:37:05.0732422+11:00" testType="f3589083-259c-4054-87f7-75cdad4b08e5" outcome="Passed" testListId="8c84fa94-04c1-424b-9868-57a2d4851a1d" relativeResultsDirectory="f229ea04-d7d7-4ecb-b2ff-bc411becff91">
    </GallioTestResult>
    <GallioTestResult executionId="a44ee928-d032-49a7-a1e7-3609911768cc" testId="61333965-3332-6232-6333-393031633262" testName="IntersectionTest" computerName="MONARCH3" duration="00:00:00.0780000" startTime="2014-03-09T10:37:09.5888672+11:00" endTime="2014-03-09T10:37:09.6826172+11:00" testType="f3589083-259c-4054-87f7-75cdad4b08e5" outcome="Passed" testListId="8c84fa94-04c1-424b-9868-57a2d4851a1d" relativeResultsDirectory="a44ee928-d032-49a7-a1e7-3609911768cc">
      <Counters error="0" failed="0" timeout="0" aborted="0" inconclusive="0" passedButRunAborted="0" notRunnable="0" notExecuted="0" disconnected="0" warning="0" passed="17" completed="0" inProgress="0" pending="0" />
      <InnerResults>
        <GallioTestResult executionId="a44ee928-d032-49a7-a1e7-3609911768cc" testId="61333965-3332-6232-6333-393031633262" testName="BushLifeCommonTest/LineTest/IntersectionTest/IntersectionTest({Line2D [[0,0]-[0,10]] {10} [(0),(10)]}, {Line2D [[0,0]-[10,0]] {10} [(10),(0)]}, {AU.Com.BushLife.Spatial.TwoD.PointLocus`1[System.Int32]: IntersectionPoint = {[0,0]}})" computerName="MONARCH3" duration="00:00:00.0160000" startTime="2014-03-09T10:37:09.5888672+11:00" endTime="2014-03-09T10:37:09.5888672+11:00" testType="f3589083-259c-4054-87f7-75cdad4b08e5" outcome="Passed" testListId="8c84fa94-04c1-424b-9868-57a2d4851a1d" relativeResultsDirectory="a44ee928-d032-49a7-a1e7-3609911768cc" />
        <GallioTestResult executionId="a44ee928-d032-49a7-a1e7-3609911768cc" testId="61333965-3332-6232-6333-393031633262" testName="BushLifeCommonTest/LineTest/IntersectionTest/IntersectionTest({Line2D [[0,0]-[10,0]] {10} [(10),(0)]}, {Line2D [[0,0]-[0,10]] {10} [(0),(10)]}, {AU.Com.BushLife.Spatial.TwoD.PointLocus`1[System.Int32]: IntersectionPoint = {[0,0]}})" computerName="MONARCH3" startTime="2014-03-09T10:37:09.5888672+11:00" endTime="2014-03-09T10:37:09.6044922+11:00" testType="f3589083-259c-4054-87f7-75cdad4b08e5" outcome="Passed" testListId="8c84fa94-04c1-424b-9868-57a2d4851a1d" relativeResultsDirectory="a44ee928-d032-49a7-a1e7-3609911768cc" />
        <GallioTestResult executionId="a44ee928-d032-49a7-a1e7-3609911768cc" testId="61333965-3332-6232-6333-393031633262" testName="BushLifeCommonTest/LineTest/IntersectionTest/IntersectionTest({Line2D [[10,0]-[0,0]] {10} [(10),(0)]}, {Line2D [[0,10]-[0,0]] {10} [(0),(10)]}, {AU.Com.BushLife.Spatial.TwoD.PointLocus`1[System.Int32]: IntersectionPoint = {[0,0]}})" computerName="MONARCH3" startTime="2014-03-09T10:37:09.6044922+11:00" endTime="2014-03-09T10:37:09.6044922+11:00" testType="f3589083-259c-4054-87f7-75cdad4b08e5" outcome="Passed" testListId="8c84fa94-04c1-424b-9868-57a2d4851a1d" relativeResultsDirectory="a44ee928-d032-49a7-a1e7-3609911768cc" />
        <GallioTestResult executionId="a44ee928-d032-49a7-a1e7-3609911768cc" testId="61333965-3332-6232-6333-393031633262" testName="BushLifeCommonTest/LineTest/IntersectionTest/IntersectionTest({Line2D [[0,10]-[0,0]] {10} [(0),(10)]}, {Line2D [[10,0]-[0,0]] {10} [(10),(0)]}, {AU.Com.BushLife.Spatial.TwoD.PointLocus`1[System.Int32]: IntersectionPoint = {[0,0]}})" computerName="MONARCH3" startTime="2014-03-09T10:37:09.6044922+11:00" endTime="2014-03-09T10:37:09.6044922+11:00" testType="f3589083-259c-4054-87f7-75cdad4b08e5" outcome="Passed" testListId="8c84fa94-04c1-424b-9868-57a2d4851a1d" relativeResultsDirectory="a44ee928-d032-49a7-a1e7-3609911768cc" />
        <GallioTestResult executionId="a44ee928-d032-49a7-a1e7-3609911768cc" testId="61333965-3332-6232-6333-393031633262" testName="BushLifeCommonTest/LineTest/IntersectionTest/IntersectionTest({Line2D [[0,10]-[0,10]] {0} [(0),(0)]}, {Line2D [[10,0]-[10,0]] {0} [(0),(0)]}, {AU.Com.BushLife.Spatial.TwoD.EmptyLocus`1[System.Int32]: })" computerName="MONARCH3" startTime="2014-03-09T10:37:09.6044922+11:00" endTime="2014-03-09T10:37:09.6044922+11:00" testType="f3589083-259c-4054-87f7-75cdad4b08e5" outcome="Passed" testListId="8c84fa94-04c1-424b-9868-57a2d4851a1d" relativeResultsDirectory="a44ee928-d032-49a7-a1e7-3609911768cc" />
        <GallioTestResult executionId="a44ee928-d032-49a7-a1e7-3609911768cc" testId="61333965-3332-6232-6333-393031633262" testName="BushLifeCommonTest/LineTest/IntersectionTest/IntersectionTest({Line2D [[0,10]-[0,10]] {0} [(0),(0)]}, {Line2D [[10,0]-[10,0]] {0} [(0),(0)]}, {AU.Com.BushLife.Spatial.TwoD.EmptyLocus`1[System.Int32]: })" computerName="MONARCH3" duration="00:00:00.0090000" startTime="2014-03-09T10:37:09.6044922+11:00" endTime="2014-03-09T10:37:09.6201172+11:00" testType="f3589083-259c-4054-87f7-75cdad4b08e5" outcome="Passed" testListId="8c84fa94-04c1-424b-9868-57a2d4851a1d" relativeResultsDirectory="a44ee928-d032-49a7-a1e7-3609911768cc" />
        <GallioTestResult executionId="a44ee928-d032-49a7-a1e7-3609911768cc" testId="61333965-3332-6232-6333-393031633262" testName="BushLifeCommonTest/LineTest/IntersectionTest/IntersectionTest({Line2D [[0,10]-[10,10]] {10} [(10),(0)]}, {Line2D [[10,0]-[10,10]] {10} [(0),(10)]}, {AU.Com.BushLife.Spatial.TwoD.PointLocus`1[System.Int32]: IntersectionPoint = {[10,10]}})" computerName="MONARCH3" startTime="2014-03-09T10:37:09.6201172+11:00" endTime="2014-03-09T10:37:09.6201172+11:00" testType="f3589083-259c-4054-87f7-75cdad4b08e5" outcome="Passed" testListId="8c84fa94-04c1-424b-9868-57a2d4851a1d" relativeResultsDirectory="a44ee928-d032-49a7-a1e7-3609911768cc" />
        <GallioTestResult executionId="a44ee928-d032-49a7-a1e7-3609911768cc" testId="61333965-3332-6232-6333-393031633262" testName="BushLifeCommonTest/LineTest/IntersectionTest/IntersectionTest({Line2D [[10,10]-[0,0]] {14} [(10),(10)]}, {Line2D [[0,0]-[10,10]] {14} [(10),(10)]}, {AU.Com.BushLife.Spatial.TwoD.LineSegmentLocus`1[System.Int32]: Segments = [{Line2D [[0,0]-[10,10]] {14} [(10),(10)]}]})" computerName="MONARCH3" duration="00:00:00.0050000" startTime="2014-03-09T10:37:09.6201172+11:00" endTime="2014-03-09T10:37:09.6201172+11:00" testType="f3589083-259c-4054-87f7-75cdad4b08e5" outcome="Passed" testListId="8c84fa94-04c1-424b-9868-57a2d4851a1d" relativeResultsDirectory="a44ee928-d032-49a7-a1e7-3609911768cc" />
        <GallioTestResult executionId="a44ee928-d032-49a7-a1e7-3609911768cc" testId="61333965-3332-6232-6333-393031633262" testName="BushLifeCommonTest/LineTest/IntersectionTest/IntersectionTest({Line2D [[0,0]-[10,10]] {14} [(10),(10)]}, {Line2D [[10,10]-[0,0]] {14} [(10),(10)]}, {AU.Com.BushLife.Spatial.TwoD.LineSegmentLocus`1[System.Int32]: Segments = [{Line2D [[0,0]-[10,10]] {14} [(10),(10)]}]})" computerName="MONARCH3" startTime="2014-03-09T10:37:09.6357422+11:00" endTime="2014-03-09T10:37:09.6357422+11:00" testType="f3589083-259c-4054-87f7-75cdad4b08e5" outcome="Passed" testListId="8c84fa94-04c1-424b-9868-57a2d4851a1d" relativeResultsDirectory="a44ee928-d032-49a7-a1e7-3609911768cc" />
        <GallioTestResult executionId="a44ee928-d032-49a7-a1e7-3609911768cc" testId="61333965-3332-6232-6333-393031633262" testName="BushLifeCommonTest/LineTest/IntersectionTest/IntersectionTest({Line2D [[16974,5831]-[16974,5231]] {600} [(0),(600)]}, {Line2D [[17026,5179]-[9818,5179]] {7208} [(7208),(0)]}, {AU.Com.BushLife.Spatial.TwoD.EmptyLocus`1[System.Int32]: })" computerName="MONARCH3" startTime="2014-03-09T10:37:09.6357422+11:00" endTime="2014-03-09T10:37:09.6357422+11:00" testType="f3589083-259c-4054-87f7-75cdad4b08e5" outcome="Passed" testListId="8c84fa94-04c1-424b-9868-57a2d4851a1d" relativeResultsDirectory="a44ee928-d032-49a7-a1e7-3609911768cc" />
        <GallioTestResult executionId="a44ee928-d032-49a7-a1e7-3609911768cc" testId="61333965-3332-6232-6333-393031633262" testName="BushLifeCommonTest/LineTest/IntersectionTest/IntersectionTest({Line2D [[200,9069]-[4432,9069]] {4232} [(4232),(0)]}, {Line2D [[-1228,9069]-[350,9069]] {1578} [(1578),(0)]}, {AU.Com.BushLife.Spatial.TwoD.LineSegmentLocus`1[System.Int32]: Segments = [{Line2D [[200,9069]-[350,9069]] {150} [(150),(0)]}]})" computerName="MONARCH3" duration="00:00:00.0010000" startTime="2014-03-09T10:37:09.6357422+11:00" endTime="2014-03-09T10:37:09.6513672+11:00" testType="f3589083-259c-4054-87f7-75cdad4b08e5" outcome="Passed" testListId="8c84fa94-04c1-424b-9868-57a2d4851a1d" relativeResultsDirectory="a44ee928-d032-49a7-a1e7-3609911768cc" />
        <GallioTestResult executionId="a44ee928-d032-49a7-a1e7-3609911768cc" testId="61333965-3332-6232-6333-393031633262" testName="BushLifeCommonTest/LineTest/IntersectionTest/IntersectionTest({Line2D [[10424,-2597]-[10424,4159]] {6756} [(0),(6756)]}, {Line2D [[10424,-6475]-[10424,-2597]] {3878} [(0),(3878)]}, {AU.Com.BushLife.Spatial.TwoD.PointLocus`1[System.Int32]: IntersectionPoint = {[10424,-2597]}})" computerName="MONARCH3" startTime="2014-03-09T10:37:09.6513672+11:00" endTime="2014-03-09T10:37:09.6513672+11:00" testType="f3589083-259c-4054-87f7-75cdad4b08e5" outcome="Passed" testListId="8c84fa94-04c1-424b-9868-57a2d4851a1d" relativeResultsDirectory="a44ee928-d032-49a7-a1e7-3609911768cc" />
        <GallioTestResult executionId="a44ee928-d032-49a7-a1e7-3609911768cc" testId="61333965-3332-6232-6333-393031633262" testName="BushLifeCommonTest/LineTest/IntersectionTest/IntersectionTest({Line2D [[10424,-2597]-[10424,4159]] {6756} [(0),(6756)]}, {Line2D [[10424,-6475]-[10424,-2598]] {3877} [(0),(3877)]}, {AU.Com.BushLife.Spatial.TwoD.EmptyLocus`1[System.Int32]: })" computerName="MONARCH3" startTime="2014-03-09T10:37:09.6513672+11:00" endTime="2014-03-09T10:37:09.6513672+11:00" testType="f3589083-259c-4054-87f7-75cdad4b08e5" outcome="Passed" testListId="8c84fa94-04c1-424b-9868-57a2d4851a1d" relativeResultsDirectory="a44ee928-d032-49a7-a1e7-3609911768cc" />
        <GallioTestResult executionId="a44ee928-d032-49a7-a1e7-3609911768cc" testId="61333965-3332-6232-6333-393031633262" testName="BushLifeCommonTest/LineTest/IntersectionTest/IntersectionTest({Line2D [[-8035,1959]-[-8035,7449]] {5490} [(0),(5490)]}, {Line2D [[-5735,3671]-[-8035,3671]] {2300} [(2300),(0)]}, {AU.Com.BushLife.Spatial.TwoD.PointLocus`1[System.Int32]: IntersectionPoint = {[-8035,3671]}})" computerName="MONARCH3" startTime="2014-03-09T10:37:09.6513672+11:00" endTime="2014-03-09T10:37:09.6513672+11:00" testType="f3589083-259c-4054-87f7-75cdad4b08e5" outcome="Passed" testListId="8c84fa94-04c1-424b-9868-57a2d4851a1d" relativeResultsDirectory="a44ee928-d032-49a7-a1e7-3609911768cc" />
        <GallioTestResult executionId="a44ee928-d032-49a7-a1e7-3609911768cc" testId="61333965-3332-6232-6333-393031633262" testName="BushLifeCommonTest/LineTest/IntersectionTest/IntersectionTest({Line2D [[-5735,3671]-[-8035,3671]] {2300} [(2300),(0)]}, {Line2D [[-8035,1959]-[-8035,7449]] {5490} [(0),(5490)]}, {AU.Com.BushLife.Spatial.TwoD.PointLocus`1[System.Int32]: IntersectionPoint = {[-8035,3671]}})" computerName="MONARCH3" startTime="2014-03-09T10:37:09.6513672+11:00" endTime="2014-03-09T10:37:09.6669922+11:00" testType="f3589083-259c-4054-87f7-75cdad4b08e5" outcome="Passed" testListId="8c84fa94-04c1-424b-9868-57a2d4851a1d" relativeResultsDirectory="a44ee928-d032-49a7-a1e7-3609911768cc" />
        <GallioTestResult executionId="a44ee928-d032-49a7-a1e7-3609911768cc" testId="61333965-3332-6232-6333-393031633262" testName="BushLifeCommonTest/LineTest/IntersectionTest/IntersectionTest({Line2D [[-1879,3493]-[-1879,7449]] {3956} [(0),(3956)]}, {Line2D [[-4918,2854]-[-1325,6447]] {5081} [(3593),(3593)]}, {AU.Com.BushLife.Spatial.TwoD.PointLocus`1[System.Int32]: IntersectionPoint = {[-1879,5893]}})" computerName="MONARCH3" startTime="2014-03-09T10:37:09.6669922+11:00" endTime="2014-03-09T10:37:09.6669922+11:00" testType="f3589083-259c-4054-87f7-75cdad4b08e5" outcome="Passed" testListId="8c84fa94-04c1-424b-9868-57a2d4851a1d" relativeResultsDirectory="a44ee928-d032-49a7-a1e7-3609911768cc" />
        <GallioTestResult executionId="a44ee928-d032-49a7-a1e7-3609911768cc" testId="61333965-3332-6232-6333-393031633262" testName="BushLifeCommonTest/LineTest/IntersectionTest/IntersectionTest({Line2D [[-4918,2854]-[-1325,6447]] {5081} [(3593),(3593)]}, {Line2D [[-1879,3493]-[-1879,7449]] {3956} [(0),(3956)]}, {AU.Com.BushLife.Spatial.TwoD.PointLocus`1[System.Int32]: IntersectionPoint = {[-1879,5893]}})" computerName="MONARCH3" startTime="2014-03-09T10:37:09.6826172+11:00" endTime="2014-03-09T10:37:09.6826172+11:00" testType="f3589083-259c-4054-87f7-75cdad4b08e5" outcome="Passed" testListId="8c84fa94-04c1-424b-9868-57a2d4851a1d" relativeResultsDirectory="a44ee928-d032-49a7-a1e7-3609911768cc" />
      </InnerResults>
    </GallioTestResult>
    <GallioTestResult executionId="d5209251-e791-47b7-b19b-1cb5ae1f1e5a" testId="62613536-6436-3366-3834-333765303033" testName="IsPerpendicularTest" computerName="MONARCH3" duration="00:00:00.0170000" startTime="2014-03-09T10:37:09.7294922+11:00" endTime="2014-03-09T10:37:09.7451172+11:00" testType="f3589083-259c-4054-87f7-75cdad4b08e5" outcome="Passed" testListId="8c84fa94-04c1-424b-9868-57a2d4851a1d" relativeResultsDirectory="d5209251-e791-47b7-b19b-1cb5ae1f1e5a">
      <Counters error="0" failed="0" timeout="0" aborted="0" inconclusive="0" passedButRunAborted="0" notRunnable="0" notExecuted="0" disconnected="0" warning="0" passed="2" completed="0" inProgress="0" pending="0" />
      <InnerResults>
        <GallioTestResult executionId="d5209251-e791-47b7-b19b-1cb5ae1f1e5a" testId="62613536-6436-3366-3834-333765303033" testName="BushLifeCommonTest/LineTest/IsPerpendicularTest/IsPerpendicularTest({Line2D [[0,0]-[0,100]] {100} [(0),(100)]}, {Line2D [[0,0]-[100,0]] {100} [(100),(0)]}, true)" computerName="MONARCH3" duration="00:00:00.0170000" startTime="2014-03-09T10:37:09.7294922+11:00" endTime="2014-03-09T10:37:09.7451172+11:00" testType="f3589083-259c-4054-87f7-75cdad4b08e5" outcome="Passed" testListId="8c84fa94-04c1-424b-9868-57a2d4851a1d" relativeResultsDirectory="d5209251-e791-47b7-b19b-1cb5ae1f1e5a" />
        <GallioTestResult executionId="d5209251-e791-47b7-b19b-1cb5ae1f1e5a" testId="62613536-6436-3366-3834-333765303033" testName="BushLifeCommonTest/LineTest/IsPerpendicularTest/IsPerpendicularTest({Line2D [[0,0]-[0,101]] {101} [(0),(101)]}, {Line2D [[0,0]-[100,0]] {100} [(100),(0)]}, true)" computerName="MONARCH3" startTime="2014-03-09T10:37:09.7451172+11:00" endTime="2014-03-09T10:37:09.7451172+11:00" testType="f3589083-259c-4054-87f7-75cdad4b08e5" outcome="Passed" testListId="8c84fa94-04c1-424b-9868-57a2d4851a1d" relativeResultsDirectory="d5209251-e791-47b7-b19b-1cb5ae1f1e5a" />
      </InnerResults>
    </GallioTestResult>
    <GallioTestResult executionId="212f8b10-95d3-4d58-a0bc-5378a358ae07" testId="63303935-3233-6639-3231-663064366362" testName="TestChainOfCommandFailsNullContext" computerName="MONARCH3" duration="00:00:00.0080000" startTime="2014-03-09T10:37:04.7607422+11:00" endTime="2014-03-09T10:37:04.7763672+11:00" testType="f3589083-259c-4054-87f7-75cdad4b08e5" outcome="Passed" testListId="8c84fa94-04c1-424b-9868-57a2d4851a1d" relativeResultsDirectory="212f8b10-95d3-4d58-a0bc-5378a358ae07">
      <Counters error="0" failed="0" timeout="0" aborted="0" inconclusive="0" passedButRunAborted="0" notRunnable="0" notExecuted="0" disconnected="0" warning="0" passed="4" completed="0" inProgress="0" pending="0" />
      <InnerResults>
        <GallioTestResult executionId="212f8b10-95d3-4d58-a0bc-5378a358ae07" testId="63303935-3233-6639-3231-663064366362" testName="BushLifeCommonTest/ChainOfCommandTest/TestChainOfCommandFailsNullContext/TestChainOfCommandFailsNullContext([{AU.Com.BushLife.Patterns.ChainOfCommandTest+Command3: }], 1)" computerName="MONARCH3" duration="00:00:00.0040000" startTime="2014-03-09T10:37:04.7607422+11:00" endTime="2014-03-09T10:37:04.7607422+11:00" testType="f3589083-259c-4054-87f7-75cdad4b08e5" outcome="Passed" testListId="8c84fa94-04c1-424b-9868-57a2d4851a1d" relativeResultsDirectory="212f8b10-95d3-4d58-a0bc-5378a358ae07" />
        <GallioTestResult executionId="212f8b10-95d3-4d58-a0bc-5378a358ae07" testId="63303935-3233-6639-3231-663064366362" testName="BushLifeCommonTest/ChainOfCommandTest/TestChainOfCommandFailsNullContext/TestChainOfCommandFailsNullContext([{AU.Com.BushLife.Patterns.ChainOfCommandTest+Command3: }, {AU.Com.BushLife.Patterns.ChainOfCommandTest+Command1: }], 1)" computerName="MONARCH3" startTime="2014-03-09T10:37:04.7607422+11:00" endTime="2014-03-09T10:37:04.7763672+11:00" testType="f3589083-259c-4054-87f7-75cdad4b08e5" outcome="Passed" testListId="8c84fa94-04c1-424b-9868-57a2d4851a1d" relativeResultsDirectory="212f8b10-95d3-4d58-a0bc-5378a358ae07" />
        <GallioTestResult executionId="212f8b10-95d3-4d58-a0bc-5378a358ae07" testId="63303935-3233-6639-3231-663064366362" testName="BushLifeCommonTest/ChainOfCommandTest/TestChainOfCommandFailsNullContext/TestChainOfCommandFailsNullContext([{AU.Com.BushLife.Patterns.ChainOfCommandTest+Command1: }, {AU.Com.BushLife.Patterns.ChainOfCommandTest+Command2: }, {AU.Com.BushLife.Patterns.ChainOfCommandTest+Command3: }], 3)" computerName="MONARCH3" startTime="2014-03-09T10:37:04.7763672+11:00" endTime="2014-03-09T10:37:04.7763672+11:00" testType="f3589083-259c-4054-87f7-75cdad4b08e5" outcome="Passed" testListId="8c84fa94-04c1-424b-9868-57a2d4851a1d" relativeResultsDirectory="212f8b10-95d3-4d58-a0bc-5378a358ae07" />
        <GallioTestResult executionId="212f8b10-95d3-4d58-a0bc-5378a358ae07" testId="63303935-3233-6639-3231-663064366362" testName="BushLifeCommonTest/ChainOfCommandTest/TestChainOfCommandFailsNullContext/TestChainOfCommandFailsNullContext([{AU.Com.BushLife.Patterns.ChainOfCommandTest+Command1: }, {AU.Com.BushLife.Patterns.ChainOfCommandTest+Command2: }, {AU.Com.BushLife.Patterns.ChainOfCommandTest+Command3: }, {AU.Com.BushLife.Patterns.ChainOfCommandTest+Command1: }], 3)" computerName="MONARCH3" startTime="2014-03-09T10:37:04.7763672+11:00" endTime="2014-03-09T10:37:04.7763672+11:00" testType="f3589083-259c-4054-87f7-75cdad4b08e5" outcome="Passed" testListId="8c84fa94-04c1-424b-9868-57a2d4851a1d" relativeResultsDirectory="212f8b10-95d3-4d58-a0bc-5378a358ae07" />
      </InnerResults>
    </GallioTestResult>
    <GallioTestResult executionId="e6e224ac-b570-4324-8fc9-592d367e1134" testId="63623037-3635-6237-6435-343666373965" testName="OverlapTest" computerName="MONARCH3" duration="00:00:00.0320000" startTime="2014-03-09T10:37:09.7607422+11:00" endTime="2014-03-09T10:37:09.8232422+11:00" testType="f3589083-259c-4054-87f7-75cdad4b08e5" outcome="Passed" testListId="8c84fa94-04c1-424b-9868-57a2d4851a1d" relativeResultsDirectory="e6e224ac-b570-4324-8fc9-592d367e1134">
      <Counters error="0" failed="0" timeout="0" aborted="0" inconclusive="0" passedButRunAborted="0" notRunnable="0" notExecuted="0" disconnected="0" warning="0" passed="13" completed="0" inProgress="0" pending="0" />
      <InnerResults>
        <GallioTestResult executionId="e6e224ac-b570-4324-8fc9-592d367e1134" testId="63623037-3635-6237-6435-343666373965" testName="BushLifeCommonTest/LineTest/OverlapTest/OverlapTest({Line2D [[0,0]-[0,10]] {10} [(0),(10)]}, {Line2D [[0,0]-[10,0]] {10} [(10),(0)]}, {AU.Com.BushLife.Spatial.TwoD.EmptyLocus`1[System.Int32]: })" computerName="MONARCH3" startTime="2014-03-09T10:37:09.7763672+11:00" endTime="2014-03-09T10:37:09.7763672+11:00" testType="f3589083-259c-4054-87f7-75cdad4b08e5" outcome="Passed" testListId="8c84fa94-04c1-424b-9868-57a2d4851a1d" relativeResultsDirectory="e6e224ac-b570-4324-8fc9-592d367e1134" />
        <GallioTestResult executionId="e6e224ac-b570-4324-8fc9-592d367e1134" testId="63623037-3635-6237-6435-343666373965" testName="BushLifeCommonTest/LineTest/OverlapTest/OverlapTest({Line2D [[0,0]-[10,0]] {10} [(10),(0)]}, {Line2D [[0,0]-[0,10]] {10} [(0),(10)]}, {AU.Com.BushLife.Spatial.TwoD.EmptyLocus`1[System.Int32]: })" computerName="MONARCH3" startTime="2014-03-09T10:37:09.7763672+11:00" endTime="2014-03-09T10:37:09.7763672+11:00" testType="f3589083-259c-4054-87f7-75cdad4b08e5" outcome="Passed" testListId="8c84fa94-04c1-424b-9868-57a2d4851a1d" relativeResultsDirectory="e6e224ac-b570-4324-8fc9-592d367e1134" />
        <GallioTestResult executionId="e6e224ac-b570-4324-8fc9-592d367e1134" testId="63623037-3635-6237-6435-343666373965" testName="BushLifeCommonTest/LineTest/OverlapTest/OverlapTest({Line2D [[10,0]-[0,0]] {10} [(10),(0)]}, {Line2D [[0,10]-[0,0]] {10} [(0),(10)]}, {AU.Com.BushLife.Spatial.TwoD.EmptyLocus`1[System.Int32]: })" computerName="MONARCH3" startTime="2014-03-09T10:37:09.7763672+11:00" endTime="2014-03-09T10:37:09.7763672+11:00" testType="f3589083-259c-4054-87f7-75cdad4b08e5" outcome="Passed" testListId="8c84fa94-04c1-424b-9868-57a2d4851a1d" relativeResultsDirectory="e6e224ac-b570-4324-8fc9-592d367e1134" />
        <GallioTestResult executionId="e6e224ac-b570-4324-8fc9-592d367e1134" testId="63623037-3635-6237-6435-343666373965" testName="BushLifeCommonTest/LineTest/OverlapTest/OverlapTest({Line2D [[0,10]-[0,0]] {10} [(0),(10)]}, {Line2D [[10,0]-[0,0]] {10} [(10),(0)]}, {AU.Com.BushLife.Spatial.TwoD.EmptyLocus`1[System.Int32]: })" computerName="MONARCH3" startTime="2014-03-09T10:37:09.7763672+11:00" endTime="2014-03-09T10:37:09.7919922+11:00" testType="f3589083-259c-4054-87f7-75cdad4b08e5" outcome="Passed" testListId="8c84fa94-04c1-424b-9868-57a2d4851a1d" relativeResultsDirectory="e6e224ac-b570-4324-8fc9-592d367e1134" />
        <GallioTestResult executionId="e6e224ac-b570-4324-8fc9-592d367e1134" testId="63623037-3635-6237-6435-343666373965" testName="BushLifeCommonTest/LineTest/OverlapTest/OverlapTest({Line2D [[0,10]-[0,10]] {0} [(0),(0)]}, {Line2D [[10,0]-[10,0]] {0} [(0),(0)]}, {AU.Com.BushLife.Spatial.TwoD.EmptyLocus`1[System.Int32]: })" computerName="MONARCH3" duration="00:00:00.0020000" startTime="2014-03-09T10:37:09.7919922+11:00" endTime="2014-03-09T10:37:09.7919922+11:00" testType="f3589083-259c-4054-87f7-75cdad4b08e5" outcome="Passed" testListId="8c84fa94-04c1-424b-9868-57a2d4851a1d" relativeResultsDirectory="e6e224ac-b570-4324-8fc9-592d367e1134" />
        <GallioTestResult executionId="e6e224ac-b570-4324-8fc9-592d367e1134" testId="63623037-3635-6237-6435-343666373965" testName="BushLifeCommonTest/LineTest/OverlapTest/OverlapTest({Line2D [[0,10]-[10,0]] {14} [(10),(10)]}, {Line2D [[10,0]-[0,10]] {14} [(10),(10)]}, {AU.Com.BushLife.Spatial.TwoD.LineSegmentLocus`1[System.Int32]: Segments = [{Line2D [[0,10]-[10,0]] {14} [(10),(10)]}]})" computerName="MONARCH3" startTime="2014-03-09T10:37:09.7919922+11:00" endTime="2014-03-09T10:37:09.7919922+11:00" testType="f3589083-259c-4054-87f7-75cdad4b08e5" outcome="Passed" testListId="8c84fa94-04c1-424b-9868-57a2d4851a1d" relativeResultsDirectory="e6e224ac-b570-4324-8fc9-592d367e1134" />
        <GallioTestResult executionId="e6e224ac-b570-4324-8fc9-592d367e1134" testId="63623037-3635-6237-6435-343666373965" testName="BushLifeCommonTest/LineTest/OverlapTest/OverlapTest({Line2D [[0,10]-[10,10]] {10} [(10),(0)]}, {Line2D [[10,0]-[10,10]] {10} [(0),(10)]}, {AU.Com.BushLife.Spatial.TwoD.EmptyLocus`1[System.Int32]: })" computerName="MONARCH3" startTime="2014-03-09T10:37:09.7919922+11:00" endTime="2014-03-09T10:37:09.7919922+11:00" testType="f3589083-259c-4054-87f7-75cdad4b08e5" outcome="Passed" testListId="8c84fa94-04c1-424b-9868-57a2d4851a1d" relativeResultsDirectory="e6e224ac-b570-4324-8fc9-592d367e1134" />
        <GallioTestResult executionId="e6e224ac-b570-4324-8fc9-592d367e1134" testId="63623037-3635-6237-6435-343666373965" testName="BushLifeCommonTest/LineTest/OverlapTest/OverlapTest({Line2D [[10,10]-[0,0]] {14} [(10),(10)]}, {Line2D [[0,0]-[10,10]] {14} [(10),(10)]}, {AU.Com.BushLife.Spatial.TwoD.LineSegmentLocus`1[System.Int32]: Segments = [{Line2D [[0,0]-[10,10]] {14} [(10),(10)]}]})" computerName="MONARCH3" startTime="2014-03-09T10:37:09.7919922+11:00" endTime="2014-03-09T10:37:09.8076172+11:00" testType="f3589083-259c-4054-87f7-75cdad4b08e5" outcome="Passed" testListId="8c84fa94-04c1-424b-9868-57a2d4851a1d" relativeResultsDirectory="e6e224ac-b570-4324-8fc9-592d367e1134" />
        <GallioTestResult executionId="e6e224ac-b570-4324-8fc9-592d367e1134" testId="63623037-3635-6237-6435-343666373965" testName="BushLifeCommonTest/LineTest/OverlapTest/OverlapTest({Line2D [[5,5]-[7,7]] {2} [(2),(2)]}, {Line2D [[0,0]-[10,10]] {14} [(10),(10)]}, {AU.Com.BushLife.Spatial.TwoD.LineSegmentLocus`1[System.Int32]: Segments = [{Line2D [[5,5]-[7,7]] {2} [(2),(2)]}]})" computerName="MONARCH3" startTime="2014-03-09T10:37:09.8076172+11:00" endTime="2014-03-09T10:37:09.8076172+11:00" testType="f3589083-259c-4054-87f7-75cdad4b08e5" outcome="Passed" testListId="8c84fa94-04c1-424b-9868-57a2d4851a1d" relativeResultsDirectory="e6e224ac-b570-4324-8fc9-592d367e1134" />
        <GallioTestResult executionId="e6e224ac-b570-4324-8fc9-592d367e1134" testId="63623037-3635-6237-6435-343666373965" testName="BushLifeCommonTest/LineTest/OverlapTest/OverlapTest({Line2D [[0,0]-[10,10]] {14} [(10),(10)]}, {Line2D [[5,5]-[7,7]] {2} [(2),(2)]}, {AU.Com.BushLife.Spatial.TwoD.LineSegmentLocus`1[System.Int32]: Segments = [{Line2D [[5,5]-[7,7]] {2} [(2),(2)]}]})" computerName="MONARCH3" startTime="2014-03-09T10:37:09.8076172+11:00" endTime="2014-03-09T10:37:09.8076172+11:00" testType="f3589083-259c-4054-87f7-75cdad4b08e5" outcome="Passed" testListId="8c84fa94-04c1-424b-9868-57a2d4851a1d" relativeResultsDirectory="e6e224ac-b570-4324-8fc9-592d367e1134" />
        <GallioTestResult executionId="e6e224ac-b570-4324-8fc9-592d367e1134" testId="63623037-3635-6237-6435-343666373965" testName="BushLifeCommonTest/LineTest/OverlapTest/OverlapTest({Line2D [[22934,-5857]-[22934,-751]] {5106} [(0),(5106)]}, {Line2D [[22934,4229]-[22934,4799]] {570} [(0),(570)]}, {AU.Com.BushLife.Spatial.TwoD.EmptyLocus`1[System.Int32]: })" computerName="MONARCH3" startTime="2014-03-09T10:37:09.8076172+11:00" endTime="2014-03-09T10:37:09.8232422+11:00" testType="f3589083-259c-4054-87f7-75cdad4b08e5" outcome="Passed" testListId="8c84fa94-04c1-424b-9868-57a2d4851a1d" relativeResultsDirectory="e6e224ac-b570-4324-8fc9-592d367e1134" />
        <GallioTestResult executionId="e6e224ac-b570-4324-8fc9-592d367e1134" testId="63623037-3635-6237-6435-343666373965" testName="BushLifeCommonTest/LineTest/OverlapTest/OverlapTest({Line2D [[22934,-5857]-[22934,-751]] {5106} [(0),(5106)]}, {Line2D [[22934,-5650]-[22934,-751]] {4899} [(0),(4899)]}, {AU.Com.BushLife.Spatial.TwoD.LineSegmentLocus`1[System.Int32]: Segments = [{Line2D [[22934,-5650]-[22934,-751]] {4899} [(0),(4899)]}]})" computerName="MONARCH3" startTime="2014-03-09T10:37:09.8232422+11:00" endTime="2014-03-09T10:37:09.8232422+11:00" testType="f3589083-259c-4054-87f7-75cdad4b08e5" outcome="Passed" testListId="8c84fa94-04c1-424b-9868-57a2d4851a1d" relativeResultsDirectory="e6e224ac-b570-4324-8fc9-592d367e1134" />
        <GallioTestResult executionId="e6e224ac-b570-4324-8fc9-592d367e1134" testId="63623037-3635-6237-6435-343666373965" testName="BushLifeCommonTest/LineTest/OverlapTest/OverlapTest({Line2D [[200,9069]-[4432,9069]] {4232} [(4232),(0)]}, {Line2D [[-1228,9069]-[350,9069]] {1578} [(1578),(0)]}, {AU.Com.BushLife.Spatial.TwoD.LineSegmentLocus`1[System.Int32]: Segments = [{Line2D [[200,9069]-[350,9069]] {150} [(150),(0)]}]})" computerName="MONARCH3" startTime="2014-03-09T10:37:09.8232422+11:00" endTime="2014-03-09T10:37:09.8232422+11:00" testType="f3589083-259c-4054-87f7-75cdad4b08e5" outcome="Passed" testListId="8c84fa94-04c1-424b-9868-57a2d4851a1d" relativeResultsDirectory="e6e224ac-b570-4324-8fc9-592d367e1134" />
      </InnerResults>
    </GallioTestResult>
    <GallioTestResult executionId="e79147bb-4a0c-4e87-bdbe-18d749547991" testId="63623931-3635-3762-3834-633536663738" testName="EqualsTest" computerName="MONARCH3" duration="00:00:00.0260000" startTime="2014-03-09T10:37:09.2919922+11:00" endTime="2014-03-09T10:37:09.3388672+11:00" testType="f3589083-259c-4054-87f7-75cdad4b08e5" outcome="Passed" testListId="8c84fa94-04c1-424b-9868-57a2d4851a1d" relativeResultsDirectory="e79147bb-4a0c-4e87-bdbe-18d749547991">
      <Counters error="0" failed="0" timeout="0" aborted="0" inconclusive="0" passedButRunAborted="0" notRunnable="0" notExecuted="0" disconnected="0" warning="0" passed="8" completed="0" inProgress="0" pending="0" />
      <InnerResults>
        <GallioTestResult executionId="e79147bb-4a0c-4e87-bdbe-18d749547991" testId="63623931-3635-3762-3834-633536663738" testName="BushLifeCommonTest/LineTest/EqualsTest/EqualsTest({Line2D [[10,10]-[10,10]] {0} [(0),(0)]}, {Line2D [[10,10]-[10,10]] {0} [(0),(0)]}, true)" computerName="MONARCH3" startTime="2014-03-09T10:37:09.2919922+11:00" endTime="2014-03-09T10:37:09.2919922+11:00" testType="f3589083-259c-4054-87f7-75cdad4b08e5" outcome="Passed" testListId="8c84fa94-04c1-424b-9868-57a2d4851a1d" relativeResultsDirectory="e79147bb-4a0c-4e87-bdbe-18d749547991" />
        <GallioTestResult executionId="e79147bb-4a0c-4e87-bdbe-18d749547991" testId="63623931-3635-3762-3834-633536663738" testName="BushLifeCommonTest/LineTest/EqualsTest/EqualsTest({Line2D [[10,101]-[10,10]] {91} [(0),(91)]}, {Line2D [[10,101]-[10,10]] {91} [(0),(91)]}, true)" computerName="MONARCH3" startTime="2014-03-09T10:37:09.2919922+11:00" endTime="2014-03-09T10:37:09.3076172+11:00" testType="f3589083-259c-4054-87f7-75cdad4b08e5" outcome="Passed" testListId="8c84fa94-04c1-424b-9868-57a2d4851a1d" relativeResultsDirectory="e79147bb-4a0c-4e87-bdbe-18d749547991" />
        <GallioTestResult executionId="e79147bb-4a0c-4e87-bdbe-18d749547991" testId="63623931-3635-3762-3834-633536663738" testName="BushLifeCommonTest/LineTest/EqualsTest/EqualsTest({Line2D [[10,101]-[10,10]] {91} [(0),(91)]}, {Line2D [[10,10]-[10,101]] {91} [(0),(91)]}, true)" computerName="MONARCH3" startTime="2014-03-09T10:37:09.3076172+11:00" endTime="2014-03-09T10:37:09.3076172+11:00" testType="f3589083-259c-4054-87f7-75cdad4b08e5" outcome="Passed" testListId="8c84fa94-04c1-424b-9868-57a2d4851a1d" relativeResultsDirectory="e79147bb-4a0c-4e87-bdbe-18d749547991" />
        <GallioTestResult executionId="e79147bb-4a0c-4e87-bdbe-18d749547991" testId="63623931-3635-3762-3834-633536663738" testName="BushLifeCommonTest/LineTest/EqualsTest/EqualsTest({Line2D [[5,10]-[10,10]] {5} [(5),(0)]}, {Line2D [[5,10]-[10,10]] {5} [(5),(0)]}, true)" computerName="MONARCH3" startTime="2014-03-09T10:37:09.3076172+11:00" endTime="2014-03-09T10:37:09.3076172+11:00" testType="f3589083-259c-4054-87f7-75cdad4b08e5" outcome="Passed" testListId="8c84fa94-04c1-424b-9868-57a2d4851a1d" relativeResultsDirectory="e79147bb-4a0c-4e87-bdbe-18d749547991" />
        <GallioTestResult executionId="e79147bb-4a0c-4e87-bdbe-18d749547991" testId="63623931-3635-3762-3834-633536663738" testName="BushLifeCommonTest/LineTest/EqualsTest/EqualsTest({Line2D [[5,10]-[10,10]] {5} [(5),(0)]}, {Line2D [[10,10]-[5,10]] {5} [(5),(0)]}, true)" computerName="MONARCH3" startTime="2014-03-09T10:37:09.3232422+11:00" endTime="2014-03-09T10:37:09.3232422+11:00" testType="f3589083-259c-4054-87f7-75cdad4b08e5" outcome="Passed" testListId="8c84fa94-04c1-424b-9868-57a2d4851a1d" relativeResultsDirectory="e79147bb-4a0c-4e87-bdbe-18d749547991" />
        <GallioTestResult executionId="e79147bb-4a0c-4e87-bdbe-18d749547991" testId="63623931-3635-3762-3834-633536663738" testName="BushLifeCommonTest/LineTest/EqualsTest/EqualsTest({Line2D [[5,6]-[7,8]] {2} [(2),(2)]}, {Line2D [[10,10]-[10,10]] {0} [(0),(0)]}, false)" computerName="MONARCH3" startTime="2014-03-09T10:37:09.3232422+11:00" endTime="2014-03-09T10:37:09.3232422+11:00" testType="f3589083-259c-4054-87f7-75cdad4b08e5" outcome="Passed" testListId="8c84fa94-04c1-424b-9868-57a2d4851a1d" relativeResultsDirectory="e79147bb-4a0c-4e87-bdbe-18d749547991" />
        <GallioTestResult executionId="e79147bb-4a0c-4e87-bdbe-18d749547991" testId="63623931-3635-3762-3834-633536663738" testName="BushLifeCommonTest/LineTest/EqualsTest/EqualsTest({Line2D [[200,125]-[-10,10]] {239} [(210),(115)]}, {Line2D [[-10,10]-[200,125]] {239} [(210),(115)]}, true)" computerName="MONARCH3" startTime="2014-03-09T10:37:09.3232422+11:00" endTime="2014-03-09T10:37:09.3388672+11:00" testType="f3589083-259c-4054-87f7-75cdad4b08e5" outcome="Passed" testListId="8c84fa94-04c1-424b-9868-57a2d4851a1d" relativeResultsDirectory="e79147bb-4a0c-4e87-bdbe-18d749547991" />
        <GallioTestResult executionId="e79147bb-4a0c-4e87-bdbe-18d749547991" testId="63623931-3635-3762-3834-633536663738" testName="BushLifeCommonTest/LineTest/EqualsTest/EqualsTest({Line2D [[200,125]-[-10,10]] {239} [(210),(115)]}, {Line2D [[-10,-10]-[200,125]] {249} [(210),(135)]}, false)" computerName="MONARCH3" startTime="2014-03-09T10:37:09.3388672+11:00" endTime="2014-03-09T10:37:09.3388672+11:00" testType="f3589083-259c-4054-87f7-75cdad4b08e5" outcome="Passed" testListId="8c84fa94-04c1-424b-9868-57a2d4851a1d" relativeResultsDirectory="e79147bb-4a0c-4e87-bdbe-18d749547991" />
      </InnerResults>
    </GallioTestResult>
    <GallioTestResult executionId="fe39a094-722f-405f-8439-e31c0b28d9ab" testId="63633735-3638-6365-3037-623333346537" testName="ExitNullArgumentNullTest" computerName="MONARCH3" duration="00:00:00.0020000" startTime="2014-03-09T10:37:07.2763672+11:00" endTime="2014-03-09T10:37:07.2919922+11:00" testType="f3589083-259c-4054-87f7-75cdad4b08e5" outcome="Passed" testListId="8c84fa94-04c1-424b-9868-57a2d4851a1d" relativeResultsDirectory="fe39a094-722f-405f-8439-e31c0b28d9ab">
    </GallioTestResult>
    <GallioTestResult executionId="55444fc0-76c7-45ab-9d99-0112b151f014" testId="64383037-6337-6264-6366-396465343664" testName="ConvertTest" computerName="MONARCH3" duration="00:00:02.6230000" startTime="2014-03-09T10:37:05.1044922+11:00" endTime="2014-03-09T10:37:07.2294922+11:00" testType="f3589083-259c-4054-87f7-75cdad4b08e5" outcome="Passed" testListId="8c84fa94-04c1-424b-9868-57a2d4851a1d" relativeResultsDirectory="55444fc0-76c7-45ab-9d99-0112b151f014">
    </GallioTestResult>
    <GallioTestResult executionId="f0974271-d3dd-44a4-a3ba-d668c94d41a0" testId="64633939-6666-6434-3134-666436393738" testName="AntColonyPathAntTest" computerName="MONARCH3" duration="00:00:12.6406250" startTime="2014-03-09T10:36:58.9638672+11:00" endTime="2014-03-09T10:37:11.6044922+11:00" testType="f3589083-259c-4054-87f7-75cdad4b08e5" outcome="Aborted" testListId="8c84fa94-04c1-424b-9868-57a2d4851a1d" relativeResultsDirectory="f0974271-d3dd-44a4-a3ba-d668c94d41a0">
    </GallioTestResult>
    <GallioTestResult executionId="547d890e-99e8-4751-b297-1490ee9449e9" testId="65343538-3165-3164-3932-636465613563" testName="CloneTest" computerName="MONARCH3" duration="00:00:00.0480000" startTime="2014-03-09T10:37:09.1044922+11:00" endTime="2014-03-09T10:37:09.1044922+11:00" testType="f3589083-259c-4054-87f7-75cdad4b08e5" outcome="Passed" testListId="8c84fa94-04c1-424b-9868-57a2d4851a1d" relativeResultsDirectory="547d890e-99e8-4751-b297-1490ee9449e9">
    </GallioTestResult>
    <GallioTestResult executionId="11138672-9ee0-46a5-903b-6bc7eac47bb3" testId="65366332-3862-3866-3063-356261303232" testName="ExitNullArgumentValidLevel3Test" computerName="MONARCH3" duration="00:00:00.0070000" startTime="2014-03-09T10:37:07.3388672+11:00" endTime="2014-03-09T10:37:07.3388672+11:00" testType="f3589083-259c-4054-87f7-75cdad4b08e5" outcome="Passed" testListId="8c84fa94-04c1-424b-9868-57a2d4851a1d" relativeResultsDirectory="11138672-9ee0-46a5-903b-6bc7eac47bb3">
    </GallioTestResult>
    <GallioTestResult executionId="54ba840f-2086-41db-bc68-7d072c98320c" testId="65623563-3364-3361-3738-306366623331" testName="InvalidAspectExceptionRequiredTest" computerName="MONARCH3" duration="00:00:00.0330000" startTime="2014-03-09T10:37:07.9638672+11:00" endTime="2014-03-09T10:37:07.9638672+11:00" testType="f3589083-259c-4054-87f7-75cdad4b08e5" outcome="Passed" testListId="8c84fa94-04c1-424b-9868-57a2d4851a1d" relativeResultsDirectory="54ba840f-2086-41db-bc68-7d072c98320c">
    </GallioTestResult>
    <GallioTestResult executionId="648f9fd4-9093-45be-8a76-cc5e9af2a2c7" testId="65623566-3663-3362-3038-396563646337" testName="InvalidAspectExceptionControlTest" computerName="MONARCH3" duration="00:00:00.0310000" startTime="2014-03-09T10:37:07.9013672+11:00" endTime="2014-03-09T10:37:07.9013672+11:00" testType="f3589083-259c-4054-87f7-75cdad4b08e5" outcome="Passed" testListId="8c84fa94-04c1-424b-9868-57a2d4851a1d" relativeResultsDirectory="648f9fd4-9093-45be-8a76-cc5e9af2a2c7">
    </GallioTestResult>
    <GallioTestResult executionId="8d2c34fc-4614-42b0-abc9-950988a0e341" testId="66303034-6463-3064-3861-346536336437" testName="EntryNullArgumentAspectNullTest" computerName="MONARCH3" duration="00:00:00.1050000" startTime="2014-03-09T10:37:05.0263672+11:00" endTime="2014-03-09T10:37:05.0419922+11:00" testType="f3589083-259c-4054-87f7-75cdad4b08e5" outcome="Passed" testListId="8c84fa94-04c1-424b-9868-57a2d4851a1d" relativeResultsDirectory="8d2c34fc-4614-42b0-abc9-950988a0e341">
    </GallioTestResult>
    <UnitTestResult executionId="77c4ff39-a4e0-478d-98ce-fccf2edd0109" testId="d38578b8-d835-a7c9-062a-af6c27e1a106" testName="Log4NetAspectTest1" computerName="MONARCH3" duration="00:00:00.1595490" startTime="2014-03-09T10:37:11.2451172+11:00" endTime="2014-03-09T10:37:11.4169922+11:00" testType="13cdc9d9-ddb5-4fa4-a97d-d965ccfc6d4b" outcome="Passed" testListId="8c84fa94-04c1-424b-9868-57a2d4851a1d" relativeResultsDirectory="77c4ff39-a4e0-478d-98ce-fccf2edd0109">
      <Output>
        <StdOut>log4net: configuring repository [log4net-default-repository] using file [C:\bl_cs_common\trunk\BushLifeCommon\TestResults\Frank Adcock_MONARCH3 2014-03-09 10_36_42\Out\log4net.config]
log4net: configuring repository [log4net-default-repository] using stream
log4net: loading XML configuration
log4net: Configuring Repository [log4net-default-repository]
log4net: Configuration update mode [Merge].
log4net: Logger [root] Level string is [DEBUG].
log4net: Logger [root] level set to [name="DEBUG",value=30000].
log4net: Loading Appender [LogFileAppender] type: [log4net.Appender.RollingFileAppender]
log4net: Parameter [file] specified subtype [log4net.Util.PatternString]
log4net: Converter [property] Option [LogFileName] Format [min=-1,max=2147483647,leftAlign=False]
log4net: Performing additional conversion of value from [PatternString] to [String]
log4net: Setting Property [File] to String value [C:\Users\Frank Adcock\AppData\Local\MyFirstLogFile.log]
log4net: Setting Property [LockingModel] to object [log4net.Appender.FileAppender+MinimalLock]
log4net: Setting Property [AppendToFile] to Boolean value [True]
log4net: Setting Property [RollingStyle] to RollingMode value [Size]
log4net: Setting Property [MaxSizeRollBackups] to Int32 value [2]
log4net: Setting Property [MaximumFileSize] to String value [1MB]
log4net: Setting Property [StaticLogFileName] to Boolean value [True]
log4net: Converter [message] Option [] Format [min=-1,max=2147483647,leftAlign=False]
log4net: Converter [newline] Option [] Format [min=-1,max=2147483647,leftAlign=False]
log4net: Setting Property [ConversionPattern] to String value [%d [%t] %-5p %c %m%n]
log4net: Converter [d] Option [] Format [min=-1,max=2147483647,leftAlign=False]
log4net: Converter [literal] Option [ [] Format [min=-1,max=2147483647,leftAlign=False]
log4net: Converter [t] Option [] Format [min=-1,max=2147483647,leftAlign=False]
log4net: Converter [literal] Option [] ] Format [min=-1,max=2147483647,leftAlign=False]
log4net: Converter [p] Option [] Format [min=5,max=2147483647,leftAlign=True]
log4net: Converter [literal] Option [ ] Format [min=-1,max=2147483647,leftAlign=False]
log4net: Converter [c] Option [] Format [min=-1,max=2147483647,leftAlign=False]
log4net: Converter [literal] Option [ ] Format [min=-1,max=2147483647,leftAlign=False]
log4net: Converter [m] Option [] Format [min=-1,max=2147483647,leftAlign=False]
log4net: Converter [n] Option [] Format [min=-1,max=2147483647,leftAlign=False]
log4net: Setting Property [Layout] to object [log4net.Layout.PatternLayout]
log4net: Searched for existing files in [C:\Users\Frank Adcock\AppData\Local]
log4net: curSizeRollBackups starts at [0]
log4net: Opening file for writing [C:\Users\Frank Adcock\AppData\Local\MyFirstLogFile.log] append [True]
log4net: reated Appender [LogFileAppender]
log4net: Adding appender named [LogFileAppender] to logger [root].
log4net: Hierarchy Threshold []</StdOut>
        <DebugTrace>log4net: configuring repository [log4net-default-repository] using file [C:\bl_cs_common\trunk\BushLifeCommon\TestResults\Frank Adcock_MONARCH3 2014-03-09 10_36_42\Out\log4net.config]
log4net: configuring repository [log4net-default-repository] using stream
log4net: loading XML configuration
log4net: Configuring Repository [log4net-default-repository]
log4net: Configuration update mode [Merge].
log4net: Logger [root] Level string is [DEBUG].
log4net: Logger [root] level set to [name="DEBUG",value=30000].
log4net: Loading Appender [LogFileAppender] type: [log4net.Appender.RollingFileAppender]
log4net: Parameter [file] specified subtype [log4net.Util.PatternString]
log4net: Converter [property] Option [LogFileName] Format [min=-1,max=2147483647,leftAlign=False]
log4net: Performing additional conversion of value from [PatternString] to [String]
log4net: Setting Property [File] to String value [C:\Users\Frank Adcock\AppData\Local\MyFirstLogFile.log]
log4net: Setting Property [LockingModel] to object [log4net.Appender.FileAppender+MinimalLock]
log4net: Setting Property [AppendToFile] to Boolean value [True]
log4net: Setting Property [RollingStyle] to RollingMode value [Size]
log4net: Setting Property [MaxSizeRollBackups] to Int32 value [2]
log4net: Setting Property [MaximumFileSize] to String value [1MB]
log4net: Setting Property [StaticLogFileName] to Boolean value [True]
log4net: Converter [message] Option [] Format [min=-1,max=2147483647,leftAlign=False]
log4net: Converter [newline] Option [] Format [min=-1,max=2147483647,leftAlign=False]
log4net: Setting Property [ConversionPattern] to String value [%d [%t] %-5p %c %m%n]
log4net: Converter [d] Option [] Format [min=-1,max=2147483647,leftAlign=False]
log4net: Converter [literal] Option [ [] Format [min=-1,max=2147483647,leftAlign=False]
log4net: Converter [t] Option [] Format [min=-1,max=2147483647,leftAlign=False]
log4net: Converter [literal] Option [] ] Format [min=-1,max=2147483647,leftAlign=False]
log4net: Converter [p] Option [] Format [min=5,max=2147483647,leftAlign=True]
log4net: Converter [literal] Option [ ] Format [min=-1,max=2147483647,leftAlign=False]
log4net: Converter [c] Option [] Format [min=-1,max=2147483647,leftAlign=False]
log4net: Converter [literal] Option [ ] Format [min=-1,max=2147483647,leftAlign=False]
log4net: Converter [m] Option [] Format [min=-1,max=2147483647,leftAlign=False]
log4net: Converter [n] Option [] Format [min=-1,max=2147483647,leftAlign=False]
log4net: Setting Property [Layout] to object [log4net.Layout.PatternLayout]
log4net: Searched for existing files in [C:\Users\Frank Adcock\AppData\Local]
log4net: curSizeRollBackups starts at [0]
log4net: Opening file for writing [C:\Users\Frank Adcock\AppData\Local\MyFirstLogFile.log] append [True]
log4net: reated Appender [LogFileAppender]
log4net: Adding appender named [LogFileAppender] to logger [root].
log4net: Hierarchy Threshold []
</DebugTrace>
      </Output>
    </UnitTestResult>
  </Results>
</TestRun>